#
# A fatal error has been detected by the Java Runtime Environment:
#
#  EXCEPTION_ACCESS_VIOLATION (0xc0000005) at pc=0x000000007631227e, pid=2560, tid=0x0000000000001798
#
# JRE version: Java(TM) SE Runtime Environment (8.0_261-b12) (build 1.8.0_261-b12)
# Java VM: Java HotSpot(TM) 64-Bit Server VM (25.261-b12 mixed mode windows-amd64 compressed oops)
# Problematic frame:
# V  [jvm.dll+0x14227e]
#
# Failed to write core dump. Minidumps are not enabled by default on client versions of Windows
#
# If you would like to submit a bug report, please visit:
#   http://bugreport.java.com/bugreport/crash.jsp
#

---------------  T H R E A D  ---------------

Current thread (0x0000013d3e0b8800):  JavaThread "*** Profiler Agent Communication Thread" daemon [_thread_in_vm, id=6040, stack(0x0000003399e00000,0x0000003399f00000)]

siginfo: ExceptionCode=0xc0000005, reading address 0x000000003f802198

Registers:
RAX=0x0000003399efee01, RBX=0x0000013d3e0b8800, RCX=0x000000003f802198, RDX=0x0000013d3e0b8800
RSP=0x0000003399efedf0, RBP=0x000000003f802198, RSI=0x0000013d25edb950, RDI=0x0000003399efef10
R8 =0x0000003399efef10, R9 =0x000000003f802198, R10=0x0000000000000000, R11=0x0000013d4077e900
R12=0x0000013d40783f50, R13=0x0000000000000024, R14=0x00007ffef2559c68, R15=0x00007ffef2559a60
RIP=0x000000007631227e, EFLAGS=0x0000000000010202

Top of Stack: (sp=0x0000003399efedf0)
0x0000003399efedf0:   0000003399efef00 000000007633cae3
0x0000003399efee00:   0000013d3e0b8800 0000003399efefb8
0x0000003399efee10:   0000013d3e0b8800 000000007651bd1d
0x0000003399efee20:   00000000000005a0 0000013d3e0b8800
0x0000003399efee30:   0000013d3e0b89f8 00007ffef75b9d40
0x0000003399efee40:   0000013d3e0b8800 0000000000000000
0x0000003399efee50:   0000013d00000000 0000000000000000
0x0000003399efee60:   000000003f802198 00007ffef25534da
0x0000003399efee70:   0000000000000000 0000013d3e0b89f8
0x0000003399efee80:   0000000000002100 0000000000000039
0x0000003399efee90:   0000013d40783f50 0000013d3ca1c400
0x0000003399efeea0:   0000013d3baa7850 0000013d3e0b8800
0x0000003399efeeb0:   0000013d3baa7850 0000013d3e0b8800
0x0000003399efeec0:   0000000000800000 0000000000002100
0x0000003399efeed0:   0000013d3e0b8800 0000013d3baa7850
0x0000003399efeee0:   0000000000000000 0000000000800000 

Instructions: (pc=0x000000007631227e)
0x000000007631225e:   cc cc 48 89 11 c3 cc cc cc cc cc cc cc cc cc cc
0x000000007631226e:   cc cc 40 53 48 83 ec 20 4c 8b c9 48 85 c9 74 50
0x000000007631227e:   48 8b 19 48 85 db 74 48 48 8b 43 08 48 8b 50 08
0x000000007631228e:   48 8b 42 18 48 85 c0 74 37 48 8b 80 90 00 00 00 


Register to memory mapping:

RAX=0x0000003399efee01 is pointing into the stack for thread: 0x0000013d3e0b8800
RBX=0x0000013d3e0b8800 is a thread
RCX=0x000000003f802198 is an unknown value
RDX=0x0000013d3e0b8800 is a thread
RSP=0x0000003399efedf0 is pointing into the stack for thread: 0x0000013d3e0b8800
RBP=0x000000003f802198 is an unknown value
RSI=0x0000013d25edb950 is an unknown value
RDI=0x0000003399efef10 is pointing into the stack for thread: 0x0000013d3e0b8800
R8 =0x0000003399efef10 is pointing into the stack for thread: 0x0000013d3e0b8800
R9 =0x000000003f802198 is an unknown value
R10=0x0000000000000000 is an unknown value
R11=0x0000013d4077e900 is an unknown value
R12=0x0000013d40783f50 is an unknown value
R13=0x0000000000000024 is an unknown value
R14=0x00007ffef2559c68 is an unknown value
R15=0x00007ffef2559a60 is an unknown value


Stack: [0x0000003399e00000,0x0000003399f00000],  sp=0x0000003399efedf0,  free space=1019k
Native frames: (J=compiled Java code, j=interpreted, Vv=VM code, C=native code)
V  [jvm.dll+0x14227e]
V  [jvm.dll+0x34bd1d]
C  [profilerinterface.dll+0x34da]
C  0x0000013d277d9f4e

Java frames: (J=compiled Java code, j=interpreted, Vv=VM code)
j  org.netbeans.lib.profiler.server.system.Stacks.getMethodNamesForJMethodIds(I[I[I)[B+0
j  org.netbeans.lib.profiler.server.ProfilerInterface.getMethodNamesForJMethodIds([I)Lorg/netbeans/lib/profiler/wireprotocol/MethodNamesResponse;+20
j  org.netbeans.lib.profiler.server.ProfilerServer.handleClientCommand(Lorg/netbeans/lib/profiler/wireprotocol/Command;)V+691
j  org.netbeans.lib.profiler.server.ProfilerServer.listenToClient()V+48
j  org.netbeans.lib.profiler.server.ProfilerServer.run()V+22
v  ~StubRoutines::call_stub

---------------  P R O C E S S  ---------------

Java Threads: ( => current thread )
  0x0000013d3f940000 JavaThread "Image Fetcher 0" daemon [_thread_blocked, id=18872, stack(0x000000339b000000,0x000000339b100000)]
  0x0000013d3e1fa800 JavaThread "Abandoned connection cleanup thread" daemon [_thread_blocked, id=12324, stack(0x000000339ab00000,0x000000339ac00000)]
  0x0000013d3f76a800 JavaThread "TimerQueue" daemon [_thread_blocked, id=3880, stack(0x000000339af00000,0x000000339b000000)]
  0x0000013d25ee3800 JavaThread "DestroyJavaVM" [_thread_blocked, id=18336, stack(0x0000003399000000,0x0000003399100000)]
  0x0000013d3f303800 JavaThread "AWT-EventQueue-0" [_thread_blocked, id=20668, stack(0x000000339aa00000,0x000000339ab00000)]
  0x0000013d3e45c000 JavaThread "AWT-Windows" daemon [_thread_in_native, id=12924, stack(0x000000339a900000,0x000000339aa00000)]
  0x0000013d3e489800 JavaThread "AWT-Shutdown" [_thread_blocked, id=13800, stack(0x000000339a800000,0x000000339a900000)]
  0x0000013d3e488800 JavaThread "Java2D Disposer" daemon [_thread_blocked, id=1576, stack(0x000000339a700000,0x000000339a800000)]
  0x0000013d3e212000 JavaThread "Service Thread" daemon [_thread_blocked, id=12996, stack(0x000000339a500000,0x000000339a600000)]
  0x0000013d3e211000 JavaThread "C1 CompilerThread3" daemon [_thread_blocked, id=4680, stack(0x000000339a400000,0x000000339a500000)]
  0x0000013d3e221800 JavaThread "C2 CompilerThread2" daemon [_thread_blocked, id=21060, stack(0x000000339a300000,0x000000339a400000)]
  0x0000013d3e221000 JavaThread "C2 CompilerThread1" daemon [_thread_blocked, id=8444, stack(0x000000339a200000,0x000000339a300000)]
  0x0000013d3e220000 JavaThread "C2 CompilerThread0" daemon [_thread_blocked, id=14236, stack(0x000000339a100000,0x000000339a200000)]
  0x0000013d3e15c800 JavaThread "*** Profiler Agent Special Execution Thread 6" daemon [_thread_blocked, id=5164, stack(0x000000339a000000,0x000000339a100000)]
  0x0000013d3e15b800 JavaThread "*** JFluid Monitor thread ***" daemon [_thread_blocked, id=17632, stack(0x0000003399f00000,0x000000339a000000)]
=>0x0000013d3e0b8800 JavaThread "*** Profiler Agent Communication Thread" daemon [_thread_in_vm, id=6040, stack(0x0000003399e00000,0x0000003399f00000)]
  0x0000013d3ca08000 JavaThread "Attach Listener" daemon [_thread_blocked, id=14348, stack(0x0000003399d00000,0x0000003399e00000)]
  0x0000013d3ca07000 JavaThread "Signal Dispatcher" daemon [_thread_blocked, id=17700, stack(0x0000003399c00000,0x0000003399d00000)]
  0x0000013d3c9de000 JavaThread "Finalizer" daemon [_thread_blocked, id=21020, stack(0x0000003399b00000,0x0000003399c00000)]
  0x0000013d3bdee000 JavaThread "Reference Handler" daemon [_thread_blocked, id=1760, stack(0x0000003399a00000,0x0000003399b00000)]

Other Threads:
  0x0000013d3c9b5000 VMThread [stack: 0x0000003399900000,0x0000003399a00000] [id=2700]
  0x0000013d3e212800 WatcherThread [stack: 0x000000339a600000,0x000000339a700000] [id=13548]

VM state:not at safepoint (normal execution)

VM Mutex/Monitor currently owned by a thread: None

heap address: 0x0000000082800000, size: 2008 MB, Compressed Oops mode: 32-bit
Narrow klass base: 0x0000000000000000, Narrow klass shift: 3
Compressed class space size: 1073741824 Address: 0x0000000100000000

Heap:
 PSYoungGen      total 37888K, used 34678K [0x00000000d6300000, 0x00000000d8d00000, 0x0000000100000000)
  eden space 32768K, 92% used [0x00000000d6300000,0x00000000d8078850,0x00000000d8300000)
  from space 5120K, 87% used [0x00000000d8300000,0x00000000d8764fb0,0x00000000d8800000)
  to   space 5120K, 0% used [0x00000000d8800000,0x00000000d8800000,0x00000000d8d00000)
 ParOldGen       total 86016K, used 40336K [0x0000000082800000, 0x0000000087c00000, 0x00000000d6300000)
  object space 86016K, 46% used [0x0000000082800000,0x0000000084f64070,0x0000000087c00000)
 Metaspace       used 20180K, capacity 20362K, committed 20608K, reserved 1067008K
  class space    used 2284K, capacity 2385K, committed 2432K, reserved 1048576K

Card table byte_map: [0x0000013d36b80000,0x0000013d36f70000] byte_map_base: 0x0000013d3676c000

Marking Bits: (ParMarkBitMap*) 0x00000000769c4fb0
 Begin Bits: [0x0000013d37210000, 0x0000013d39170000)
 End Bits:   [0x0000013d39170000, 0x0000013d3b0d0000)

Polling page: 0x0000013d26170000

CodeCache: size=245760Kb used=5121Kb max_used=5153Kb free=240639Kb
 bounds [0x0000013d277c0000, 0x0000013d27cd0000, 0x0000013d367c0000]
 total_blobs=2049 nmethods=1447 adapters=514
 compilation: enabled

Compilation events (10 events):
Event: 15.202 Thread 0x0000013d3e211000 nmethod 1472 0x0000013d27cb8650 code [0x0000013d27cb87a0, 0x0000013d27cb88b8]
Event: 15.202 Thread 0x0000013d3e211000 1477       1       java.awt.image.BufferedImage::getType (5 bytes)
Event: 15.202 Thread 0x0000013d3e211000 nmethod 1477 0x0000013d27cb8910 code [0x0000013d27cb8a60, 0x0000013d27cb8b78]
Event: 15.202 Thread 0x0000013d3e211000 1476       1       sun.awt.image.VolatileSurfaceManager::contentsLost (5 bytes)
Event: 15.202 Thread 0x0000013d3e211000 nmethod 1476 0x0000013d27cb8bd0 code [0x0000013d27cb8d20, 0x0000013d27cb8e38]
Event: 15.205 Thread 0x0000013d3e211000 1479       1       java.util.Collections$EmptyList::isEmpty (2 bytes)
Event: 15.206 Thread 0x0000013d3e211000 nmethod 1479 0x0000013d27cb8e90 code [0x0000013d27cb8fe0, 0x0000013d27cb90f8]
Event: 15.212 Thread 0x0000013d3e211000 1480       1       javax.swing.JPanel::getUIClassID (3 bytes)
Event: 15.213 Thread 0x0000013d3e211000 nmethod 1480 0x0000013d27cb9150 code [0x0000013d27cb92a0, 0x0000013d27cb93b8]
Event: 15.285 Thread 0x0000013d3e220000 nmethod 1395% 0x0000013d27cc1690 code [0x0000013d27cc19c0, 0x0000013d27cc6fa8]

GC Heap History (2 events):
Event: 2.925 GC heap before
{Heap before GC invocations=1 (full 0):
 PSYoungGen      total 37888K, used 32768K [0x00000000d6300000, 0x00000000d8d00000, 0x0000000100000000)
  eden space 32768K, 100% used [0x00000000d6300000,0x00000000d8300000,0x00000000d8300000)
  from space 5120K, 0% used [0x00000000d8800000,0x00000000d8800000,0x00000000d8d00000)
  to   space 5120K, 0% used [0x00000000d8300000,0x00000000d8300000,0x00000000d8800000)
 ParOldGen       total 86016K, used 0K [0x0000000082800000, 0x0000000087c00000, 0x00000000d6300000)
  object space 86016K, 0% used [0x0000000082800000,0x0000000082800000,0x0000000087c00000)
 Metaspace       used 15655K, capacity 15896K, committed 16128K, reserved 1062912K
  class space    used 1952K, capacity 2030K, committed 2048K, reserved 1048576K
Event: 2.946 GC heap after
Heap after GC invocations=1 (full 0):
 PSYoungGen      total 37888K, used 4499K [0x00000000d6300000, 0x00000000d8d00000, 0x0000000100000000)
  eden space 32768K, 0% used [0x00000000d6300000,0x00000000d6300000,0x00000000d8300000)
  from space 5120K, 87% used [0x00000000d8300000,0x00000000d8764fb0,0x00000000d8800000)
  to   space 5120K, 0% used [0x00000000d8800000,0x00000000d8800000,0x00000000d8d00000)
 ParOldGen       total 86016K, used 40336K [0x0000000082800000, 0x0000000087c00000, 0x00000000d6300000)
  object space 86016K, 46% used [0x0000000082800000,0x0000000084f64070,0x0000000087c00000)
 Metaspace       used 15655K, capacity 15896K, committed 16128K, reserved 1062912K
  class space    used 1952K, capacity 2030K, committed 2048K, reserved 1048576K
}

Deoptimization events (10 events):
Event: 1.560 Thread 0x0000013d3f31c000 Uncommon trap: reason=unstable_if action=reinterpret pc=0x0000013d27a0f378 method=sun.awt.image.PNGImageDecoder.produceImage()V @ 867
Event: 1.565 Thread 0x0000013d3f31c000 Uncommon trap: reason=unstable_if action=reinterpret pc=0x0000013d27a0b218 method=sun.awt.image.ImageRepresentation.getOpaqueRGBImage()Ljava/awt/image/BufferedImage; @ 57
Event: 6.660 Thread 0x0000013d3f303800 Uncommon trap: reason=class_check action=maybe_recompile pc=0x0000013d278e7760 method=java.lang.String.equals(Ljava/lang/Object;)Z @ 8
Event: 6.660 Thread 0x0000013d3f303800 Uncommon trap: reason=class_check action=maybe_recompile pc=0x0000013d278e7760 method=java.lang.String.equals(Ljava/lang/Object;)Z @ 8
Event: 6.876 Thread 0x0000013d3f303800 Uncommon trap: reason=class_check action=maybe_recompile pc=0x0000013d278e7760 method=java.lang.String.equals(Ljava/lang/Object;)Z @ 8
Event: 6.876 Thread 0x0000013d3f303800 Uncommon trap: reason=class_check action=maybe_recompile pc=0x0000013d278e7760 method=java.lang.String.equals(Ljava/lang/Object;)Z @ 8
Event: 14.314 Thread 0x0000013d3f303800 Uncommon trap: reason=unstable_if action=reinterpret pc=0x0000013d27b916c8 method=java.security.AccessControlContext.optimize()Ljava/security/AccessControlContext; @ 220
Event: 14.334 Thread 0x0000013d3f303800 Uncommon trap: reason=unstable_if action=reinterpret pc=0x0000013d27be4104 method=sun.nio.cs.UTF_8$Decoder.decode([BII[C)I @ 30
Event: 14.612 Thread 0x0000013d3f303800 Uncommon trap: reason=predicate action=maybe_recompile pc=0x0000013d27c01424 method=sun.net.www.ParseUtil.encodePath(Ljava/lang/String;Z)Ljava/lang/String; @ 36
Event: 15.042 Thread 0x0000013d3f940000 Uncommon trap: reason=unstable_if action=reinterpret pc=0x0000013d27a0598c method=sun.awt.image.ImageRepresentation.getOpaqueRGBImage()Ljava/awt/image/BufferedImage; @ 57

Classes redefined (10 events):
Event: 14.853 Thread 0x0000013d3c9b5000 redefined class name=com.mysql.jdbc.ResultSetImpl, count=1
Event: 14.875 Thread 0x0000013d3c9b5000 redefined class name=com.mysql.jdbc.UpdatableResultSet, count=2
Event: 14.893 Thread 0x0000013d3c9b5000 redefined class name=com.mysql.jdbc.SQLError, count=1
Event: 14.903 Thread 0x0000013d3c9b5000 redefined class name=java.sql.SQLException, count=1
Event: 14.914 Thread 0x0000013d3c9b5000 redefined class name=java.sql.DriverManager, count=1
Event: 14.925 Thread 0x0000013d3c9b5000 redefined class name=com.mysql.jdbc.Driver, count=1
Event: 14.954 Thread 0x0000013d3c9b5000 redefined class name=com.mysql.jdbc.EscapeProcessor, count=1
Event: 14.967 Thread 0x0000013d3c9b5000 redefined class name=java.sql.PreparedStatement, count=1
Event: 15.000 Thread 0x0000013d3c9b5000 redefined class name=com.mysql.jdbc.PreparedStatement, count=2
Event: 15.010 Thread 0x0000013d3c9b5000 redefined class name=com.mysql.jdbc.JDBC4PreparedStatement, count=1

Internal exceptions (10 events):
Event: 1.420 Thread 0x0000013d25ee3800 Exception <a 'java/lang/ClassNotFoundException': javax/swing/JToolBarSeparator> (0x00000000d6dff2c0) thrown at [C:\jenkins\workspace\8-2-build-windows-amd64-cygwin\jdk8u261\295\hotspot\src\share\vm\classfile\systemDictionary.cpp, line 210]
Event: 1.420 Thread 0x0000013d25ee3800 Exception <a 'java/lang/ClassNotFoundException': ToolBarSeparator> (0x00000000d6dff758) thrown at [C:\jenkins\workspace\8-2-build-windows-amd64-cygwin\jdk8u261\295\hotspot\src\share\vm\classfile\systemDictionary.cpp, line 210]
Event: 1.420 Thread 0x0000013d25ee3800 Exception <a 'java/lang/ClassNotFoundException': ToolTip> (0x00000000d6dffef8) thrown at [C:\jenkins\workspace\8-2-build-windows-amd64-cygwin\jdk8u261\295\hotspot\src\share\vm\classfile\systemDictionary.cpp, line 210]
Event: 1.421 Thread 0x0000013d25ee3800 Exception <a 'java/lang/ClassNotFoundException': Tree> (0x00000000d6e00b78) thrown at [C:\jenkins\workspace\8-2-build-windows-amd64-cygwin\jdk8u261\295\hotspot\src\share\vm\classfile\systemDictionary.cpp, line 210]
Event: 1.421 Thread 0x0000013d25ee3800 Exception <a 'java/lang/ClassNotFoundException': Tree> (0x00000000d6e012b8) thrown at [C:\jenkins\workspace\8-2-build-windows-amd64-cygwin\jdk8u261\295\hotspot\src\share\vm\classfile\systemDictionary.cpp, line 210]
Event: 1.421 Thread 0x0000013d25ee3800 Exception <a 'java/lang/ClassNotFoundException': javax/swing/JTreeCell> (0x00000000d6e01638) thrown at [C:\jenkins\workspace\8-2-build-windows-amd64-cygwin\jdk8u261\295\hotspot\src\share\vm\classfile\systemDictionary.cpp, line 210]
Event: 1.421 Thread 0x0000013d25ee3800 Exception <a 'java/lang/ClassNotFoundException': TreeCell> (0x00000000d6e01ac0) thrown at [C:\jenkins\workspace\8-2-build-windows-amd64-cygwin\jdk8u261\295\hotspot\src\share\vm\classfile\systemDictionary.cpp, line 210]
Event: 1.421 Thread 0x0000013d25ee3800 Exception <a 'java/lang/ClassNotFoundException': RootPane> (0x00000000d6e02588) thrown at [C:\jenkins\workspace\8-2-build-windows-amd64-cygwin\jdk8u261\295\hotspot\src\share\vm\classfile\systemDictionary.cpp, line 210]
Event: 1.448 Thread 0x0000013d3f303800 Implicit null exception at 0x0000013d279021d6 to 0x0000013d27902589
Event: 1.448 Thread 0x0000013d3f303800 Implicit null exception at 0x0000013d27902b96 to 0x0000013d27902f45

Events (10 events):
Event: 15.114 loading class java/awt/Window$1DisposeAction
Event: 15.114 loading class java/awt/Window$1DisposeAction done
Event: 15.115 loading class java/awt/KeyboardFocusManager$2
Event: 15.115 loading class java/awt/KeyboardFocusManager$2 done
Event: 15.599 loading class org/netbeans/lib/profiler/wireprotocol/EventBufferDumpedCommand
Event: 15.599 loading class org/netbeans/lib/profiler/wireprotocol/EventBufferDumpedCommand done
Event: 15.607 loading class org/netbeans/lib/profiler/wireprotocol/DumpResultsResponse
Event: 15.607 loading class org/netbeans/lib/profiler/wireprotocol/DumpResultsResponse done
Event: 15.608 loading class org/netbeans/lib/profiler/wireprotocol/GetMethodNamesForJMethodIdsCommand
Event: 15.609 loading class org/netbeans/lib/profiler/wireprotocol/GetMethodNamesForJMethodIdsCommand done


Dynamic libraries:
0x00007ff721c70000 - 0x00007ff721cb7000 	C:\Program Files\Java\jdk1.8.0_261\bin\java.exe
0x00007ffef9530000 - 0x00007ffef9725000 	C:\Windows\SYSTEM32\ntdll.dll
0x00007ffef8c80000 - 0x00007ffef8d3d000 	C:\Windows\System32\KERNEL32.DLL
0x00007ffef6f10000 - 0x00007ffef71d8000 	C:\Windows\System32\KERNELBASE.dll
0x00007ffef8d50000 - 0x00007ffef8dfc000 	C:\Windows\System32\ADVAPI32.dll
0x00007ffef75a0000 - 0x00007ffef763e000 	C:\Windows\System32\msvcrt.dll
0x00007ffef8fa0000 - 0x00007ffef903b000 	C:\Windows\System32\sechost.dll
0x00007ffef9040000 - 0x00007ffef916b000 	C:\Windows\System32\RPCRT4.dll
0x00007ffef8e00000 - 0x00007ffef8fa0000 	C:\Windows\System32\USER32.dll
0x00007ffef7490000 - 0x00007ffef74b2000 	C:\Windows\System32\win32u.dll
0x00007ffef7710000 - 0x00007ffef773a000 	C:\Windows\System32\GDI32.dll
0x00007ffef7380000 - 0x00007ffef748b000 	C:\Windows\System32\gdi32full.dll
0x00007ffef72e0000 - 0x00007ffef737d000 	C:\Windows\System32\msvcp_win.dll
0x00007ffef71e0000 - 0x00007ffef72e0000 	C:\Windows\System32\ucrtbase.dll
0x00007ffee39d0000 - 0x00007ffee3c6a000 	C:\Windows\WinSxS\amd64_microsoft.windows.common-controls_6595b64144ccf1df_6.0.19041.1052_none_60b8f8fd71f5e8cb\COMCTL32.dll
0x00007ffef82b0000 - 0x00007ffef82e0000 	C:\Windows\System32\IMM32.DLL
0x00007ffeee810000 - 0x00007ffeee825000 	C:\Program Files\Java\jdk1.8.0_261\jre\bin\vcruntime140.dll
0x00007ffeb3a80000 - 0x00007ffeb3b1b000 	C:\Program Files\Java\jdk1.8.0_261\jre\bin\msvcp140.dll
0x00000000761d0000 - 0x0000000076a3c000 	C:\Program Files\Java\jdk1.8.0_261\jre\bin\server\jvm.dll
0x00007ffef9180000 - 0x00007ffef9188000 	C:\Windows\System32\PSAPI.DLL
0x00007ffee5f50000 - 0x00007ffee5f77000 	C:\Windows\SYSTEM32\WINMM.dll
0x00007ffedfb40000 - 0x00007ffedfb49000 	C:\Windows\SYSTEM32\WSOCK32.dll
0x00007ffef0b30000 - 0x00007ffef0b3a000 	C:\Windows\SYSTEM32\VERSION.dll
0x00007ffef8240000 - 0x00007ffef82ab000 	C:\Windows\System32\WS2_32.dll
0x00007ffef4da0000 - 0x00007ffef4db2000 	C:\Windows\SYSTEM32\kernel.appcore.dll
0x00007ffef0f00000 - 0x00007ffef0f10000 	C:\Program Files\Java\jdk1.8.0_261\jre\bin\verify.dll
0x00007ffed4b00000 - 0x00007ffed4b2b000 	C:\Program Files\Java\jdk1.8.0_261\jre\bin\java.dll
0x00007ffef2550000 - 0x00007ffef255f000 	C:\Program Files\NetBeans 8.2\profiler\lib\deployed\jdk16\windows-amd64\profilerinterface.dll
0x00007ffee6930000 - 0x00007ffee6948000 	C:\Program Files\Java\jdk1.8.0_261\jre\bin\zip.dll
0x00007ffef83c0000 - 0x00007ffef8aff000 	C:\Windows\System32\SHELL32.dll
0x00007ffef4dc0000 - 0x00007ffef5550000 	C:\Windows\SYSTEM32\windows.storage.dll
0x00007ffef9190000 - 0x00007ffef94e5000 	C:\Windows\System32\combase.dll
0x00007ffef66e0000 - 0x00007ffef670c000 	C:\Windows\SYSTEM32\Wldp.dll
0x00007ffef8110000 - 0x00007ffef81be000 	C:\Windows\System32\SHCORE.dll
0x00007ffef81c0000 - 0x00007ffef8215000 	C:\Windows\System32\shlwapi.dll
0x00007ffef6bb0000 - 0x00007ffef6bcf000 	C:\Windows\SYSTEM32\profapi.dll
0x00007ffed4ae0000 - 0x00007ffed4afc000 	C:\Program Files\Java\jdk1.8.0_261\jre\bin\net.dll
0x00007ffef6450000 - 0x00007ffef64ba000 	C:\Windows\system32\mswsock.dll
0x00007ffef1530000 - 0x00007ffef153d000 	C:\Program Files\Java\jdk1.8.0_261\jre\bin\management.dll
0x00007ffed4ac0000 - 0x00007ffed4ad3000 	C:\Program Files\Java\jdk1.8.0_261\jre\bin\nio.dll
0x00007ffef6620000 - 0x00007ffef6638000 	C:\Windows\SYSTEM32\CRYPTSP.dll
0x00007ffef5d80000 - 0x00007ffef5db4000 	C:\Windows\system32\rsaenh.dll
0x00007ffef7520000 - 0x00007ffef7547000 	C:\Windows\System32\bcrypt.dll
0x00007ffef6b30000 - 0x00007ffef6b5e000 	C:\Windows\SYSTEM32\USERENV.dll
0x00007ffef6c70000 - 0x00007ffef6cf3000 	C:\Windows\System32\bcryptprimitives.dll
0x00007ffef6640000 - 0x00007ffef664c000 	C:\Windows\SYSTEM32\CRYPTBASE.dll
0x00007ffef60f0000 - 0x00007ffef612b000 	C:\Windows\SYSTEM32\IPHLPAPI.DLL
0x00007ffef8d40000 - 0x00007ffef8d48000 	C:\Windows\System32\NSI.dll
0x00007ffeef250000 - 0x00007ffeef267000 	C:\Windows\SYSTEM32\dhcpcsvc6.DLL
0x00007ffeefb00000 - 0x00007ffeefb1d000 	C:\Windows\SYSTEM32\dhcpcsvc.DLL
0x00007ffef6130000 - 0x00007ffef61fc000 	C:\Windows\SYSTEM32\DNSAPI.dll
0x00007ffeb1d30000 - 0x00007ffeb1ec4000 	C:\Program Files\Java\jdk1.8.0_261\jre\bin\awt.dll
0x00007ffef7640000 - 0x00007ffef770d000 	C:\Windows\System32\OLEAUT32.dll
0x00007ffef4180000 - 0x00007ffef4210000 	C:\Windows\SYSTEM32\apphelp.dll
0x00007ffef4340000 - 0x00007ffef43de000 	C:\Windows\system32\uxtheme.dll
0x00007ffef8b00000 - 0x00007ffef8c15000 	C:\Windows\System32\MSCTF.dll
0x00007ffef7bb0000 - 0x00007ffef7cda000 	C:\Windows\System32\ole32.dll
0x00007ffef47e0000 - 0x00007ffef480f000 	C:\Windows\system32\DWMAPI.DLL
0x00007ffed4a70000 - 0x00007ffed4ab9000 	C:\Program Files\Java\jdk1.8.0_261\jre\bin\fontmanager.dll
0x00007ffed1a90000 - 0x00007ffed1bb6000 	C:\Windows\system32\opengl32.dll
0x00007ffee3060000 - 0x00007ffee308c000 	C:\Windows\SYSTEM32\GLU32.dll
0x00007ffef8000000 - 0x00007ffef80a9000 	C:\Windows\System32\clbcatq.dll
0x00007ffeedf90000 - 0x00007ffeee144000 	C:\Windows\SYSTEM32\WindowsCodecs.dll
0x00007ffede880000 - 0x00007ffede8be000 	C:\Windows\system32\dataexchange.dll
0x00007ffef2750000 - 0x00007ffef29b4000 	C:\Windows\system32\d3d11.dll
0x00007ffef3680000 - 0x00007ffef3866000 	C:\Windows\system32\dcomp.dll
0x00007ffef55b0000 - 0x00007ffef56a4000 	C:\Windows\system32\dxgi.dll
0x00007ffeee420000 - 0x00007ffeee621000 	C:\Windows\system32\twinapi.appcore.dll
0x00007ffeb8640000 - 0x00007ffeb8683000 	C:\Program Files\Java\jdk1.8.0_261\jre\bin\t2k.dll
0x00007ffec4490000 - 0x00007ffec4589000 	C:\Windows\SYSTEM32\textinputframework.dll
0x00007ffef3bf0000 - 0x00007ffef3ce2000 	C:\Windows\System32\CoreMessaging.dll
0x00007ffef3d20000 - 0x00007ffef407e000 	C:\Windows\System32\CoreUIComponents.dll
0x00007ffef3520000 - 0x00007ffef3674000 	C:\Windows\SYSTEM32\wintypes.dll
0x00007ffef59b0000 - 0x00007ffef59e3000 	C:\Windows\SYSTEM32\ntmarta.dll
0x00007ffec6a70000 - 0x00007ffec6a9a000 	C:\Program Files\Java\jdk1.8.0_261\jre\bin\dcpr.dll
0x00007ffeef240000 - 0x00007ffeef24a000 	C:\Windows\System32\rasadhlp.dll
0x00007ffee5970000 - 0x00007ffee59ef000 	C:\Windows\System32\fwpuclnt.dll
0x00007ffef4520000 - 0x00007ffef4704000 	C:\Windows\SYSTEM32\dbghelp.dll

VM Arguments:
jvm_args: -Dfile.encoding=UTF-8 -agentpath:C:/Program Files/NetBeans 8.2/profiler/lib/deployed/jdk16/windows-amd64/profilerinterface.dll=C:\Program Files\NetBeans 8.2\profiler\lib,5140,10 -XX:+HeapDumpOnOutOfMemoryError -XX:HeapDumpPath=C:\Users\akhma\OneDrive\Documents\TEL-U\Software Engineering\SEMESTER 4\KPL\KPL_Anti-Nganggur_Kelompok5\ANTI-NGANGGUR_5\nbproject\private\profiler 
java_command: anti.nganggur.Login
java_class_path (initial): C:\Program Files\NetBeans 8.2\ide\modules\ext\mysql-connector-java-5.1.23-bin.jar;C:\Program Files\NetBeans 8.2\java\modules\ext\AbsoluteLayout.jar;C:\Users\akhma\OneDrive\Documents\TEL-U\Software Engineering\SEMESTER 4\KPL\KPL_Anti-Nganggur_Kelompok5\ANTI-NGANGGUR_5\build\classes
Launcher Type: SUN_STANDARD

Environment Variables:
PATH=C:\app\akhma\product\11.2.0\dbhome_1\bin;C:\Program Files (x86)\Common Files\Oracle\Java\javapath;C:\Program Files (x86)\Common Files\Intel\Shared Libraries\redist\intel64\compiler;C:\Windows\system32;C:\Windows;C:\Windows\System32\Wbem;C:\Windows\System32\WindowsPowerShell\v1.0\;C:\Windows\System32\OpenSSH\;C:\Program Files (x86)\NVIDIA Corporation\PhysX\Common;C:\Program Files\NVIDIA Corporation\NVIDIA NvDLISR;C:\Go\bin;C:\Program Files\dotnet\;C:\Program Files\Git\cmd;C:\Users\akhma\AppData\Local\Microsoft\WindowsApps;C:\Users\akhma\go\bin;C:\Users\akhma\AppData\Local\Programs\Microsoft VS Code\bin;C:\Users\akhma\.dotnet\tools;C:\Users\akhma\AppData\Local\GitHubDesktop\bin;C:\Users\akhma\AppData\Local\atom\bin
USERNAME=akhma
OS=Windows_NT
PROCESSOR_IDENTIFIER=Intel64 Family 6 Model 165 Stepping 2, GenuineIntel



---------------  S Y S T E M  ---------------

OS: Windows 10.0 , 64 bit Build 19041 (10.0.19041.1023)

CPU:total 8 (initial active 8) (4 cores per cpu, 2 threads per core) family 6 model 165 stepping 2, cmov, cx8, fxsr, mmx, sse, sse2, sse3, ssse3, sse4.1, sse4.2, popcnt, avx, avx2, aes, clmul, erms, 3dnowpref, lzcnt, ht, tsc, tscinvbit, bmi1, bmi2, adx

Memory: 4k page, physical 8221732k(1125068k free), swap 29193252k(12229628k free)

vm_info: Java HotSpot(TM) 64-Bit Server VM (25.261-b12) for windows-amd64 JRE (1.8.0_261-b12), built on Jun 18 2020 06:56:32 by "" with unknown MS VC++:1916

time: Thu Jul  1 14:54:05 2021
timezone: SE Asia Standard Time
elapsed time: 15 seconds (0d 0h 0m 15s)

