#
# A fatal error has been detected by the Java Runtime Environment:
#
#  EXCEPTION_ACCESS_VIOLATION (0xc0000005) at pc=0x000000007631227e, pid=1544, tid=0x0000000000005258
#
# JRE version: Java(TM) SE Runtime Environment (8.0_261-b12) (build 1.8.0_261-b12)
# Java VM: Java HotSpot(TM) 64-Bit Server VM (25.261-b12 mixed mode windows-amd64 compressed oops)
# Problematic frame:
# V  [jvm.dll+0x14227e]
#
# Failed to write core dump. Minidumps are not enabled by default on client versions of Windows
#
# If you would like to submit a bug report, please visit:
#   http://bugreport.java.com/bugreport/crash.jsp
#

---------------  T H R E A D  ---------------

Current thread (0x000002126232d800):  JavaThread "*** Profiler Agent Communication Thread" daemon [_thread_in_vm, id=21080, stack(0x0000009815c00000,0x0000009815d00000)]

siginfo: ExceptionCode=0xc0000005, reading address 0x0000000064e6d4e0

Registers:
RAX=0x0000009815cfed01, RBX=0x000002126232d800, RCX=0x0000000064e6d4e0, RDX=0x000002126232d800
RSP=0x0000009815cfecb0, RBP=0x0000000064e6d4e0, RSI=0x000002124b7faee0, RDI=0x0000009815cfedd0
R8 =0x0000009815cfedd0, R9 =0x0000000064e6d4e0, R10=0x0000000000000000, R11=0x0000021265f1ad90
R12=0x0000021266071d30, R13=0x0000000000000024, R14=0x00007ffef2559c68, R15=0x00007ffef2559a60
RIP=0x000000007631227e, EFLAGS=0x0000000000010202

Top of Stack: (sp=0x0000009815cfecb0)
0x0000009815cfecb0:   0000009815cfee00 000000007633cae3
0x0000009815cfecc0:   000002126232d800 0000009815cfee78
0x0000009815cfecd0:   000002126232d800 000000007651bd1d
0x0000009815cfece0:   00000000000005a0 000002126232d800
0x0000009815cfecf0:   000002126232d9f8 00007ffef75b9d40
0x0000009815cfed00:   000002126232d800 0000000000000000
0x0000009815cfed10:   0000021200000000 0000000000000000
0x0000009815cfed20:   0000000064e6d4e0 00007ffef25534da
0x0000009815cfed30:   0000000000000000 000002126232d9f8
0x0000009815cfed40:   000000000000be00 0000000000000039
0x0000009815cfed50:   0000021266071d30 00000212623975c0
0x0000009815cfed60:   00000212614a7850 000002126232d800
0x0000009815cfed70:   00000212614a7850 000002126232d800
0x0000009815cfed80:   0000000000240000 000000000000be00
0x0000009815cfed90:   000002126232d800 00000212614a7850
0x0000009815cfeda0:   0000000000000000 0000000000240000 

Instructions: (pc=0x000000007631227e)
0x000000007631225e:   cc cc 48 89 11 c3 cc cc cc cc cc cc cc cc cc cc
0x000000007631226e:   cc cc 40 53 48 83 ec 20 4c 8b c9 48 85 c9 74 50
0x000000007631227e:   48 8b 19 48 85 db 74 48 48 8b 43 08 48 8b 50 08
0x000000007631228e:   48 8b 42 18 48 85 c0 74 37 48 8b 80 90 00 00 00 


Register to memory mapping:

RAX=0x0000009815cfed01 is pointing into the stack for thread: 0x000002126232d800
RBX=0x000002126232d800 is a thread
RCX=0x0000000064e6d4e0 is an unknown value
RDX=0x000002126232d800 is a thread
RSP=0x0000009815cfecb0 is pointing into the stack for thread: 0x000002126232d800
RBP=0x0000000064e6d4e0 is an unknown value
RSI=0x000002124b7faee0 is an unknown value
RDI=0x0000009815cfedd0 is pointing into the stack for thread: 0x000002126232d800
R8 =0x0000009815cfedd0 is pointing into the stack for thread: 0x000002126232d800
R9 =0x0000000064e6d4e0 is an unknown value
R10=0x0000000000000000 is an unknown value
R11=0x0000021265f1ad90 is an unknown value
R12=0x0000021266071d30 is an unknown value
R13=0x0000000000000024 is an unknown value
R14=0x00007ffef2559c68 is an unknown value
R15=0x00007ffef2559a60 is an unknown value


Stack: [0x0000009815c00000,0x0000009815d00000],  sp=0x0000009815cfecb0,  free space=1019k
Native frames: (J=compiled Java code, j=interpreted, Vv=VM code, C=native code)
V  [jvm.dll+0x14227e]
V  [jvm.dll+0x34bd1d]
C  [profilerinterface.dll+0x34da]
C  0x000002124d209f4e

Java frames: (J=compiled Java code, j=interpreted, Vv=VM code)
j  org.netbeans.lib.profiler.server.system.Stacks.getMethodNamesForJMethodIds(I[I[I)[B+0
j  org.netbeans.lib.profiler.server.ProfilerInterface.getMethodNamesForJMethodIds([I)Lorg/netbeans/lib/profiler/wireprotocol/MethodNamesResponse;+20
j  org.netbeans.lib.profiler.server.ProfilerServer.handleClientCommand(Lorg/netbeans/lib/profiler/wireprotocol/Command;)V+691
j  org.netbeans.lib.profiler.server.ProfilerServer.listenToClient()V+48
j  org.netbeans.lib.profiler.server.ProfilerServer.run()V+22
v  ~StubRoutines::call_stub

---------------  P R O C E S S  ---------------

Java Threads: ( => current thread )
  0x0000021263d1b000 JavaThread "Image Fetcher 0" daemon [_thread_blocked, id=20104, stack(0x0000009816e00000,0x0000009816f00000)]
  0x0000021263d1f800 JavaThread "Abandoned connection cleanup thread" daemon [_thread_blocked, id=16532, stack(0x0000009816900000,0x0000009816a00000)]
  0x0000021263d1e800 JavaThread "TimerQueue" daemon [_thread_blocked, id=12280, stack(0x0000009816d00000,0x0000009816e00000)]
  0x0000021263d21800 JavaThread "DestroyJavaVM" [_thread_blocked, id=504, stack(0x0000009814e00000,0x0000009814f00000)]
  0x0000021263d1c800 JavaThread "AWT-EventQueue-0" [_thread_blocked, id=14680, stack(0x0000009816800000,0x0000009816900000)]
  0x0000021263d21000 JavaThread "AWT-Windows" daemon [_thread_in_native, id=15216, stack(0x0000009816700000,0x0000009816800000)]
  0x0000021263d1b800 JavaThread "AWT-Shutdown" [_thread_blocked, id=5028, stack(0x0000009816600000,0x0000009816700000)]
  0x0000021263d20000 JavaThread "Java2D Disposer" daemon [_thread_blocked, id=4252, stack(0x0000009816500000,0x0000009816600000)]
  0x0000021263b82000 JavaThread "Service Thread" daemon [_thread_blocked, id=15684, stack(0x0000009816300000,0x0000009816400000)]
  0x0000021263b5f800 JavaThread "C1 CompilerThread3" daemon [_thread_blocked, id=13700, stack(0x0000009816200000,0x0000009816300000)]
  0x0000021263b5e800 JavaThread "C2 CompilerThread2" daemon [_thread_blocked, id=8488, stack(0x0000009816100000,0x0000009816200000)]
  0x0000021263b5e000 JavaThread "C2 CompilerThread1" daemon [_thread_blocked, id=10796, stack(0x0000009816000000,0x0000009816100000)]
  0x0000021263b39000 JavaThread "C2 CompilerThread0" daemon [_thread_blocked, id=18952, stack(0x0000009815f00000,0x0000009816000000)]
  0x0000021263a66000 JavaThread "*** Profiler Agent Special Execution Thread 6" daemon [_thread_blocked, id=14540, stack(0x0000009815e00000,0x0000009815f00000)]
  0x0000021263a65800 JavaThread "*** JFluid Monitor thread ***" daemon [_thread_blocked, id=13656, stack(0x0000009815d00000,0x0000009815e00000)]
=>0x000002126232d800 JavaThread "*** Profiler Agent Communication Thread" daemon [_thread_in_vm, id=21080, stack(0x0000009815c00000,0x0000009815d00000)]
  0x0000021262318800 JavaThread "Attach Listener" daemon [_thread_blocked, id=10772, stack(0x0000009815b00000,0x0000009815c00000)]
  0x0000021262315800 JavaThread "Signal Dispatcher" daemon [_thread_blocked, id=15632, stack(0x0000009815a00000,0x0000009815b00000)]
  0x00000212622f0000 JavaThread "Finalizer" daemon [_thread_blocked, id=5516, stack(0x0000009815900000,0x0000009815a00000)]
  0x00000212622ed800 JavaThread "Reference Handler" daemon [_thread_blocked, id=10948, stack(0x0000009815800000,0x0000009815900000)]

Other Threads:
  0x000002124b9fd000 VMThread [stack: 0x0000009815700000,0x0000009815800000] [id=10084]
  0x0000021263c2e800 WatcherThread [stack: 0x0000009816400000,0x0000009816500000] [id=3688]

VM state:not at safepoint (normal execution)

VM Mutex/Monitor currently owned by a thread: None

heap address: 0x0000000082800000, size: 2008 MB, Compressed Oops mode: 32-bit
Narrow klass base: 0x0000000000000000, Narrow klass shift: 3
Compressed class space size: 1073741824 Address: 0x0000000100000000

Heap:
 PSYoungGen      total 37888K, used 34067K [0x00000000d6300000, 0x00000000d8d00000, 0x0000000100000000)
  eden space 32768K, 89% used [0x00000000d6300000,0x00000000d7fc8020,0x00000000d8300000)
  from space 5120K, 89% used [0x00000000d8300000,0x00000000d877cfb0,0x00000000d8800000)
  to   space 5120K, 0% used [0x00000000d8800000,0x00000000d8800000,0x00000000d8d00000)
 ParOldGen       total 86016K, used 40336K [0x0000000082800000, 0x0000000087c00000, 0x00000000d6300000)
  object space 86016K, 46% used [0x0000000082800000,0x0000000084f64070,0x0000000087c00000)
 Metaspace       used 20147K, capacity 20362K, committed 20608K, reserved 1067008K
  class space    used 2283K, capacity 2385K, committed 2432K, reserved 1048576K

Card table byte_map: [0x000002125c5b0000,0x000002125c9a0000] byte_map_base: 0x000002125c19c000

Marking Bits: (ParMarkBitMap*) 0x00000000769c4fb0
 Begin Bits: [0x000002125cc40000, 0x000002125eba0000)
 End Bits:   [0x000002125eba0000, 0x0000021260b00000)

Polling page: 0x000002124b7a0000

CodeCache: size=245760Kb used=5126Kb max_used=5126Kb free=240633Kb
 bounds [0x000002124d1f0000, 0x000002124d700000, 0x000002125c1f0000]
 total_blobs=2012 nmethods=1410 adapters=514
 compilation: enabled

Compilation events (10 events):
Event: 8.807 Thread 0x0000021263b5f800 1410       3       sun.java2d.loops.Blit$GeneralMaskBlit::Blit (28 bytes)
Event: 8.807 Thread 0x0000021263b5f800 nmethod 1410 0x000002124d6f3450 code [0x000002124d6f35c0, 0x000002124d6f37d0]
Event: 8.807 Thread 0x0000021263b5f800 1411       3       javax.swing.plaf.synth.SynthLookAndFeel::getSelectedUI (13 bytes)
Event: 8.807 Thread 0x0000021263b5f800 nmethod 1411 0x000002124d6f38d0 code [0x000002124d6f3a40, 0x000002124d6f3d60]
Event: 8.808 Thread 0x0000021263b5f800 1412       3       javax.swing.plaf.synth.SynthContext::getPainter (19 bytes)
Event: 8.808 Thread 0x0000021263b5f800 nmethod 1412 0x000002124d6f3e50 code [0x000002124d6f3fc0, 0x000002124d6f4270]
Event: 8.808 Thread 0x0000021263b5f800 1414       3       sun.java2d.SunGraphics2D::isHiDPIImage (29 bytes)
Event: 8.809 Thread 0x0000021263b5f800 nmethod 1414 0x000002124d6f4350 code [0x000002124d6f4500, 0x000002124d6f4bc0]
Event: 8.809 Thread 0x0000021263b5f800 1413       3       javax.swing.plaf.nimbus.NimbusStyle::getPainter (5 bytes)
Event: 8.809 Thread 0x0000021263b5f800 nmethod 1413 0x000002124d6f4d50 code [0x000002124d6f4ea0, 0x000002124d6f4ff8]

GC Heap History (2 events):
Event: 2.918 GC heap before
{Heap before GC invocations=1 (full 0):
 PSYoungGen      total 37888K, used 32768K [0x00000000d6300000, 0x00000000d8d00000, 0x0000000100000000)
  eden space 32768K, 100% used [0x00000000d6300000,0x00000000d8300000,0x00000000d8300000)
  from space 5120K, 0% used [0x00000000d8800000,0x00000000d8800000,0x00000000d8d00000)
  to   space 5120K, 0% used [0x00000000d8300000,0x00000000d8300000,0x00000000d8800000)
 ParOldGen       total 86016K, used 0K [0x0000000082800000, 0x0000000087c00000, 0x00000000d6300000)
  object space 86016K, 0% used [0x0000000082800000,0x0000000082800000,0x0000000087c00000)
 Metaspace       used 15746K, capacity 15992K, committed 16256K, reserved 1062912K
  class space    used 1979K, capacity 2062K, committed 2176K, reserved 1048576K
Event: 2.932 GC heap after
Heap after GC invocations=1 (full 0):
 PSYoungGen      total 37888K, used 4595K [0x00000000d6300000, 0x00000000d8d00000, 0x0000000100000000)
  eden space 32768K, 0% used [0x00000000d6300000,0x00000000d6300000,0x00000000d8300000)
  from space 5120K, 89% used [0x00000000d8300000,0x00000000d877cfb0,0x00000000d8800000)
  to   space 5120K, 0% used [0x00000000d8800000,0x00000000d8800000,0x00000000d8d00000)
 ParOldGen       total 86016K, used 40336K [0x0000000082800000, 0x0000000087c00000, 0x00000000d6300000)
  object space 86016K, 46% used [0x0000000082800000,0x0000000084f64070,0x0000000087c00000)
 Metaspace       used 15746K, capacity 15992K, committed 16256K, reserved 1062912K
  class space    used 1979K, capacity 2062K, committed 2176K, reserved 1048576K
}

Deoptimization events (10 events):
Event: 1.671 Thread 0x0000021263d1d000 Uncommon trap: reason=unstable_if action=reinterpret pc=0x000002124d42a058 method=sun.awt.image.ImageRepresentation.getOpaqueRGBImage()Ljava/awt/image/BufferedImage; @ 57
Event: 2.912 Thread 0x0000021263d1c800 Uncommon trap: reason=class_check action=maybe_recompile pc=0x000002124d3133a0 method=java.lang.String.equals(Ljava/lang/Object;)Z @ 8
Event: 2.912 Thread 0x0000021263d1c800 Uncommon trap: reason=class_check action=maybe_recompile pc=0x000002124d3133a0 method=java.lang.String.equals(Ljava/lang/Object;)Z @ 8
Event: 3.414 Thread 0x0000021263d1c800 Uncommon trap: reason=class_check action=maybe_recompile pc=0x000002124d3133a0 method=java.lang.String.equals(Ljava/lang/Object;)Z @ 8
Event: 3.414 Thread 0x0000021263d1c800 Uncommon trap: reason=class_check action=maybe_recompile pc=0x000002124d3133a0 method=java.lang.String.equals(Ljava/lang/Object;)Z @ 8
Event: 6.176 Thread 0x0000021263d1c800 Uncommon trap: reason=unstable_if action=reinterpret pc=0x000002124d494aa4 method=java.awt.Component.inside(II)Z @ 21
Event: 7.920 Thread 0x0000021263d1c800 Uncommon trap: reason=unstable_if action=reinterpret pc=0x000002124d5e4c44 method=sun.nio.cs.UTF_8$Decoder.decode([BII[C)I @ 30
Event: 8.240 Thread 0x0000021263d1c800 Uncommon trap: reason=predicate action=maybe_recompile pc=0x000002124d5fac84 method=sun.net.www.ParseUtil.encodePath(Ljava/lang/String;Z)Ljava/lang/String; @ 36
Event: 8.657 Thread 0x0000021263d1b000 Uncommon trap: reason=unstable_if action=reinterpret pc=0x000002124d4566d0 method=sun.awt.image.PNGImageDecoder.produceImage()V @ 932
Event: 8.659 Thread 0x0000021263d1b000 Uncommon trap: reason=unstable_if action=reinterpret pc=0x000002124d42b74c method=sun.awt.image.ImageRepresentation.getOpaqueRGBImage()Ljava/awt/image/BufferedImage; @ 57

Classes redefined (10 events):
Event: 8.466 Thread 0x000002124b9fd000 redefined class name=com.mysql.jdbc.ResultSetImpl, count=1
Event: 8.488 Thread 0x000002124b9fd000 redefined class name=com.mysql.jdbc.UpdatableResultSet, count=2
Event: 8.519 Thread 0x000002124b9fd000 redefined class name=com.mysql.jdbc.SQLError, count=1
Event: 8.528 Thread 0x000002124b9fd000 redefined class name=java.sql.SQLException, count=1
Event: 8.538 Thread 0x000002124b9fd000 redefined class name=java.sql.DriverManager, count=1
Event: 8.548 Thread 0x000002124b9fd000 redefined class name=com.mysql.jdbc.Driver, count=1
Event: 8.577 Thread 0x000002124b9fd000 redefined class name=com.mysql.jdbc.EscapeProcessor, count=1
Event: 8.589 Thread 0x000002124b9fd000 redefined class name=java.sql.PreparedStatement, count=1
Event: 8.618 Thread 0x000002124b9fd000 redefined class name=com.mysql.jdbc.PreparedStatement, count=2
Event: 8.625 Thread 0x000002124b9fd000 redefined class name=com.mysql.jdbc.JDBC4PreparedStatement, count=1

Internal exceptions (10 events):
Event: 1.508 Thread 0x000002124b802800 Exception <a 'java/lang/ClassNotFoundException': javax/swing/JToolBarSeparator> (0x00000000d6dff258) thrown at [C:\jenkins\workspace\8-2-build-windows-amd64-cygwin\jdk8u261\295\hotspot\src\share\vm\classfile\systemDictionary.cpp, line 210]
Event: 1.508 Thread 0x000002124b802800 Exception <a 'java/lang/ClassNotFoundException': ToolBarSeparator> (0x00000000d6dff6f0) thrown at [C:\jenkins\workspace\8-2-build-windows-amd64-cygwin\jdk8u261\295\hotspot\src\share\vm\classfile\systemDictionary.cpp, line 210]
Event: 1.508 Thread 0x000002124b802800 Exception <a 'java/lang/ClassNotFoundException': ToolTip> (0x00000000d6dffe90) thrown at [C:\jenkins\workspace\8-2-build-windows-amd64-cygwin\jdk8u261\295\hotspot\src\share\vm\classfile\systemDictionary.cpp, line 210]
Event: 1.509 Thread 0x000002124b802800 Exception <a 'java/lang/ClassNotFoundException': Tree> (0x00000000d6e00b10) thrown at [C:\jenkins\workspace\8-2-build-windows-amd64-cygwin\jdk8u261\295\hotspot\src\share\vm\classfile\systemDictionary.cpp, line 210]
Event: 1.509 Thread 0x000002124b802800 Exception <a 'java/lang/ClassNotFoundException': Tree> (0x00000000d6e01250) thrown at [C:\jenkins\workspace\8-2-build-windows-amd64-cygwin\jdk8u261\295\hotspot\src\share\vm\classfile\systemDictionary.cpp, line 210]
Event: 1.509 Thread 0x000002124b802800 Exception <a 'java/lang/ClassNotFoundException': javax/swing/JTreeCell> (0x00000000d6e015d0) thrown at [C:\jenkins\workspace\8-2-build-windows-amd64-cygwin\jdk8u261\295\hotspot\src\share\vm\classfile\systemDictionary.cpp, line 210]
Event: 1.509 Thread 0x000002124b802800 Exception <a 'java/lang/ClassNotFoundException': TreeCell> (0x00000000d6e01a58) thrown at [C:\jenkins\workspace\8-2-build-windows-amd64-cygwin\jdk8u261\295\hotspot\src\share\vm\classfile\systemDictionary.cpp, line 210]
Event: 1.510 Thread 0x000002124b802800 Exception <a 'java/lang/ClassNotFoundException': RootPane> (0x00000000d6e02520) thrown at [C:\jenkins\workspace\8-2-build-windows-amd64-cygwin\jdk8u261\295\hotspot\src\share\vm\classfile\systemDictionary.cpp, line 210]
Event: 1.538 Thread 0x0000021263d1c800 Implicit null exception at 0x000002124d3a5054 to 0x000002124d3a5411
Event: 1.538 Thread 0x0000021263d1c800 Implicit null exception at 0x000002124d334896 to 0x000002124d334c45

Events (10 events):
Event: 8.721 loading class java/awt/Window$1DisposeAction
Event: 8.721 loading class java/awt/Window$1DisposeAction done
Event: 8.721 loading class java/awt/KeyboardFocusManager$2
Event: 8.722 loading class java/awt/KeyboardFocusManager$2 done
Event: 8.724 loading class javax/swing/Autoscroller
Event: 8.725 loading class javax/swing/Autoscroller done
Event: 8.729 loading class java/awt/LightweightDispatcher$2
Event: 8.729 loading class java/awt/LightweightDispatcher$2 done
Event: 9.630 loading class org/netbeans/lib/profiler/wireprotocol/GetMethodNamesForJMethodIdsCommand
Event: 9.630 loading class org/netbeans/lib/profiler/wireprotocol/GetMethodNamesForJMethodIdsCommand done


Dynamic libraries:
0x00007ff721c70000 - 0x00007ff721cb7000 	C:\Program Files\Java\jdk1.8.0_261\bin\java.exe
0x00007ffef9530000 - 0x00007ffef9725000 	C:\Windows\SYSTEM32\ntdll.dll
0x00007ffef8c80000 - 0x00007ffef8d3d000 	C:\Windows\System32\KERNEL32.DLL
0x00007ffef6f10000 - 0x00007ffef71d8000 	C:\Windows\System32\KERNELBASE.dll
0x00007ffef8d50000 - 0x00007ffef8dfc000 	C:\Windows\System32\ADVAPI32.dll
0x00007ffef75a0000 - 0x00007ffef763e000 	C:\Windows\System32\msvcrt.dll
0x00007ffef8fa0000 - 0x00007ffef903b000 	C:\Windows\System32\sechost.dll
0x00007ffef9040000 - 0x00007ffef916b000 	C:\Windows\System32\RPCRT4.dll
0x00007ffef8e00000 - 0x00007ffef8fa0000 	C:\Windows\System32\USER32.dll
0x00007ffef7490000 - 0x00007ffef74b2000 	C:\Windows\System32\win32u.dll
0x00007ffef7710000 - 0x00007ffef773a000 	C:\Windows\System32\GDI32.dll
0x00007ffef7380000 - 0x00007ffef748b000 	C:\Windows\System32\gdi32full.dll
0x00007ffef72e0000 - 0x00007ffef737d000 	C:\Windows\System32\msvcp_win.dll
0x00007ffef71e0000 - 0x00007ffef72e0000 	C:\Windows\System32\ucrtbase.dll
0x00007ffee39d0000 - 0x00007ffee3c6a000 	C:\Windows\WinSxS\amd64_microsoft.windows.common-controls_6595b64144ccf1df_6.0.19041.1052_none_60b8f8fd71f5e8cb\COMCTL32.dll
0x00007ffef82b0000 - 0x00007ffef82e0000 	C:\Windows\System32\IMM32.DLL
0x00007ffeee810000 - 0x00007ffeee825000 	C:\Program Files\Java\jdk1.8.0_261\jre\bin\vcruntime140.dll
0x00007ffeb3a80000 - 0x00007ffeb3b1b000 	C:\Program Files\Java\jdk1.8.0_261\jre\bin\msvcp140.dll
0x00000000761d0000 - 0x0000000076a3c000 	C:\Program Files\Java\jdk1.8.0_261\jre\bin\server\jvm.dll
0x00007ffef9180000 - 0x00007ffef9188000 	C:\Windows\System32\PSAPI.DLL
0x00007ffedfb40000 - 0x00007ffedfb49000 	C:\Windows\SYSTEM32\WSOCK32.dll
0x00007ffee5f50000 - 0x00007ffee5f77000 	C:\Windows\SYSTEM32\WINMM.dll
0x00007ffef0b30000 - 0x00007ffef0b3a000 	C:\Windows\SYSTEM32\VERSION.dll
0x00007ffef8240000 - 0x00007ffef82ab000 	C:\Windows\System32\WS2_32.dll
0x00007ffef4da0000 - 0x00007ffef4db2000 	C:\Windows\SYSTEM32\kernel.appcore.dll
0x00007ffef0f00000 - 0x00007ffef0f10000 	C:\Program Files\Java\jdk1.8.0_261\jre\bin\verify.dll
0x00007ffed4b00000 - 0x00007ffed4b2b000 	C:\Program Files\Java\jdk1.8.0_261\jre\bin\java.dll
0x00007ffef2550000 - 0x00007ffef255f000 	C:\Program Files\NetBeans 8.2\profiler\lib\deployed\jdk16\windows-amd64\profilerinterface.dll
0x00007ffee6930000 - 0x00007ffee6948000 	C:\Program Files\Java\jdk1.8.0_261\jre\bin\zip.dll
0x00007ffef83c0000 - 0x00007ffef8aff000 	C:\Windows\System32\SHELL32.dll
0x00007ffef4dc0000 - 0x00007ffef5550000 	C:\Windows\SYSTEM32\windows.storage.dll
0x00007ffef9190000 - 0x00007ffef94e5000 	C:\Windows\System32\combase.dll
0x00007ffef66e0000 - 0x00007ffef670c000 	C:\Windows\SYSTEM32\Wldp.dll
0x00007ffef8110000 - 0x00007ffef81be000 	C:\Windows\System32\SHCORE.dll
0x00007ffef81c0000 - 0x00007ffef8215000 	C:\Windows\System32\shlwapi.dll
0x00007ffef6bb0000 - 0x00007ffef6bcf000 	C:\Windows\SYSTEM32\profapi.dll
0x00007ffed4ae0000 - 0x00007ffed4afc000 	C:\Program Files\Java\jdk1.8.0_261\jre\bin\net.dll
0x00007ffef6450000 - 0x00007ffef64ba000 	C:\Windows\system32\mswsock.dll
0x00007ffef1530000 - 0x00007ffef153d000 	C:\Program Files\Java\jdk1.8.0_261\jre\bin\management.dll
0x00007ffed4ac0000 - 0x00007ffed4ad3000 	C:\Program Files\Java\jdk1.8.0_261\jre\bin\nio.dll
0x00007ffef6620000 - 0x00007ffef6638000 	C:\Windows\SYSTEM32\CRYPTSP.dll
0x00007ffef5d80000 - 0x00007ffef5db4000 	C:\Windows\system32\rsaenh.dll
0x00007ffef7520000 - 0x00007ffef7547000 	C:\Windows\System32\bcrypt.dll
0x00007ffef6b30000 - 0x00007ffef6b5e000 	C:\Windows\SYSTEM32\USERENV.dll
0x00007ffef6c70000 - 0x00007ffef6cf3000 	C:\Windows\System32\bcryptprimitives.dll
0x00007ffef6640000 - 0x00007ffef664c000 	C:\Windows\SYSTEM32\CRYPTBASE.dll
0x00007ffef60f0000 - 0x00007ffef612b000 	C:\Windows\SYSTEM32\IPHLPAPI.DLL
0x00007ffef8d40000 - 0x00007ffef8d48000 	C:\Windows\System32\NSI.dll
0x00007ffeef250000 - 0x00007ffeef267000 	C:\Windows\SYSTEM32\dhcpcsvc6.DLL
0x00007ffeefb00000 - 0x00007ffeefb1d000 	C:\Windows\SYSTEM32\dhcpcsvc.DLL
0x00007ffef6130000 - 0x00007ffef61fc000 	C:\Windows\SYSTEM32\DNSAPI.dll
0x00007ffeb1d30000 - 0x00007ffeb1ec4000 	C:\Program Files\Java\jdk1.8.0_261\jre\bin\awt.dll
0x00007ffef7640000 - 0x00007ffef770d000 	C:\Windows\System32\OLEAUT32.dll
0x00007ffef4180000 - 0x00007ffef4210000 	C:\Windows\SYSTEM32\apphelp.dll
0x00007ffef4340000 - 0x00007ffef43de000 	C:\Windows\system32\uxtheme.dll
0x00007ffef8b00000 - 0x00007ffef8c15000 	C:\Windows\System32\MSCTF.dll
0x00007ffef7bb0000 - 0x00007ffef7cda000 	C:\Windows\System32\ole32.dll
0x00007ffef47e0000 - 0x00007ffef480f000 	C:\Windows\system32\DWMAPI.DLL
0x00007ffed4a70000 - 0x00007ffed4ab9000 	C:\Program Files\Java\jdk1.8.0_261\jre\bin\fontmanager.dll
0x00007ffed1a90000 - 0x00007ffed1bb6000 	C:\Windows\system32\opengl32.dll
0x00007ffee3060000 - 0x00007ffee308c000 	C:\Windows\SYSTEM32\GLU32.dll
0x00007ffef8000000 - 0x00007ffef80a9000 	C:\Windows\System32\clbcatq.dll
0x00007ffeedf90000 - 0x00007ffeee144000 	C:\Windows\SYSTEM32\WindowsCodecs.dll
0x00007ffede880000 - 0x00007ffede8be000 	C:\Windows\system32\dataexchange.dll
0x00007ffef3680000 - 0x00007ffef3866000 	C:\Windows\system32\dcomp.dll
0x00007ffef2750000 - 0x00007ffef29b4000 	C:\Windows\system32\d3d11.dll
0x00007ffef55b0000 - 0x00007ffef56a4000 	C:\Windows\system32\dxgi.dll
0x00007ffeee420000 - 0x00007ffeee621000 	C:\Windows\system32\twinapi.appcore.dll
0x00007ffeb8640000 - 0x00007ffeb8683000 	C:\Program Files\Java\jdk1.8.0_261\jre\bin\t2k.dll
0x00007ffec4490000 - 0x00007ffec4589000 	C:\Windows\SYSTEM32\textinputframework.dll
0x00007ffef3d20000 - 0x00007ffef407e000 	C:\Windows\System32\CoreUIComponents.dll
0x00007ffef3bf0000 - 0x00007ffef3ce2000 	C:\Windows\System32\CoreMessaging.dll
0x00007ffef3520000 - 0x00007ffef3674000 	C:\Windows\SYSTEM32\wintypes.dll
0x00007ffef59b0000 - 0x00007ffef59e3000 	C:\Windows\SYSTEM32\ntmarta.dll
0x00007ffec6a70000 - 0x00007ffec6a9a000 	C:\Program Files\Java\jdk1.8.0_261\jre\bin\dcpr.dll
0x00007ffeef240000 - 0x00007ffeef24a000 	C:\Windows\System32\rasadhlp.dll
0x00007ffee5970000 - 0x00007ffee59ef000 	C:\Windows\System32\fwpuclnt.dll
0x00007ffef4520000 - 0x00007ffef4704000 	C:\Windows\SYSTEM32\dbghelp.dll

VM Arguments:
jvm_args: -Dfile.encoding=UTF-8 -agentpath:C:/Program Files/NetBeans 8.2/profiler/lib/deployed/jdk16/windows-amd64/profilerinterface.dll=C:\Program Files\NetBeans 8.2\profiler\lib,5140,10 -XX:+HeapDumpOnOutOfMemoryError -XX:HeapDumpPath=C:\Users\akhma\OneDrive\Documents\TEL-U\Software Engineering\SEMESTER 4\KPL\KPL_Anti-Nganggur_Kelompok5\ANTI-NGANGGUR_5\nbproject\private\profiler 
java_command: anti.nganggur.Login
java_class_path (initial): C:\Program Files\NetBeans 8.2\ide\modules\ext\mysql-connector-java-5.1.23-bin.jar;C:\Program Files\NetBeans 8.2\java\modules\ext\AbsoluteLayout.jar;C:\Users\akhma\OneDrive\Documents\TEL-U\Software Engineering\SEMESTER 4\KPL\KPL_Anti-Nganggur_Kelompok5\ANTI-NGANGGUR_5\build\classes
Launcher Type: SUN_STANDARD

Environment Variables:
PATH=C:\app\akhma\product\11.2.0\dbhome_1\bin;C:\Program Files (x86)\Common Files\Oracle\Java\javapath;C:\Program Files (x86)\Common Files\Intel\Shared Libraries\redist\intel64\compiler;C:\Windows\system32;C:\Windows;C:\Windows\System32\Wbem;C:\Windows\System32\WindowsPowerShell\v1.0\;C:\Windows\System32\OpenSSH\;C:\Program Files (x86)\NVIDIA Corporation\PhysX\Common;C:\Program Files\NVIDIA Corporation\NVIDIA NvDLISR;C:\Go\bin;C:\Program Files\dotnet\;C:\Program Files\Git\cmd;C:\Users\akhma\AppData\Local\Microsoft\WindowsApps;C:\Users\akhma\go\bin;C:\Users\akhma\AppData\Local\Programs\Microsoft VS Code\bin;C:\Users\akhma\.dotnet\tools;C:\Users\akhma\AppData\Local\GitHubDesktop\bin;C:\Users\akhma\AppData\Local\atom\bin
USERNAME=akhma
OS=Windows_NT
PROCESSOR_IDENTIFIER=Intel64 Family 6 Model 165 Stepping 2, GenuineIntel



---------------  S Y S T E M  ---------------

OS: Windows 10.0 , 64 bit Build 19041 (10.0.19041.1023)

CPU:total 8 (initial active 8) (4 cores per cpu, 2 threads per core) family 6 model 165 stepping 2, cmov, cx8, fxsr, mmx, sse, sse2, sse3, ssse3, sse4.1, sse4.2, popcnt, avx, avx2, aes, clmul, erms, 3dnowpref, lzcnt, ht, tsc, tscinvbit, bmi1, bmi2, adx

Memory: 4k page, physical 8221732k(1109056k free), swap 29193252k(12205744k free)

vm_info: Java HotSpot(TM) 64-Bit Server VM (25.261-b12) for windows-amd64 JRE (1.8.0_261-b12), built on Jun 18 2020 06:56:32 by "" with unknown MS VC++:1916

time: Thu Jul  1 14:54:33 2021
timezone: SE Asia Standard Time
elapsed time: 9 seconds (0d 0h 0m 9s)

