#
# A fatal error has been detected by the Java Runtime Environment:
#
#  EXCEPTION_ACCESS_VIOLATION (0xc0000005) at pc=0x000000007631227e, pid=15092, tid=0x0000000000003064
#
# JRE version: Java(TM) SE Runtime Environment (8.0_261-b12) (build 1.8.0_261-b12)
# Java VM: Java HotSpot(TM) 64-Bit Server VM (25.261-b12 mixed mode windows-amd64 compressed oops)
# Problematic frame:
# V  [jvm.dll+0x14227e]
#
# Failed to write core dump. Minidumps are not enabled by default on client versions of Windows
#
# If you would like to submit a bug report, please visit:
#   http://bugreport.java.com/bugreport/crash.jsp
#

---------------  T H R E A D  ---------------

Current thread (0x000001c045c05800):  JavaThread "*** Profiler Agent Communication Thread" daemon [_thread_in_vm, id=12388, stack(0x000000a1a7900000,0x000000a1a7a00000)]

siginfo: ExceptionCode=0xc0000005, reading address 0x00000000485c0480

Registers:
RAX=0x000000a1a79ff001, RBX=0x000001c045c05800, RCX=0x00000000485c0480, RDX=0x000001c045c05800
RSP=0x000000a1a79ff010, RBP=0x00000000485c0480, RSI=0x000001c02f03b420, RDI=0x000000a1a79ff130
R8 =0x000000a1a79ff130, R9 =0x00000000485c0480, R10=0x0000000000000000, R11=0x000001c04972b2b0
R12=0x000001c049881840, R13=0x0000000000000024, R14=0x00007ffef1289c68, R15=0x00007ffef1289a60
RIP=0x000000007631227e, EFLAGS=0x0000000000010202

Top of Stack: (sp=0x000000a1a79ff010)
0x000000a1a79ff010:   000000a1a79ff100 000000007633cae3
0x000000a1a79ff020:   000001c045c05800 000000a1a79ff1d8
0x000000a1a79ff030:   000001c045c05800 000000007651bd1d
0x000000a1a79ff040:   00000000000005a0 000001c045c05800
0x000000a1a79ff050:   000001c045c059f8 00007ffef75b9d40
0x000000a1a79ff060:   000001c045c05800 0000000000000000
0x000000a1a79ff070:   000001c000000000 0000000000000000
0x000000a1a79ff080:   00000000485c0480 00007ffef12834da
0x000000a1a79ff090:   0000000000000000 000001c045c059f8
0x000000a1a79ff0a0:   0000000000000400 0000000000000039
0x000000a1a79ff0b0:   000001c049881840 000001c045c05e00
0x000000a1a79ff0c0:   000001c044c27850 000001c045c05800
0x000000a1a79ff0d0:   000001c044c27850 000001c045c05800
0x000000a1a79ff0e0:   00000000005c0000 0000000000000400
0x000000a1a79ff0f0:   000001c045c05800 000001c044c27850
0x000000a1a79ff100:   0000000000000000 00000000005c0000 

Instructions: (pc=0x000000007631227e)
0x000000007631225e:   cc cc 48 89 11 c3 cc cc cc cc cc cc cc cc cc cc
0x000000007631226e:   cc cc 40 53 48 83 ec 20 4c 8b c9 48 85 c9 74 50
0x000000007631227e:   48 8b 19 48 85 db 74 48 48 8b 43 08 48 8b 50 08
0x000000007631228e:   48 8b 42 18 48 85 c0 74 37 48 8b 80 90 00 00 00 


Register to memory mapping:

RAX=0x000000a1a79ff001 is pointing into the stack for thread: 0x000001c045c05800
RBX=0x000001c045c05800 is a thread
RCX=0x00000000485c0480 is an unknown value
RDX=0x000001c045c05800 is a thread
RSP=0x000000a1a79ff010 is pointing into the stack for thread: 0x000001c045c05800
RBP=0x00000000485c0480 is an unknown value
RSI=0x000001c02f03b420 is an unknown value
RDI=0x000000a1a79ff130 is pointing into the stack for thread: 0x000001c045c05800
R8 =0x000000a1a79ff130 is pointing into the stack for thread: 0x000001c045c05800
R9 =0x00000000485c0480 is an unknown value
R10=0x0000000000000000 is an unknown value
R11=0x000001c04972b2b0 is an unknown value
R12=0x000001c049881840 is an unknown value
R13=0x0000000000000024 is an unknown value
R14=0x00007ffef1289c68 is an unknown value
R15=0x00007ffef1289a60 is an unknown value


Stack: [0x000000a1a7900000,0x000000a1a7a00000],  sp=0x000000a1a79ff010,  free space=1020k
Native frames: (J=compiled Java code, j=interpreted, Vv=VM code, C=native code)
V  [jvm.dll+0x14227e]
V  [jvm.dll+0x34bd1d]
C  [profilerinterface.dll+0x34da]
C  0x000001c030989f4e

Java frames: (J=compiled Java code, j=interpreted, Vv=VM code)
j  org.netbeans.lib.profiler.server.system.Stacks.getMethodNamesForJMethodIds(I[I[I)[B+0
j  org.netbeans.lib.profiler.server.ProfilerInterface.getMethodNamesForJMethodIds([I)Lorg/netbeans/lib/profiler/wireprotocol/MethodNamesResponse;+20
j  org.netbeans.lib.profiler.server.ProfilerServer.handleClientCommand(Lorg/netbeans/lib/profiler/wireprotocol/Command;)V+691
j  org.netbeans.lib.profiler.server.ProfilerServer.listenToClient()V+48
j  org.netbeans.lib.profiler.server.ProfilerServer.run()V+22
v  ~StubRoutines::call_stub

---------------  P R O C E S S  ---------------

Java Threads: ( => current thread )
  0x000001c0485c3800 JavaThread "Image Fetcher 0" daemon [_thread_blocked, id=20176, stack(0x000000a1a8b00000,0x000000a1a8c00000)]
  0x000001c0485be800 JavaThread "Abandoned connection cleanup thread" daemon [_thread_blocked, id=3516, stack(0x000000a1a8600000,0x000000a1a8700000)]
  0x000001c048300800 JavaThread "TimerQueue" daemon [_thread_blocked, id=1312, stack(0x000000a1a8a00000,0x000000a1a8b00000)]
  0x000001c02f042800 JavaThread "DestroyJavaVM" [_thread_blocked, id=9532, stack(0x000000a1a6b00000,0x000000a1a6c00000)]
  0x000001c047efd000 JavaThread "AWT-EventQueue-0" [_thread_blocked, id=20944, stack(0x000000a1a8500000,0x000000a1a8600000)]
  0x000001c04761e000 JavaThread "AWT-Windows" daemon [_thread_in_native, id=11748, stack(0x000000a1a8400000,0x000000a1a8500000)]
  0x000001c047eaa800 JavaThread "AWT-Shutdown" [_thread_blocked, id=5900, stack(0x000000a1a8300000,0x000000a1a8400000)]
  0x000001c047ea9800 JavaThread "Java2D Disposer" daemon [_thread_blocked, id=11456, stack(0x000000a1a8200000,0x000000a1a8300000)]
  0x000001c04741a800 JavaThread "Service Thread" daemon [_thread_blocked, id=19156, stack(0x000000a1a8000000,0x000000a1a8100000)]
  0x000001c0473a8800 JavaThread "C1 CompilerThread3" daemon [_thread_blocked, id=16196, stack(0x000000a1a7f00000,0x000000a1a8000000)]
  0x000001c0473a8000 JavaThread "C2 CompilerThread2" daemon [_thread_blocked, id=8248, stack(0x000000a1a7e00000,0x000000a1a7f00000)]
  0x000001c047391000 JavaThread "C2 CompilerThread1" daemon [_thread_blocked, id=13352, stack(0x000000a1a7d00000,0x000000a1a7e00000)]
  0x000001c047390800 JavaThread "C2 CompilerThread0" daemon [_thread_blocked, id=1692, stack(0x000000a1a7c00000,0x000000a1a7d00000)]
  0x000001c0472df800 JavaThread "*** Profiler Agent Special Execution Thread 6" daemon [_thread_blocked, id=21152, stack(0x000000a1a7b00000,0x000000a1a7c00000)]
  0x000001c0472d6800 JavaThread "*** JFluid Monitor thread ***" daemon [_thread_blocked, id=14128, stack(0x000000a1a7a00000,0x000000a1a7b00000)]
=>0x000001c045c05800 JavaThread "*** Profiler Agent Communication Thread" daemon [_thread_in_vm, id=12388, stack(0x000000a1a7900000,0x000000a1a7a00000)]
  0x000001c045b88000 JavaThread "Attach Listener" daemon [_thread_blocked, id=13124, stack(0x000000a1a7800000,0x000000a1a7900000)]
  0x000001c045b84000 JavaThread "Signal Dispatcher" daemon [_thread_blocked, id=3424, stack(0x000000a1a7700000,0x000000a1a7800000)]
  0x000001c045b5e000 JavaThread "Finalizer" daemon [_thread_blocked, id=8980, stack(0x000000a1a7600000,0x000000a1a7700000)]
  0x000001c045b5c000 JavaThread "Reference Handler" daemon [_thread_blocked, id=4992, stack(0x000000a1a7500000,0x000000a1a7600000)]

Other Threads:
  0x000001c045b32800 VMThread [stack: 0x000000a1a7400000,0x000000a1a7500000] [id=20568]
  0x000001c0474a4800 WatcherThread [stack: 0x000000a1a8100000,0x000000a1a8200000] [id=16548]

VM state:not at safepoint (normal execution)

VM Mutex/Monitor currently owned by a thread: None

heap address: 0x0000000082800000, size: 2008 MB, Compressed Oops mode: 32-bit
Narrow klass base: 0x0000000000000000, Narrow klass shift: 3
Compressed class space size: 1073741824 Address: 0x0000000100000000

Heap:
 PSYoungGen      total 37888K, used 33954K [0x00000000d6300000, 0x00000000d8d00000, 0x0000000100000000)
  eden space 32768K, 89% used [0x00000000d6300000,0x00000000d7fb3948,0x00000000d8300000)
  from space 5120K, 89% used [0x00000000d8300000,0x00000000d8774f90,0x00000000d8800000)
  to   space 5120K, 0% used [0x00000000d8800000,0x00000000d8800000,0x00000000d8d00000)
 ParOldGen       total 86016K, used 40336K [0x0000000082800000, 0x0000000087c00000, 0x00000000d6300000)
  object space 86016K, 46% used [0x0000000082800000,0x0000000084f64070,0x0000000087c00000)
 Metaspace       used 20075K, capacity 20298K, committed 20608K, reserved 1067008K
  class space    used 2282K, capacity 2385K, committed 2432K, reserved 1048576K

Card table byte_map: [0x000001c03fd30000,0x000001c040120000] byte_map_base: 0x000001c03f91c000

Marking Bits: (ParMarkBitMap*) 0x00000000769c4fb0
 Begin Bits: [0x000001c0403c0000, 0x000001c042320000)
 End Bits:   [0x000001c042320000, 0x000001c044280000)

Polling page: 0x000001c02f130000

CodeCache: size=245760Kb used=4891Kb max_used=4891Kb free=240868Kb
 bounds [0x000001c030970000, 0x000001c030e40000, 0x000001c03f970000]
 total_blobs=1978 nmethods=1377 adapters=514
 compilation: enabled

Compilation events (10 events):
Event: 8.340 Thread 0x000001c0473a8800 1378   !   3       java.awt.Window::getInputContext (36 bytes)
Event: 8.341 Thread 0x000001c0473a8800 nmethod 1378 0x000001c030e34690 code [0x000001c030e34820, 0x000001c030e34db0]
Event: 8.341 Thread 0x000001c0473a8800 1379       1       java.util.Collections$EmptyList::isEmpty (2 bytes)
Event: 8.341 Thread 0x000001c0473a8800 nmethod 1379 0x000001c030e35050 code [0x000001c030e351a0, 0x000001c030e352b8]
Event: 8.343 Thread 0x000001c0473a8800 1380       3       javax.swing.plaf.synth.SynthLookAndFeel::getSelectedUI (13 bytes)
Event: 8.343 Thread 0x000001c0473a8800 nmethod 1380 0x000001c030e35310 code [0x000001c030e35480, 0x000001c030e357a0]
Event: 8.343 Thread 0x000001c0473a8800 1381   !   3       javax.swing.UIDefaults::getResourceCache (178 bytes)
Event: 8.345 Thread 0x000001c0473a8800 nmethod 1381 0x000001c030e35890 code [0x000001c030e35c80, 0x000001c030e38100]
Event: 9.190 Thread 0x000001c0473a8800 1382       3       sun.awt.image.PixelConverter$Xrgb::rgbToPixel (2 bytes)
Event: 9.190 Thread 0x000001c0473a8800 nmethod 1382 0x000001c030e399d0 code [0x000001c030e39b20, 0x000001c030e39c78]

GC Heap History (2 events):
Event: 3.473 GC heap before
{Heap before GC invocations=1 (full 0):
 PSYoungGen      total 37888K, used 32768K [0x00000000d6300000, 0x00000000d8d00000, 0x0000000100000000)
  eden space 32768K, 100% used [0x00000000d6300000,0x00000000d8300000,0x00000000d8300000)
  from space 5120K, 0% used [0x00000000d8800000,0x00000000d8800000,0x00000000d8d00000)
  to   space 5120K, 0% used [0x00000000d8300000,0x00000000d8300000,0x00000000d8800000)
 ParOldGen       total 86016K, used 0K [0x0000000082800000, 0x0000000087c00000, 0x00000000d6300000)
  object space 86016K, 0% used [0x0000000082800000,0x0000000082800000,0x0000000087c00000)
 Metaspace       used 15644K, capacity 15892K, committed 16128K, reserved 1062912K
  class space    used 1952K, capacity 2030K, committed 2048K, reserved 1048576K
Event: 3.485 GC heap after
Heap after GC invocations=1 (full 0):
 PSYoungGen      total 37888K, used 4563K [0x00000000d6300000, 0x00000000d8d00000, 0x0000000100000000)
  eden space 32768K, 0% used [0x00000000d6300000,0x00000000d6300000,0x00000000d8300000)
  from space 5120K, 89% used [0x00000000d8300000,0x00000000d8774f90,0x00000000d8800000)
  to   space 5120K, 0% used [0x00000000d8800000,0x00000000d8800000,0x00000000d8d00000)
 ParOldGen       total 86016K, used 40336K [0x0000000082800000, 0x0000000087c00000, 0x00000000d6300000)
  object space 86016K, 46% used [0x0000000082800000,0x0000000084f64070,0x0000000087c00000)
 Metaspace       used 15644K, capacity 15892K, committed 16128K, reserved 1062912K
  class space    used 1952K, capacity 2030K, committed 2048K, reserved 1048576K
}

Deoptimization events (10 events):
Event: 1.474 Thread 0x000001c047efd000 Uncommon trap: reason=unstable_if action=reinterpret pc=0x000001c030ab4370 method=java.lang.AbstractStringBuilder.append(Ljava/lang/String;)Ljava/lang/AbstractStringBuilder; @ 1
Event: 1.594 Thread 0x000001c04816f800 Uncommon trap: reason=unstable_if action=reinterpret pc=0x000001c030bab758 method=sun.awt.image.ImageRepresentation.getOpaqueRGBImage()Ljava/awt/image/BufferedImage; @ 57
Event: 3.487 Thread 0x000001c047efd000 Uncommon trap: reason=class_check action=maybe_recompile pc=0x000001c030a994e0 method=java.lang.String.equals(Ljava/lang/Object;)Z @ 8
Event: 3.487 Thread 0x000001c047efd000 Uncommon trap: reason=class_check action=maybe_recompile pc=0x000001c030a994e0 method=java.lang.String.equals(Ljava/lang/Object;)Z @ 8
Event: 3.825 Thread 0x000001c047efd000 Uncommon trap: reason=class_check action=maybe_recompile pc=0x000001c030a994e0 method=java.lang.String.equals(Ljava/lang/Object;)Z @ 8
Event: 3.825 Thread 0x000001c047efd000 Uncommon trap: reason=class_check action=maybe_recompile pc=0x000001c030a994e0 method=java.lang.String.equals(Ljava/lang/Object;)Z @ 8
Event: 7.476 Thread 0x000001c047efd000 Uncommon trap: reason=unstable_if action=reinterpret pc=0x000001c030d28804 method=sun.nio.cs.UTF_8$Decoder.decode([BII[C)I @ 30
Event: 7.756 Thread 0x000001c047efd000 Uncommon trap: reason=predicate action=maybe_recompile pc=0x000001c030d44cb8 method=sun.net.www.ParseUtil.encodePath(Ljava/lang/String;Z)Ljava/lang/String; @ 36
Event: 8.238 Thread 0x000001c0485c3800 Uncommon trap: reason=unstable_if action=reinterpret pc=0x000001c030bd40b0 method=sun.awt.image.PNGImageDecoder.produceImage()V @ 932
Event: 8.240 Thread 0x000001c0485c3800 Uncommon trap: reason=unstable_if action=reinterpret pc=0x000001c030bacacc method=sun.awt.image.ImageRepresentation.getOpaqueRGBImage()Ljava/awt/image/BufferedImage; @ 57

Classes redefined (10 events):
Event: 8.016 Thread 0x000001c045b32800 redefined class name=com.mysql.jdbc.ResultSetImpl, count=1
Event: 8.059 Thread 0x000001c045b32800 redefined class name=com.mysql.jdbc.UpdatableResultSet, count=2
Event: 8.080 Thread 0x000001c045b32800 redefined class name=com.mysql.jdbc.SQLError, count=1
Event: 8.096 Thread 0x000001c045b32800 redefined class name=java.sql.SQLException, count=1
Event: 8.108 Thread 0x000001c045b32800 redefined class name=java.sql.DriverManager, count=1
Event: 8.119 Thread 0x000001c045b32800 redefined class name=com.mysql.jdbc.Driver, count=1
Event: 8.149 Thread 0x000001c045b32800 redefined class name=com.mysql.jdbc.EscapeProcessor, count=1
Event: 8.163 Thread 0x000001c045b32800 redefined class name=java.sql.PreparedStatement, count=1
Event: 8.200 Thread 0x000001c045b32800 redefined class name=com.mysql.jdbc.PreparedStatement, count=2
Event: 8.209 Thread 0x000001c045b32800 redefined class name=com.mysql.jdbc.JDBC4PreparedStatement, count=1

Internal exceptions (10 events):
Event: 1.446 Thread 0x000001c02f042800 Exception <a 'java/lang/ClassNotFoundException': javax/swing/JToolBarSeparator> (0x00000000d6dff1a0) thrown at [C:\jenkins\workspace\8-2-build-windows-amd64-cygwin\jdk8u261\295\hotspot\src\share\vm\classfile\systemDictionary.cpp, line 210]
Event: 1.446 Thread 0x000001c02f042800 Exception <a 'java/lang/ClassNotFoundException': ToolBarSeparator> (0x00000000d6dff638) thrown at [C:\jenkins\workspace\8-2-build-windows-amd64-cygwin\jdk8u261\295\hotspot\src\share\vm\classfile\systemDictionary.cpp, line 210]
Event: 1.447 Thread 0x000001c02f042800 Exception <a 'java/lang/ClassNotFoundException': ToolTip> (0x00000000d6dffdd8) thrown at [C:\jenkins\workspace\8-2-build-windows-amd64-cygwin\jdk8u261\295\hotspot\src\share\vm\classfile\systemDictionary.cpp, line 210]
Event: 1.447 Thread 0x000001c02f042800 Exception <a 'java/lang/ClassNotFoundException': Tree> (0x00000000d6e00a58) thrown at [C:\jenkins\workspace\8-2-build-windows-amd64-cygwin\jdk8u261\295\hotspot\src\share\vm\classfile\systemDictionary.cpp, line 210]
Event: 1.447 Thread 0x000001c02f042800 Exception <a 'java/lang/ClassNotFoundException': Tree> (0x00000000d6e01198) thrown at [C:\jenkins\workspace\8-2-build-windows-amd64-cygwin\jdk8u261\295\hotspot\src\share\vm\classfile\systemDictionary.cpp, line 210]
Event: 1.447 Thread 0x000001c02f042800 Exception <a 'java/lang/ClassNotFoundException': javax/swing/JTreeCell> (0x00000000d6e01518) thrown at [C:\jenkins\workspace\8-2-build-windows-amd64-cygwin\jdk8u261\295\hotspot\src\share\vm\classfile\systemDictionary.cpp, line 210]
Event: 1.447 Thread 0x000001c02f042800 Exception <a 'java/lang/ClassNotFoundException': TreeCell> (0x00000000d6e019a0) thrown at [C:\jenkins\workspace\8-2-build-windows-amd64-cygwin\jdk8u261\295\hotspot\src\share\vm\classfile\systemDictionary.cpp, line 210]
Event: 1.448 Thread 0x000001c02f042800 Exception <a 'java/lang/ClassNotFoundException': RootPane> (0x00000000d6e02468) thrown at [C:\jenkins\workspace\8-2-build-windows-amd64-cygwin\jdk8u261\295\hotspot\src\share\vm\classfile\systemDictionary.cpp, line 210]
Event: 1.474 Thread 0x000001c047efd000 Implicit null exception at 0x000001c030ab35d4 to 0x000001c030ab3991
Event: 1.474 Thread 0x000001c047efd000 Implicit null exception at 0x000001c030ab3f94 to 0x000001c030ab4359

Events (10 events):
Event: 8.290 loading class java/awt/Window$1DisposeAction
Event: 8.290 loading class java/awt/Window$1DisposeAction done
Event: 8.291 loading class java/awt/KeyboardFocusManager$2
Event: 8.291 loading class java/awt/KeyboardFocusManager$2 done
Event: 8.294 loading class javax/swing/Autoscroller
Event: 8.294 loading class javax/swing/Autoscroller done
Event: 8.296 loading class java/awt/LightweightDispatcher$2
Event: 8.296 loading class java/awt/LightweightDispatcher$2 done
Event: 9.609 loading class org/netbeans/lib/profiler/wireprotocol/GetMethodNamesForJMethodIdsCommand
Event: 9.609 loading class org/netbeans/lib/profiler/wireprotocol/GetMethodNamesForJMethodIdsCommand done


Dynamic libraries:
0x00007ff721c70000 - 0x00007ff721cb7000 	C:\Program Files\Java\jdk1.8.0_261\bin\java.exe
0x00007ffef9530000 - 0x00007ffef9725000 	C:\Windows\SYSTEM32\ntdll.dll
0x00007ffef8c80000 - 0x00007ffef8d3d000 	C:\Windows\System32\KERNEL32.DLL
0x00007ffef6f10000 - 0x00007ffef71d8000 	C:\Windows\System32\KERNELBASE.dll
0x00007ffef8d50000 - 0x00007ffef8dfc000 	C:\Windows\System32\ADVAPI32.dll
0x00007ffef75a0000 - 0x00007ffef763e000 	C:\Windows\System32\msvcrt.dll
0x00007ffef8fa0000 - 0x00007ffef903b000 	C:\Windows\System32\sechost.dll
0x00007ffef9040000 - 0x00007ffef916b000 	C:\Windows\System32\RPCRT4.dll
0x00007ffef8e00000 - 0x00007ffef8fa0000 	C:\Windows\System32\USER32.dll
0x00007ffef7490000 - 0x00007ffef74b2000 	C:\Windows\System32\win32u.dll
0x00007ffef7710000 - 0x00007ffef773a000 	C:\Windows\System32\GDI32.dll
0x00007ffef7380000 - 0x00007ffef748b000 	C:\Windows\System32\gdi32full.dll
0x00007ffef72e0000 - 0x00007ffef737d000 	C:\Windows\System32\msvcp_win.dll
0x00007ffef71e0000 - 0x00007ffef72e0000 	C:\Windows\System32\ucrtbase.dll
0x00007ffee39d0000 - 0x00007ffee3c6a000 	C:\Windows\WinSxS\amd64_microsoft.windows.common-controls_6595b64144ccf1df_6.0.19041.1052_none_60b8f8fd71f5e8cb\COMCTL32.dll
0x00007ffef82b0000 - 0x00007ffef82e0000 	C:\Windows\System32\IMM32.DLL
0x00007ffeee810000 - 0x00007ffeee825000 	C:\Program Files\Java\jdk1.8.0_261\jre\bin\vcruntime140.dll
0x00007ffeb3a80000 - 0x00007ffeb3b1b000 	C:\Program Files\Java\jdk1.8.0_261\jre\bin\msvcp140.dll
0x00000000761d0000 - 0x0000000076a3c000 	C:\Program Files\Java\jdk1.8.0_261\jre\bin\server\jvm.dll
0x00007ffef9180000 - 0x00007ffef9188000 	C:\Windows\System32\PSAPI.DLL
0x00007ffef0b30000 - 0x00007ffef0b3a000 	C:\Windows\SYSTEM32\VERSION.dll
0x00007ffedfb40000 - 0x00007ffedfb49000 	C:\Windows\SYSTEM32\WSOCK32.dll
0x00007ffee5f50000 - 0x00007ffee5f77000 	C:\Windows\SYSTEM32\WINMM.dll
0x00007ffef8240000 - 0x00007ffef82ab000 	C:\Windows\System32\WS2_32.dll
0x00007ffef4da0000 - 0x00007ffef4db2000 	C:\Windows\SYSTEM32\kernel.appcore.dll
0x00007ffef0f00000 - 0x00007ffef0f10000 	C:\Program Files\Java\jdk1.8.0_261\jre\bin\verify.dll
0x00007ffed4b00000 - 0x00007ffed4b2b000 	C:\Program Files\Java\jdk1.8.0_261\jre\bin\java.dll
0x00007ffef1280000 - 0x00007ffef128f000 	C:\Program Files\NetBeans 8.2\profiler\lib\deployed\jdk16\windows-amd64\profilerinterface.dll
0x00007ffee6930000 - 0x00007ffee6948000 	C:\Program Files\Java\jdk1.8.0_261\jre\bin\zip.dll
0x00007ffef83c0000 - 0x00007ffef8aff000 	C:\Windows\System32\SHELL32.dll
0x00007ffef4dc0000 - 0x00007ffef5550000 	C:\Windows\SYSTEM32\windows.storage.dll
0x00007ffef9190000 - 0x00007ffef94e5000 	C:\Windows\System32\combase.dll
0x00007ffef66e0000 - 0x00007ffef670c000 	C:\Windows\SYSTEM32\Wldp.dll
0x00007ffef8110000 - 0x00007ffef81be000 	C:\Windows\System32\SHCORE.dll
0x00007ffef81c0000 - 0x00007ffef8215000 	C:\Windows\System32\shlwapi.dll
0x00007ffef6bb0000 - 0x00007ffef6bcf000 	C:\Windows\SYSTEM32\profapi.dll
0x00007ffed4ae0000 - 0x00007ffed4afc000 	C:\Program Files\Java\jdk1.8.0_261\jre\bin\net.dll
0x00007ffef6450000 - 0x00007ffef64ba000 	C:\Windows\system32\mswsock.dll
0x00007ffef1530000 - 0x00007ffef153d000 	C:\Program Files\Java\jdk1.8.0_261\jre\bin\management.dll
0x00007ffed4ac0000 - 0x00007ffed4ad3000 	C:\Program Files\Java\jdk1.8.0_261\jre\bin\nio.dll
0x00007ffef6620000 - 0x00007ffef6638000 	C:\Windows\SYSTEM32\CRYPTSP.dll
0x00007ffef5d80000 - 0x00007ffef5db4000 	C:\Windows\system32\rsaenh.dll
0x00007ffef7520000 - 0x00007ffef7547000 	C:\Windows\System32\bcrypt.dll
0x00007ffef6b30000 - 0x00007ffef6b5e000 	C:\Windows\SYSTEM32\USERENV.dll
0x00007ffef6c70000 - 0x00007ffef6cf3000 	C:\Windows\System32\bcryptprimitives.dll
0x00007ffef6640000 - 0x00007ffef664c000 	C:\Windows\SYSTEM32\CRYPTBASE.dll
0x00007ffef60f0000 - 0x00007ffef612b000 	C:\Windows\SYSTEM32\IPHLPAPI.DLL
0x00007ffef8d40000 - 0x00007ffef8d48000 	C:\Windows\System32\NSI.dll
0x00007ffeef250000 - 0x00007ffeef267000 	C:\Windows\SYSTEM32\dhcpcsvc6.DLL
0x00007ffeefb00000 - 0x00007ffeefb1d000 	C:\Windows\SYSTEM32\dhcpcsvc.DLL
0x00007ffef6130000 - 0x00007ffef61fc000 	C:\Windows\SYSTEM32\DNSAPI.dll
0x00007ffeb1d30000 - 0x00007ffeb1ec4000 	C:\Program Files\Java\jdk1.8.0_261\jre\bin\awt.dll
0x00007ffef7640000 - 0x00007ffef770d000 	C:\Windows\System32\OLEAUT32.dll
0x00007ffef4180000 - 0x00007ffef4210000 	C:\Windows\SYSTEM32\apphelp.dll
0x00007ffef4340000 - 0x00007ffef43de000 	C:\Windows\system32\uxtheme.dll
0x00007ffef8b00000 - 0x00007ffef8c15000 	C:\Windows\System32\MSCTF.dll
0x00007ffef7bb0000 - 0x00007ffef7cda000 	C:\Windows\System32\ole32.dll
0x00007ffef47e0000 - 0x00007ffef480f000 	C:\Windows\system32\DWMAPI.DLL
0x00007ffed4a70000 - 0x00007ffed4ab9000 	C:\Program Files\Java\jdk1.8.0_261\jre\bin\fontmanager.dll
0x00007ffed1a90000 - 0x00007ffed1bb6000 	C:\Windows\system32\opengl32.dll
0x00007ffee3060000 - 0x00007ffee308c000 	C:\Windows\SYSTEM32\GLU32.dll
0x00007ffef8000000 - 0x00007ffef80a9000 	C:\Windows\System32\clbcatq.dll
0x00007ffeedf90000 - 0x00007ffeee144000 	C:\Windows\SYSTEM32\WindowsCodecs.dll
0x00007ffede880000 - 0x00007ffede8be000 	C:\Windows\system32\dataexchange.dll
0x00007ffef2750000 - 0x00007ffef29b4000 	C:\Windows\system32\d3d11.dll
0x00007ffef3680000 - 0x00007ffef3866000 	C:\Windows\system32\dcomp.dll
0x00007ffef55b0000 - 0x00007ffef56a4000 	C:\Windows\system32\dxgi.dll
0x00007ffeee420000 - 0x00007ffeee621000 	C:\Windows\system32\twinapi.appcore.dll
0x00007ffeb8640000 - 0x00007ffeb8683000 	C:\Program Files\Java\jdk1.8.0_261\jre\bin\t2k.dll
0x00007ffec4490000 - 0x00007ffec4589000 	C:\Windows\SYSTEM32\textinputframework.dll
0x00007ffef3d20000 - 0x00007ffef407e000 	C:\Windows\System32\CoreUIComponents.dll
0x00007ffef3bf0000 - 0x00007ffef3ce2000 	C:\Windows\System32\CoreMessaging.dll
0x00007ffef59b0000 - 0x00007ffef59e3000 	C:\Windows\SYSTEM32\ntmarta.dll
0x00007ffef3520000 - 0x00007ffef3674000 	C:\Windows\SYSTEM32\wintypes.dll
0x00007ffec6a70000 - 0x00007ffec6a9a000 	C:\Program Files\Java\jdk1.8.0_261\jre\bin\dcpr.dll
0x00007ffeef240000 - 0x00007ffeef24a000 	C:\Windows\System32\rasadhlp.dll
0x00007ffee5970000 - 0x00007ffee59ef000 	C:\Windows\System32\fwpuclnt.dll
0x00007ffef4520000 - 0x00007ffef4704000 	C:\Windows\SYSTEM32\dbghelp.dll

VM Arguments:
jvm_args: -Dfile.encoding=UTF-8 -agentpath:C:/Program Files/NetBeans 8.2/profiler/lib/deployed/jdk16/windows-amd64/profilerinterface.dll=C:\Program Files\NetBeans 8.2\profiler\lib,5140,10 -XX:+HeapDumpOnOutOfMemoryError -XX:HeapDumpPath=C:\Users\akhma\OneDrive\Documents\TEL-U\Software Engineering\SEMESTER 4\KPL\KPL_Anti-Nganggur_Kelompok5\ANTI-NGANGGUR_5\nbproject\private\profiler 
java_command: anti.nganggur.Login
java_class_path (initial): C:\Program Files\NetBeans 8.2\ide\modules\ext\mysql-connector-java-5.1.23-bin.jar;C:\Program Files\NetBeans 8.2\java\modules\ext\AbsoluteLayout.jar;C:\Users\akhma\OneDrive\Documents\TEL-U\Software Engineering\SEMESTER 4\KPL\KPL_Anti-Nganggur_Kelompok5\ANTI-NGANGGUR_5\build\classes
Launcher Type: SUN_STANDARD

Environment Variables:
PATH=C:\app\akhma\product\11.2.0\dbhome_1\bin;C:\Program Files (x86)\Common Files\Oracle\Java\javapath;C:\Program Files (x86)\Common Files\Intel\Shared Libraries\redist\intel64\compiler;C:\Windows\system32;C:\Windows;C:\Windows\System32\Wbem;C:\Windows\System32\WindowsPowerShell\v1.0\;C:\Windows\System32\OpenSSH\;C:\Program Files (x86)\NVIDIA Corporation\PhysX\Common;C:\Program Files\NVIDIA Corporation\NVIDIA NvDLISR;C:\Go\bin;C:\Program Files\dotnet\;C:\Program Files\Git\cmd;C:\Users\akhma\AppData\Local\Microsoft\WindowsApps;C:\Users\akhma\go\bin;C:\Users\akhma\AppData\Local\Programs\Microsoft VS Code\bin;C:\Users\akhma\.dotnet\tools;C:\Users\akhma\AppData\Local\GitHubDesktop\bin;C:\Users\akhma\AppData\Local\atom\bin
USERNAME=akhma
OS=Windows_NT
PROCESSOR_IDENTIFIER=Intel64 Family 6 Model 165 Stepping 2, GenuineIntel



---------------  S Y S T E M  ---------------

OS: Windows 10.0 , 64 bit Build 19041 (10.0.19041.1023)

CPU:total 8 (initial active 8) (4 cores per cpu, 2 threads per core) family 6 model 165 stepping 2, cmov, cx8, fxsr, mmx, sse, sse2, sse3, ssse3, sse4.1, sse4.2, popcnt, avx, avx2, aes, clmul, erms, 3dnowpref, lzcnt, ht, tsc, tscinvbit, bmi1, bmi2, adx

Memory: 4k page, physical 8221732k(937232k free), swap 29193252k(12074428k free)

vm_info: Java HotSpot(TM) 64-Bit Server VM (25.261-b12) for windows-amd64 JRE (1.8.0_261-b12), built on Jun 18 2020 06:56:32 by "" with unknown MS VC++:1916

time: Thu Jul  1 14:48:25 2021
timezone: SE Asia Standard Time
elapsed time: 9 seconds (0d 0h 0m 9s)

