#
# A fatal error has been detected by the Java Runtime Environment:
#
#  EXCEPTION_ACCESS_VIOLATION (0xc0000005) at pc=0x000000007631227e, pid=5804, tid=0x00000000000026bc
#
# JRE version: Java(TM) SE Runtime Environment (8.0_261-b12) (build 1.8.0_261-b12)
# Java VM: Java HotSpot(TM) 64-Bit Server VM (25.261-b12 mixed mode windows-amd64 compressed oops)
# Problematic frame:
# V  [jvm.dll+0x14227e]
#
# Failed to write core dump. Minidumps are not enabled by default on client versions of Windows
#
# If you would like to submit a bug report, please visit:
#   http://bugreport.java.com/bugreport/crash.jsp
#

---------------  T H R E A D  ---------------

Current thread (0x0000020b64ebb800):  JavaThread "*** Profiler Agent Communication Thread" daemon [_thread_in_vm, id=9916, stack(0x000000fd42300000,0x000000fd42400000)]

siginfo: ExceptionCode=0xc0000005, reading address 0x0000000066848a70

Registers:
RAX=0x000000fd423fef01, RBX=0x0000020b64ebb800, RCX=0x0000000066848a70, RDX=0x0000020b64ebb800
RSP=0x000000fd423feef0, RBP=0x0000000066848a70, RSI=0x0000020b4e31d590, RDI=0x000000fd423ff010
R8 =0x000000fd423ff010, R9 =0x0000000066848a70, R10=0x0000000000000000, R11=0x0000020b689c3b40
R12=0x0000020b68b7d3e0, R13=0x0000000000000027, R14=0x00007ffef1289c68, R15=0x00007ffef1289a60
RIP=0x000000007631227e, EFLAGS=0x0000000000010202

Top of Stack: (sp=0x000000fd423feef0)
0x000000fd423feef0:   000000fd423ff000 000000007633cae3
0x000000fd423fef00:   0000020b64ebb800 000000fd423ff0b8
0x000000fd423fef10:   0000020b64ebb800 000000007651bd1d
0x000000fd423fef20:   0000000000000618 0000020b64ebb800
0x000000fd423fef30:   0000020b64ebb9f8 00007ffef75b9d40
0x000000fd423fef40:   0000020b64ebb800 0000000000000000
0x000000fd423fef50:   0000020b00000000 0000000000000000
0x000000fd423fef60:   0000000066848a70 00007ffef12834da
0x000000fd423fef70:   0000000000000000 0000020b64ebb9f8
0x000000fd423fef80:   0000000000008a00 0000000000000039
0x000000fd423fef90:   0000020b68b7d3e0 0000020b64ebbe20
0x000000fd423fefa0:   0000020b63eb7850 0000020b64ebb800
0x000000fd423fefb0:   0000020b63eb7850 0000020b64ebb800
0x000000fd423fefc0:   0000000000840000 0000000000008a00
0x000000fd423fefd0:   0000020b64ebb800 0000020b63eb7850
0x000000fd423fefe0:   0000000000000000 0000000000840000 

Instructions: (pc=0x000000007631227e)
0x000000007631225e:   cc cc 48 89 11 c3 cc cc cc cc cc cc cc cc cc cc
0x000000007631226e:   cc cc 40 53 48 83 ec 20 4c 8b c9 48 85 c9 74 50
0x000000007631227e:   48 8b 19 48 85 db 74 48 48 8b 43 08 48 8b 50 08
0x000000007631228e:   48 8b 42 18 48 85 c0 74 37 48 8b 80 90 00 00 00 


Register to memory mapping:

RAX=0x000000fd423fef01 is pointing into the stack for thread: 0x0000020b64ebb800
RBX=0x0000020b64ebb800 is a thread
RCX=0x0000000066848a70 is an unknown value
RDX=0x0000020b64ebb800 is a thread
RSP=0x000000fd423feef0 is pointing into the stack for thread: 0x0000020b64ebb800
RBP=0x0000000066848a70 is an unknown value
RSI=0x0000020b4e31d590 is an unknown value
RDI=0x000000fd423ff010 is pointing into the stack for thread: 0x0000020b64ebb800
R8 =0x000000fd423ff010 is pointing into the stack for thread: 0x0000020b64ebb800
R9 =0x0000000066848a70 is an unknown value
R10=0x0000000000000000 is an unknown value
R11=0x0000020b689c3b40 is an unknown value
R12=0x0000020b68b7d3e0 is an unknown value
R13=0x0000000000000027 is an unknown value
R14=0x00007ffef1289c68 is an unknown value
R15=0x00007ffef1289a60 is an unknown value


Stack: [0x000000fd42300000,0x000000fd42400000],  sp=0x000000fd423feef0,  free space=1019k
Native frames: (J=compiled Java code, j=interpreted, Vv=VM code, C=native code)
V  [jvm.dll+0x14227e]
V  [jvm.dll+0x34bd1d]
C  [profilerinterface.dll+0x34da]
C  0x0000020b4fbe9f4e

Java frames: (J=compiled Java code, j=interpreted, Vv=VM code)
j  org.netbeans.lib.profiler.server.system.Stacks.getMethodNamesForJMethodIds(I[I[I)[B+0
j  org.netbeans.lib.profiler.server.ProfilerInterface.getMethodNamesForJMethodIds([I)Lorg/netbeans/lib/profiler/wireprotocol/MethodNamesResponse;+20
j  org.netbeans.lib.profiler.server.ProfilerServer.handleClientCommand(Lorg/netbeans/lib/profiler/wireprotocol/Command;)V+691
j  org.netbeans.lib.profiler.server.ProfilerServer.listenToClient()V+48
j  org.netbeans.lib.profiler.server.ProfilerServer.run()V+22
v  ~StubRoutines::call_stub

---------------  P R O C E S S  ---------------

Java Threads: ( => current thread )
  0x0000020b66891000 JavaThread "Image Fetcher 0" daemon [_thread_blocked, id=5388, stack(0x000000fd43500000,0x000000fd43600000)]
  0x0000020b6688f800 JavaThread "Abandoned connection cleanup thread" daemon [_thread_blocked, id=17492, stack(0x000000fd43000000,0x000000fd43100000)]
  0x0000020b66893800 JavaThread "TimerQueue" daemon [_thread_blocked, id=16944, stack(0x000000fd43400000,0x000000fd43500000)]
  0x0000020b66890800 JavaThread "DestroyJavaVM" [_thread_blocked, id=5456, stack(0x000000fd41500000,0x000000fd41600000)]
  0x0000020b66895000 JavaThread "AWT-EventQueue-0" [_thread_blocked, id=9796, stack(0x000000fd42f00000,0x000000fd43000000)]
  0x0000020b66895800 JavaThread "AWT-Windows" daemon [_thread_in_native, id=12108, stack(0x000000fd42e00000,0x000000fd42f00000)]
  0x0000020b66894000 JavaThread "AWT-Shutdown" [_thread_blocked, id=17836, stack(0x000000fd42d00000,0x000000fd42e00000)]
  0x0000020b6688f000 JavaThread "Java2D Disposer" daemon [_thread_blocked, id=7336, stack(0x000000fd42c00000,0x000000fd42d00000)]
  0x0000020b6665b800 JavaThread "Service Thread" daemon [_thread_blocked, id=18192, stack(0x000000fd42a00000,0x000000fd42b00000)]
  0x0000020b66679800 JavaThread "C1 CompilerThread3" daemon [_thread_blocked, id=12428, stack(0x000000fd42900000,0x000000fd42a00000)]
  0x0000020b66678800 JavaThread "C2 CompilerThread2" daemon [_thread_blocked, id=13856, stack(0x000000fd42800000,0x000000fd42900000)]
  0x0000020b6664b000 JavaThread "C2 CompilerThread1" daemon [_thread_blocked, id=13572, stack(0x000000fd42700000,0x000000fd42800000)]
  0x0000020b6664a800 JavaThread "C2 CompilerThread0" daemon [_thread_blocked, id=19856, stack(0x000000fd42600000,0x000000fd42700000)]
  0x0000020b6658b000 JavaThread "*** Profiler Agent Special Execution Thread 6" daemon [_thread_blocked, id=10856, stack(0x000000fd42500000,0x000000fd42600000)]
  0x0000020b6658a800 JavaThread "*** JFluid Monitor thread ***" daemon [_thread_blocked, id=5500, stack(0x000000fd42400000,0x000000fd42500000)]
=>0x0000020b64ebb800 JavaThread "*** Profiler Agent Communication Thread" daemon [_thread_in_vm, id=9916, stack(0x000000fd42300000,0x000000fd42400000)]
  0x0000020b64e34000 JavaThread "Attach Listener" daemon [_thread_blocked, id=10940, stack(0x000000fd42200000,0x000000fd42300000)]
  0x0000020b64e33000 JavaThread "Signal Dispatcher" daemon [_thread_blocked, id=11648, stack(0x000000fd42100000,0x000000fd42200000)]
  0x0000020b64e0d800 JavaThread "Finalizer" daemon [_thread_blocked, id=15480, stack(0x000000fd42000000,0x000000fd42100000)]
  0x0000020b64e0b000 JavaThread "Reference Handler" daemon [_thread_blocked, id=17392, stack(0x000000fd41f00000,0x000000fd42000000)]

Other Threads:
  0x0000020b641f7800 VMThread [stack: 0x000000fd41e00000,0x000000fd41f00000] [id=5244]
  0x0000020b66711800 WatcherThread [stack: 0x000000fd42b00000,0x000000fd42c00000] [id=11000]

VM state:not at safepoint (normal execution)

VM Mutex/Monitor currently owned by a thread: None

heap address: 0x0000000082800000, size: 2008 MB, Compressed Oops mode: 32-bit
Narrow klass base: 0x0000000000000000, Narrow klass shift: 3
Compressed class space size: 1073741824 Address: 0x0000000100000000

Heap:
 PSYoungGen      total 37888K, used 36803K [0x00000000d6300000, 0x00000000d8d00000, 0x0000000100000000)
  eden space 32768K, 98% used [0x00000000d6300000,0x00000000d8280010,0x00000000d8300000)
  from space 5120K, 88% used [0x00000000d8300000,0x00000000d8770fa0,0x00000000d8800000)
  to   space 5120K, 0% used [0x00000000d8800000,0x00000000d8800000,0x00000000d8d00000)
 ParOldGen       total 86016K, used 40336K [0x0000000082800000, 0x0000000087c00000, 0x00000000d6300000)
  object space 86016K, 46% used [0x0000000082800000,0x0000000084f64070,0x0000000087c00000)
 Metaspace       used 20829K, capacity 20992K, committed 21248K, reserved 1069056K
  class space    used 2412K, capacity 2492K, committed 2560K, reserved 1048576K

Card table byte_map: [0x0000020b5ef90000,0x0000020b5f380000] byte_map_base: 0x0000020b5eb7c000

Marking Bits: (ParMarkBitMap*) 0x00000000769c4fb0
 Begin Bits: [0x0000020b5f620000, 0x0000020b61580000)
 End Bits:   [0x0000020b61580000, 0x0000020b634e0000)

Polling page: 0x0000020b4fba0000

CodeCache: size=245760Kb used=5470Kb max_used=5502Kb free=240289Kb
 bounds [0x0000020b4fbd0000, 0x0000020b50140000, 0x0000020b5ebd0000]
 total_blobs=2151 nmethods=1549 adapters=514
 compilation: enabled

Compilation events (10 events):
Event: 9.455 Thread 0x0000020b66679800 nmethod 1552 0x0000020b5011c290 code [0x0000020b5011c400, 0x0000020b5011c6b0]
Event: 9.455 Thread 0x0000020b66679800 1553   !   3       java.awt.Container::getComponentZOrder (43 bytes)
Event: 9.455 Thread 0x0000020b66679800 nmethod 1553 0x0000020b5011b990 code [0x0000020b5011bb20, 0x0000020b5011c0b0]
Event: 9.455 Thread 0x0000020b66679800 1551       1       java.awt.Container::isFocusCycleRoot (5 bytes)
Event: 9.455 Thread 0x0000020b66679800 nmethod 1551 0x0000020b5011b6d0 code [0x0000020b5011b820, 0x0000020b5011b938]
Event: 9.455 Thread 0x0000020b66679800 1555       1       javax.swing.table.TableColumn::getPreferredWidth (5 bytes)
Event: 9.455 Thread 0x0000020b66679800 nmethod 1555 0x0000020b5011b410 code [0x0000020b5011b560, 0x0000020b5011b678]
Event: 9.455 Thread 0x0000020b66679800 1554       1       javax.swing.plaf.basic.BasicButtonUI::getPropertyPrefix (3 bytes)
Event: 9.455 Thread 0x0000020b66679800 nmethod 1554 0x0000020b5011b150 code [0x0000020b5011b2a0, 0x0000020b5011b3b8]
Event: 9.483 Thread 0x0000020b6664a800 nmethod 1446% 0x0000020b50129350 code [0x0000020b50129680, 0x0000020b5012ec68]

GC Heap History (2 events):
Event: 2.831 GC heap before
{Heap before GC invocations=1 (full 0):
 PSYoungGen      total 37888K, used 32768K [0x00000000d6300000, 0x00000000d8d00000, 0x0000000100000000)
  eden space 32768K, 100% used [0x00000000d6300000,0x00000000d8300000,0x00000000d8300000)
  from space 5120K, 0% used [0x00000000d8800000,0x00000000d8800000,0x00000000d8d00000)
  to   space 5120K, 0% used [0x00000000d8300000,0x00000000d8300000,0x00000000d8800000)
 ParOldGen       total 86016K, used 0K [0x0000000082800000, 0x0000000087c00000, 0x00000000d6300000)
  object space 86016K, 0% used [0x0000000082800000,0x0000000082800000,0x0000000087c00000)
 Metaspace       used 15629K, capacity 15832K, committed 16128K, reserved 1062912K
  class space    used 1952K, capacity 2030K, committed 2048K, reserved 1048576K
Event: 2.849 GC heap after
Heap after GC invocations=1 (full 0):
 PSYoungGen      total 37888K, used 4547K [0x00000000d6300000, 0x00000000d8d00000, 0x0000000100000000)
  eden space 32768K, 0% used [0x00000000d6300000,0x00000000d6300000,0x00000000d8300000)
  from space 5120K, 88% used [0x00000000d8300000,0x00000000d8770fa0,0x00000000d8800000)
  to   space 5120K, 0% used [0x00000000d8800000,0x00000000d8800000,0x00000000d8d00000)
 ParOldGen       total 86016K, used 40336K [0x0000000082800000, 0x0000000087c00000, 0x00000000d6300000)
  object space 86016K, 46% used [0x0000000082800000,0x0000000084f64070,0x0000000087c00000)
 Metaspace       used 15629K, capacity 15832K, committed 16128K, reserved 1062912K
  class space    used 1952K, capacity 2030K, committed 2048K, reserved 1048576K
}

Deoptimization events (10 events):
Event: 4.457 Thread 0x0000020b66895000 Uncommon trap: reason=class_check action=maybe_recompile pc=0x0000020b4fcf7ea0 method=java.lang.String.equals(Ljava/lang/Object;)Z @ 8
Event: 4.457 Thread 0x0000020b66895000 Uncommon trap: reason=class_check action=maybe_recompile pc=0x0000020b4fcf7ea0 method=java.lang.String.equals(Ljava/lang/Object;)Z @ 8
Event: 7.301 Thread 0x0000020b66895000 Uncommon trap: reason=unstable_if action=reinterpret pc=0x0000020b4fe90498 method=java.awt.Component.inside(II)Z @ 9
Event: 8.501 Thread 0x0000020b66895000 Uncommon trap: reason=unstable_if action=reinterpret pc=0x0000020b4fff9ac4 method=sun.nio.cs.UTF_8$Decoder.decode([BII[C)I @ 30
Event: 8.820 Thread 0x0000020b66895000 Uncommon trap: reason=predicate action=maybe_recompile pc=0x0000020b4ffff904 method=sun.net.www.ParseUtil.encodePath(Ljava/lang/String;Z)Ljava/lang/String; @ 36
Event: 9.228 Thread 0x0000020b66895000 Uncommon trap: reason=predicate action=maybe_recompile pc=0x0000020b50005298 method=java.lang.String.regionMatches(ZILjava/lang/String;II)Z @ 63
Event: 9.230 Thread 0x0000020b66895000 Uncommon trap: reason=unstable_if action=reinterpret pc=0x0000020b4fd9949c method=java.util.HashMap.putVal(ILjava/lang/Object;Ljava/lang/Object;ZZ)Ljava/lang/Object; @ 109
Event: 9.265 Thread 0x0000020b66895000 Uncommon trap: reason=unstable_if action=reinterpret pc=0x0000020b4fd95ab8 method=java.util.HashMap.putVal(ILjava/lang/Object;Ljava/lang/Object;ZZ)Ljava/lang/Object; @ 109
Event: 9.278 Thread 0x0000020b66895000 Uncommon trap: reason=null_check action=make_not_entrant pc=0x0000020b500bf274 method=javax.swing.plaf.nimbus.DerivedColor.equals(Ljava/lang/Object;)Z @ 8
Event: 9.324 Thread 0x0000020b66891000 Uncommon trap: reason=range_check action=make_not_entrant pc=0x0000020b500d5b70 method=java.awt.image.DirectColorModel.setFields()V @ 65

Classes redefined (10 events):
Event: 9.044 Thread 0x0000020b641f7800 redefined class name=com.mysql.jdbc.ResultSetImpl, count=1
Event: 9.062 Thread 0x0000020b641f7800 redefined class name=com.mysql.jdbc.UpdatableResultSet, count=2
Event: 9.080 Thread 0x0000020b641f7800 redefined class name=com.mysql.jdbc.SQLError, count=1
Event: 9.088 Thread 0x0000020b641f7800 redefined class name=java.sql.SQLException, count=1
Event: 9.100 Thread 0x0000020b641f7800 redefined class name=java.sql.DriverManager, count=1
Event: 9.110 Thread 0x0000020b641f7800 redefined class name=com.mysql.jdbc.Driver, count=1
Event: 9.138 Thread 0x0000020b641f7800 redefined class name=com.mysql.jdbc.EscapeProcessor, count=1
Event: 9.150 Thread 0x0000020b641f7800 redefined class name=java.sql.PreparedStatement, count=1
Event: 9.182 Thread 0x0000020b641f7800 redefined class name=com.mysql.jdbc.PreparedStatement, count=2
Event: 9.189 Thread 0x0000020b641f7800 redefined class name=com.mysql.jdbc.JDBC4PreparedStatement, count=1

Internal exceptions (10 events):
Event: 1.498 Thread 0x0000020b4e325000 Exception <a 'java/lang/ClassNotFoundException': ToolBarSeparator> (0x00000000d6dff860) thrown at [C:\jenkins\workspace\8-2-build-windows-amd64-cygwin\jdk8u261\295\hotspot\src\share\vm\classfile\systemDictionary.cpp, line 210]
Event: 1.498 Thread 0x0000020b4e325000 Exception <a 'java/lang/ClassNotFoundException': ToolTip> (0x00000000d6e00000) thrown at [C:\jenkins\workspace\8-2-build-windows-amd64-cygwin\jdk8u261\295\hotspot\src\share\vm\classfile\systemDictionary.cpp, line 210]
Event: 1.499 Thread 0x0000020b4e325000 Exception <a 'java/lang/ClassNotFoundException': Tree> (0x00000000d6e00c80) thrown at [C:\jenkins\workspace\8-2-build-windows-amd64-cygwin\jdk8u261\295\hotspot\src\share\vm\classfile\systemDictionary.cpp, line 210]
Event: 1.499 Thread 0x0000020b4e325000 Exception <a 'java/lang/ClassNotFoundException': Tree> (0x00000000d6e013c0) thrown at [C:\jenkins\workspace\8-2-build-windows-amd64-cygwin\jdk8u261\295\hotspot\src\share\vm\classfile\systemDictionary.cpp, line 210]
Event: 1.499 Thread 0x0000020b4e325000 Exception <a 'java/lang/ClassNotFoundException': javax/swing/JTreeCell> (0x00000000d6e01740) thrown at [C:\jenkins\workspace\8-2-build-windows-amd64-cygwin\jdk8u261\295\hotspot\src\share\vm\classfile\systemDictionary.cpp, line 210]
Event: 1.499 Thread 0x0000020b4e325000 Exception <a 'java/lang/ClassNotFoundException': TreeCell> (0x00000000d6e01bc8) thrown at [C:\jenkins\workspace\8-2-build-windows-amd64-cygwin\jdk8u261\295\hotspot\src\share\vm\classfile\systemDictionary.cpp, line 210]
Event: 1.499 Thread 0x0000020b4e325000 Exception <a 'java/lang/ClassNotFoundException': RootPane> (0x00000000d6e02690) thrown at [C:\jenkins\workspace\8-2-build-windows-amd64-cygwin\jdk8u261\295\hotspot\src\share\vm\classfile\systemDictionary.cpp, line 210]
Event: 1.525 Thread 0x0000020b66895000 Implicit null exception at 0x0000020b4fd7df16 to 0x0000020b4fd7e2c9
Event: 1.526 Thread 0x0000020b66895000 Implicit null exception at 0x0000020b4fd84996 to 0x0000020b4fd84d45
Event: 9.278 Thread 0x0000020b66895000 Implicit null exception at 0x0000020b500bef5a to 0x0000020b500bf265

Events (10 events):
Event: 9.404 Thread 0x0000020b66895000 DEOPT PACKING pc=0x0000020b4ff84d6c sp=0x000000fd42ffcf20
Event: 9.404 Thread 0x0000020b66895000 DEOPT UNPACKING pc=0x0000020b4fc17898 sp=0x000000fd42ffccc8 mode 0
Event: 9.410 loading class java/awt/geom/RoundRectIterator
Event: 9.411 loading class java/awt/geom/RoundRectIterator done
Event: 9.610 loading class org/netbeans/lib/profiler/wireprotocol/EventBufferDumpedCommand
Event: 9.610 loading class org/netbeans/lib/profiler/wireprotocol/EventBufferDumpedCommand done
Event: 9.622 loading class org/netbeans/lib/profiler/wireprotocol/DumpResultsResponse
Event: 9.622 loading class org/netbeans/lib/profiler/wireprotocol/DumpResultsResponse done
Event: 9.626 loading class org/netbeans/lib/profiler/wireprotocol/GetMethodNamesForJMethodIdsCommand
Event: 9.626 loading class org/netbeans/lib/profiler/wireprotocol/GetMethodNamesForJMethodIdsCommand done


Dynamic libraries:
0x00007ff721c70000 - 0x00007ff721cb7000 	C:\Program Files\Java\jdk1.8.0_261\bin\java.exe
0x00007ffef9530000 - 0x00007ffef9725000 	C:\Windows\SYSTEM32\ntdll.dll
0x00007ffef8c80000 - 0x00007ffef8d3d000 	C:\Windows\System32\KERNEL32.DLL
0x00007ffef6f10000 - 0x00007ffef71d8000 	C:\Windows\System32\KERNELBASE.dll
0x00007ffef8d50000 - 0x00007ffef8dfc000 	C:\Windows\System32\ADVAPI32.dll
0x00007ffef75a0000 - 0x00007ffef763e000 	C:\Windows\System32\msvcrt.dll
0x00007ffef8fa0000 - 0x00007ffef903b000 	C:\Windows\System32\sechost.dll
0x00007ffef9040000 - 0x00007ffef916b000 	C:\Windows\System32\RPCRT4.dll
0x00007ffef8e00000 - 0x00007ffef8fa0000 	C:\Windows\System32\USER32.dll
0x00007ffef7490000 - 0x00007ffef74b2000 	C:\Windows\System32\win32u.dll
0x00007ffef7710000 - 0x00007ffef773a000 	C:\Windows\System32\GDI32.dll
0x00007ffef7380000 - 0x00007ffef748b000 	C:\Windows\System32\gdi32full.dll
0x00007ffef72e0000 - 0x00007ffef737d000 	C:\Windows\System32\msvcp_win.dll
0x00007ffef71e0000 - 0x00007ffef72e0000 	C:\Windows\System32\ucrtbase.dll
0x00007ffee39d0000 - 0x00007ffee3c6a000 	C:\Windows\WinSxS\amd64_microsoft.windows.common-controls_6595b64144ccf1df_6.0.19041.1052_none_60b8f8fd71f5e8cb\COMCTL32.dll
0x00007ffef82b0000 - 0x00007ffef82e0000 	C:\Windows\System32\IMM32.DLL
0x00007ffeee810000 - 0x00007ffeee825000 	C:\Program Files\Java\jdk1.8.0_261\jre\bin\vcruntime140.dll
0x00007ffeb3a80000 - 0x00007ffeb3b1b000 	C:\Program Files\Java\jdk1.8.0_261\jre\bin\msvcp140.dll
0x00000000761d0000 - 0x0000000076a3c000 	C:\Program Files\Java\jdk1.8.0_261\jre\bin\server\jvm.dll
0x00007ffef9180000 - 0x00007ffef9188000 	C:\Windows\System32\PSAPI.DLL
0x00007ffee5f50000 - 0x00007ffee5f77000 	C:\Windows\SYSTEM32\WINMM.dll
0x00007ffedfb40000 - 0x00007ffedfb49000 	C:\Windows\SYSTEM32\WSOCK32.dll
0x00007ffef0b30000 - 0x00007ffef0b3a000 	C:\Windows\SYSTEM32\VERSION.dll
0x00007ffef8240000 - 0x00007ffef82ab000 	C:\Windows\System32\WS2_32.dll
0x00007ffef4da0000 - 0x00007ffef4db2000 	C:\Windows\SYSTEM32\kernel.appcore.dll
0x00007ffef0f00000 - 0x00007ffef0f10000 	C:\Program Files\Java\jdk1.8.0_261\jre\bin\verify.dll
0x00007ffed4b00000 - 0x00007ffed4b2b000 	C:\Program Files\Java\jdk1.8.0_261\jre\bin\java.dll
0x00007ffef1280000 - 0x00007ffef128f000 	C:\Program Files\NetBeans 8.2\profiler\lib\deployed\jdk16\windows-amd64\profilerinterface.dll
0x00007ffee6930000 - 0x00007ffee6948000 	C:\Program Files\Java\jdk1.8.0_261\jre\bin\zip.dll
0x00007ffef83c0000 - 0x00007ffef8aff000 	C:\Windows\System32\SHELL32.dll
0x00007ffef4dc0000 - 0x00007ffef5550000 	C:\Windows\SYSTEM32\windows.storage.dll
0x00007ffef9190000 - 0x00007ffef94e5000 	C:\Windows\System32\combase.dll
0x00007ffef66e0000 - 0x00007ffef670c000 	C:\Windows\SYSTEM32\Wldp.dll
0x00007ffef8110000 - 0x00007ffef81be000 	C:\Windows\System32\SHCORE.dll
0x00007ffef81c0000 - 0x00007ffef8215000 	C:\Windows\System32\shlwapi.dll
0x00007ffef6bb0000 - 0x00007ffef6bcf000 	C:\Windows\SYSTEM32\profapi.dll
0x00007ffed4ae0000 - 0x00007ffed4afc000 	C:\Program Files\Java\jdk1.8.0_261\jre\bin\net.dll
0x00007ffef6450000 - 0x00007ffef64ba000 	C:\Windows\system32\mswsock.dll
0x00007ffef1530000 - 0x00007ffef153d000 	C:\Program Files\Java\jdk1.8.0_261\jre\bin\management.dll
0x00007ffed4ac0000 - 0x00007ffed4ad3000 	C:\Program Files\Java\jdk1.8.0_261\jre\bin\nio.dll
0x00007ffef6620000 - 0x00007ffef6638000 	C:\Windows\SYSTEM32\CRYPTSP.dll
0x00007ffef5d80000 - 0x00007ffef5db4000 	C:\Windows\system32\rsaenh.dll
0x00007ffef7520000 - 0x00007ffef7547000 	C:\Windows\System32\bcrypt.dll
0x00007ffef6b30000 - 0x00007ffef6b5e000 	C:\Windows\SYSTEM32\USERENV.dll
0x00007ffef6c70000 - 0x00007ffef6cf3000 	C:\Windows\System32\bcryptprimitives.dll
0x00007ffef6640000 - 0x00007ffef664c000 	C:\Windows\SYSTEM32\CRYPTBASE.dll
0x00007ffef60f0000 - 0x00007ffef612b000 	C:\Windows\SYSTEM32\IPHLPAPI.DLL
0x00007ffef8d40000 - 0x00007ffef8d48000 	C:\Windows\System32\NSI.dll
0x00007ffeef250000 - 0x00007ffeef267000 	C:\Windows\SYSTEM32\dhcpcsvc6.DLL
0x00007ffeefb00000 - 0x00007ffeefb1d000 	C:\Windows\SYSTEM32\dhcpcsvc.DLL
0x00007ffef6130000 - 0x00007ffef61fc000 	C:\Windows\SYSTEM32\DNSAPI.dll
0x00007ffeb1d30000 - 0x00007ffeb1ec4000 	C:\Program Files\Java\jdk1.8.0_261\jre\bin\awt.dll
0x00007ffef7640000 - 0x00007ffef770d000 	C:\Windows\System32\OLEAUT32.dll
0x00007ffef4180000 - 0x00007ffef4210000 	C:\Windows\SYSTEM32\apphelp.dll
0x00007ffef4340000 - 0x00007ffef43de000 	C:\Windows\system32\uxtheme.dll
0x00007ffef8b00000 - 0x00007ffef8c15000 	C:\Windows\System32\MSCTF.dll
0x00007ffef7bb0000 - 0x00007ffef7cda000 	C:\Windows\System32\ole32.dll
0x00007ffef47e0000 - 0x00007ffef480f000 	C:\Windows\system32\DWMAPI.DLL
0x00007ffed4a70000 - 0x00007ffed4ab9000 	C:\Program Files\Java\jdk1.8.0_261\jre\bin\fontmanager.dll
0x00007ffed1a90000 - 0x00007ffed1bb6000 	C:\Windows\system32\opengl32.dll
0x00007ffee3060000 - 0x00007ffee308c000 	C:\Windows\SYSTEM32\GLU32.dll
0x00007ffef8000000 - 0x00007ffef80a9000 	C:\Windows\System32\clbcatq.dll
0x00007ffeedf90000 - 0x00007ffeee144000 	C:\Windows\SYSTEM32\WindowsCodecs.dll
0x00007ffede880000 - 0x00007ffede8be000 	C:\Windows\system32\dataexchange.dll
0x00007ffef3680000 - 0x00007ffef3866000 	C:\Windows\system32\dcomp.dll
0x00007ffef2750000 - 0x00007ffef29b4000 	C:\Windows\system32\d3d11.dll
0x00007ffef55b0000 - 0x00007ffef56a4000 	C:\Windows\system32\dxgi.dll
0x00007ffeee420000 - 0x00007ffeee621000 	C:\Windows\system32\twinapi.appcore.dll
0x00007ffeb8640000 - 0x00007ffeb8683000 	C:\Program Files\Java\jdk1.8.0_261\jre\bin\t2k.dll
0x00007ffec4490000 - 0x00007ffec4589000 	C:\Windows\SYSTEM32\textinputframework.dll
0x00007ffef3bf0000 - 0x00007ffef3ce2000 	C:\Windows\System32\CoreMessaging.dll
0x00007ffef3d20000 - 0x00007ffef407e000 	C:\Windows\System32\CoreUIComponents.dll
0x00007ffef59b0000 - 0x00007ffef59e3000 	C:\Windows\SYSTEM32\ntmarta.dll
0x00007ffef3520000 - 0x00007ffef3674000 	C:\Windows\SYSTEM32\wintypes.dll
0x00007ffec6a70000 - 0x00007ffec6a9a000 	C:\Program Files\Java\jdk1.8.0_261\jre\bin\dcpr.dll
0x00007ffeef240000 - 0x00007ffeef24a000 	C:\Windows\System32\rasadhlp.dll
0x00007ffee5970000 - 0x00007ffee59ef000 	C:\Windows\System32\fwpuclnt.dll
0x00007ffef4520000 - 0x00007ffef4704000 	C:\Windows\SYSTEM32\dbghelp.dll

VM Arguments:
jvm_args: -Dfile.encoding=UTF-8 -agentpath:C:/Program Files/NetBeans 8.2/profiler/lib/deployed/jdk16/windows-amd64/profilerinterface.dll=C:\Program Files\NetBeans 8.2\profiler\lib,5140,10 -XX:+HeapDumpOnOutOfMemoryError -XX:HeapDumpPath=C:\Users\akhma\OneDrive\Documents\TEL-U\Software Engineering\SEMESTER 4\KPL\KPL_Anti-Nganggur_Kelompok5\ANTI-NGANGGUR_5\nbproject\private\profiler 
java_command: anti.nganggur.Login
java_class_path (initial): C:\Program Files\NetBeans 8.2\ide\modules\ext\mysql-connector-java-5.1.23-bin.jar;C:\Program Files\NetBeans 8.2\java\modules\ext\AbsoluteLayout.jar;C:\Users\akhma\OneDrive\Documents\TEL-U\Software Engineering\SEMESTER 4\KPL\KPL_Anti-Nganggur_Kelompok5\ANTI-NGANGGUR_5\build\classes
Launcher Type: SUN_STANDARD

Environment Variables:
PATH=C:\app\akhma\product\11.2.0\dbhome_1\bin;C:\Program Files (x86)\Common Files\Oracle\Java\javapath;C:\Program Files (x86)\Common Files\Intel\Shared Libraries\redist\intel64\compiler;C:\Windows\system32;C:\Windows;C:\Windows\System32\Wbem;C:\Windows\System32\WindowsPowerShell\v1.0\;C:\Windows\System32\OpenSSH\;C:\Program Files (x86)\NVIDIA Corporation\PhysX\Common;C:\Program Files\NVIDIA Corporation\NVIDIA NvDLISR;C:\Go\bin;C:\Program Files\dotnet\;C:\Program Files\Git\cmd;C:\Users\akhma\AppData\Local\Microsoft\WindowsApps;C:\Users\akhma\go\bin;C:\Users\akhma\AppData\Local\Programs\Microsoft VS Code\bin;C:\Users\akhma\.dotnet\tools;C:\Users\akhma\AppData\Local\GitHubDesktop\bin;C:\Users\akhma\AppData\Local\atom\bin
USERNAME=akhma
OS=Windows_NT
PROCESSOR_IDENTIFIER=Intel64 Family 6 Model 165 Stepping 2, GenuineIntel



---------------  S Y S T E M  ---------------

OS: Windows 10.0 , 64 bit Build 19041 (10.0.19041.1023)

CPU:total 8 (initial active 8) (4 cores per cpu, 2 threads per core) family 6 model 165 stepping 2, cmov, cx8, fxsr, mmx, sse, sse2, sse3, ssse3, sse4.1, sse4.2, popcnt, avx, avx2, aes, clmul, erms, 3dnowpref, lzcnt, ht, tsc, tscinvbit, bmi1, bmi2, adx

Memory: 4k page, physical 8221732k(830828k free), swap 29193252k(11911624k free)

vm_info: Java HotSpot(TM) 64-Bit Server VM (25.261-b12) for windows-amd64 JRE (1.8.0_261-b12), built on Jun 18 2020 06:56:32 by "" with unknown MS VC++:1916

time: Thu Jul  1 14:49:29 2021
timezone: SE Asia Standard Time
elapsed time: 9 seconds (0d 0h 0m 9s)

