#
# A fatal error has been detected by the Java Runtime Environment:
#
#  EXCEPTION_ACCESS_VIOLATION (0xc0000005) at pc=0x000000007631227e, pid=16968, tid=0x0000000000002d54
#
# JRE version: Java(TM) SE Runtime Environment (8.0_261-b12) (build 1.8.0_261-b12)
# Java VM: Java HotSpot(TM) 64-Bit Server VM (25.261-b12 mixed mode windows-amd64 compressed oops)
# Problematic frame:
# V  [jvm.dll+0x14227e]
#
# Failed to write core dump. Minidumps are not enabled by default on client versions of Windows
#
# If you would like to submit a bug report, please visit:
#   http://bugreport.java.com/bugreport/crash.jsp
#

---------------  T H R E A D  ---------------

Current thread (0x0000028ed0629000):  JavaThread "*** Profiler Agent Communication Thread" daemon [_thread_in_vm, id=11604, stack(0x000000a1fde00000,0x000000a1fdf00000)]

siginfo: ExceptionCode=0xc0000005, reading address 0xffffffffd087ebc0

Registers:
RAX=0x000000a1fdeff101, RBX=0x0000028ed0629000, RCX=0xffffffffd087ebc0, RDX=0x0000028ed0629000
RSP=0x000000a1fdeff1a0, RBP=0xffffffffd087ebc0, RSI=0x0000028eb846b6b0, RDI=0x000000a1fdeff2c0
R8 =0x000000a1fdeff2c0, R9 =0xffffffffd087ebc0, R10=0x0000000000000000, R11=0x000000a1fdefed01
R12=0x0000028ed2b15230, R13=0x0000000000000153, R14=0x00007ffef0ee9c68, R15=0x00007ffef0ee9a60
RIP=0x000000007631227e, EFLAGS=0x0000000000010286

Top of Stack: (sp=0x000000a1fdeff1a0)
0x000000a1fdeff1a0:   000000a1fdeff300 000000007633cae3
0x000000a1fdeff1b0:   0000028ed0629000 000000a1fdeff368
0x000000a1fdeff1c0:   0000028ed0629000 000000007651bd1d
0x000000a1fdeff1d0:   00000000000034f8 0000028ed0629000
0x000000a1fdeff1e0:   0000028ed06291f8 00007ffef75b9d40
0x000000a1fdeff1f0:   0000028ed0629000 0000000000000000
0x000000a1fdeff200:   0000028e00000000 0000000000000000
0x000000a1fdeff210:   ffffffffd087ebc0 00007ffef0ee34da
0x000000a1fdeff220:   0000000000000000 0000028ed06291f8
0x000000a1fdeff230:   000000000000e600 0000000000000039
0x000000a1fdeff240:   0000028ed2b15230 0000028ecef5bb40
0x000000a1fdeff250:   0000028ece127850 0000028ed0629000
0x000000a1fdeff260:   0000028ece127850 0000028ed0629000
0x000000a1fdeff270:   00000000000000e6 000000000000e600
0x000000a1fdeff280:   0000028ed0629000 0000028ece127850
0x000000a1fdeff290:   0000000000000000 00000000000000e6 

Instructions: (pc=0x000000007631227e)
0x000000007631225e:   cc cc 48 89 11 c3 cc cc cc cc cc cc cc cc cc cc
0x000000007631226e:   cc cc 40 53 48 83 ec 20 4c 8b c9 48 85 c9 74 50
0x000000007631227e:   48 8b 19 48 85 db 74 48 48 8b 43 08 48 8b 50 08
0x000000007631228e:   48 8b 42 18 48 85 c0 74 37 48 8b 80 90 00 00 00 


Register to memory mapping:

RAX=0x000000a1fdeff101 is pointing into the stack for thread: 0x0000028ed0629000
RBX=0x0000028ed0629000 is a thread
RCX=0xffffffffd087ebc0 is an unknown value
RDX=0x0000028ed0629000 is a thread
RSP=0x000000a1fdeff1a0 is pointing into the stack for thread: 0x0000028ed0629000
RBP=0xffffffffd087ebc0 is an unknown value
RSI=0x0000028eb846b6b0 is an unknown value
RDI=0x000000a1fdeff2c0 is pointing into the stack for thread: 0x0000028ed0629000
R8 =0x000000a1fdeff2c0 is pointing into the stack for thread: 0x0000028ed0629000
R9 =0xffffffffd087ebc0 is an unknown value
R10=0x0000000000000000 is an unknown value
R11=0x000000a1fdefed01 is pointing into the stack for thread: 0x0000028ed0629000
R12=0x0000028ed2b15230 is an unknown value
R13=0x0000000000000153 is an unknown value
R14=0x00007ffef0ee9c68 is an unknown value
R15=0x00007ffef0ee9a60 is an unknown value


Stack: [0x000000a1fde00000,0x000000a1fdf00000],  sp=0x000000a1fdeff1a0,  free space=1020k
Native frames: (J=compiled Java code, j=interpreted, Vv=VM code, C=native code)
V  [jvm.dll+0x14227e]
V  [jvm.dll+0x34bd1d]
C  [profilerinterface.dll+0x34da]
C  0x0000028eb9e89f4e

Java frames: (J=compiled Java code, j=interpreted, Vv=VM code)
j  org.netbeans.lib.profiler.server.system.Stacks.getMethodNamesForJMethodIds(I[I[I)[B+0
j  org.netbeans.lib.profiler.server.ProfilerInterface.getMethodNamesForJMethodIds([I)Lorg/netbeans/lib/profiler/wireprotocol/MethodNamesResponse;+20
j  org.netbeans.lib.profiler.server.ProfilerServer.handleClientCommand(Lorg/netbeans/lib/profiler/wireprotocol/Command;)V+691
j  org.netbeans.lib.profiler.server.ProfilerServer.listenToClient()V+48
j  org.netbeans.lib.profiler.server.ProfilerServer.run()V+22
v  ~StubRoutines::call_stub

---------------  P R O C E S S  ---------------

Java Threads: ( => current thread )
  0x0000028ed1355800 JavaThread "TimerQueue" daemon [_thread_blocked, id=12068, stack(0x000000a1ff000000,0x000000a1ff100000)]
  0x0000028ed17db000 JavaThread "Image Fetcher 0" daemon [_thread_blocked, id=12892, stack(0x000000a1fec00000,0x000000a1fed00000)]
  0x0000028eb8475800 JavaThread "DestroyJavaVM" [_thread_blocked, id=8960, stack(0x000000a1fd000000,0x000000a1fd100000)]
  0x0000028ed085a800 JavaThread "AWT-EventQueue-0" [_thread_blocked, id=1928, stack(0x000000a1feb00000,0x000000a1fec00000)]
  0x0000028ed082d000 JavaThread "AWT-Windows" daemon [_thread_in_native, id=10232, stack(0x000000a1fea00000,0x000000a1feb00000)]
  0x0000028ed082c000 JavaThread "AWT-Shutdown" [_thread_blocked, id=3920, stack(0x000000a1fe900000,0x000000a1fea00000)]
  0x0000028ed082a000 JavaThread "Java2D Disposer" daemon [_thread_blocked, id=21184, stack(0x000000a1fe800000,0x000000a1fe900000)]
  0x0000028ed09f1000 JavaThread "Service Thread" daemon [_thread_blocked, id=2612, stack(0x000000a1fe600000,0x000000a1fe700000)]
  0x0000028ed09ef000 JavaThread "C1 CompilerThread3" daemon [_thread_blocked, id=14808, stack(0x000000a1fe500000,0x000000a1fe600000)]
  0x0000028ed0785800 JavaThread "C2 CompilerThread2" daemon [_thread_blocked, id=14888, stack(0x000000a1fe400000,0x000000a1fe500000)]
  0x0000028ed0785000 JavaThread "C2 CompilerThread1" daemon [_thread_blocked, id=7072, stack(0x000000a1fe300000,0x000000a1fe400000)]
  0x0000028ed077d800 JavaThread "C2 CompilerThread0" daemon [_thread_blocked, id=6816, stack(0x000000a1fe100000,0x000000a1fe200000)]
  0x0000028ed0784000 JavaThread "*** Profiler Agent Special Execution Thread 10" daemon [_thread_blocked, id=13152, stack(0x000000a1fe200000,0x000000a1fe300000)]
  0x0000028ed06cf800 JavaThread "*** Profiler Agent Special Execution Thread 6" daemon [_thread_blocked, id=7248, stack(0x000000a1fe000000,0x000000a1fe100000)]
  0x0000028ed06ce800 JavaThread "*** JFluid Monitor thread ***" daemon [_thread_blocked, id=20672, stack(0x000000a1fdf00000,0x000000a1fe000000)]
=>0x0000028ed0629000 JavaThread "*** Profiler Agent Communication Thread" daemon [_thread_in_vm, id=11604, stack(0x000000a1fde00000,0x000000a1fdf00000)]
  0x0000028ecef78000 JavaThread "Attach Listener" daemon [_thread_blocked, id=21448, stack(0x000000a1fdd00000,0x000000a1fde00000)]
  0x0000028ecef8c800 JavaThread "Signal Dispatcher" daemon [_thread_blocked, id=10352, stack(0x000000a1fdc00000,0x000000a1fdd00000)]
  0x0000028ecef60000 JavaThread "Finalizer" daemon [_thread_blocked, id=20176, stack(0x000000a1fdb00000,0x000000a1fdc00000)]
  0x0000028ecef5a800 JavaThread "Reference Handler" daemon [_thread_blocked, id=12032, stack(0x000000a1fda00000,0x000000a1fdb00000)]

Other Threads:
  0x0000028ecef34800 VMThread [stack: 0x000000a1fd900000,0x000000a1fda00000] [id=2108]
  0x0000028ed09dc000 WatcherThread [stack: 0x000000a1fe700000,0x000000a1fe800000] [id=284]

VM state:synchronizing (normal execution)

VM Mutex/Monitor currently owned by a thread:  ([mutex/lock_event])
[0x0000028eb846fae0] Threads_lock - owner thread: 0x0000028ecef34800

heap address: 0x0000000082800000, size: 2008 MB, Compressed Oops mode: 32-bit
Narrow klass base: 0x0000000000000000, Narrow klass shift: 3
Compressed class space size: 1073741824 Address: 0x0000000100000000

Heap:
 PSYoungGen      total 37888K, used 8481K [0x00000000d6300000, 0x00000000d8d00000, 0x0000000100000000)
  eden space 32768K, 10% used [0x00000000d6300000,0x00000000d664e748,0x00000000d8300000)
  from space 5120K, 99% used [0x00000000d8300000,0x00000000d87f9f20,0x00000000d8800000)
  to   space 5120K, 0% used [0x00000000d8800000,0x00000000d8800000,0x00000000d8d00000)
 ParOldGen       total 86016K, used 40615K [0x0000000082800000, 0x0000000087c00000, 0x00000000d6300000)
  object space 86016K, 47% used [0x0000000082800000,0x0000000084fa9c10,0x0000000087c00000)
 Metaspace       used 15537K, capacity 15768K, committed 15872K, reserved 1062912K
  class space    used 1949K, capacity 2030K, committed 2048K, reserved 1048576K

Card table byte_map: [0x0000028ec9230000,0x0000028ec9620000] byte_map_base: 0x0000028ec8e1c000

Marking Bits: (ParMarkBitMap*) 0x00000000769c4fb0
 Begin Bits: [0x0000028ec98c0000, 0x0000028ecb820000)
 End Bits:   [0x0000028ecb820000, 0x0000028ecd780000)

Polling page: 0x0000028eb8540000

CodeCache: size=245760Kb used=2592Kb max_used=2592Kb free=243167Kb
 bounds [0x0000028eb9e70000, 0x0000028eba100000, 0x0000028ec8e70000]
 total_blobs=1205 nmethods=660 adapters=458
 compilation: enabled

Compilation events (10 events):
Event: 2.014 Thread 0x0000028ed09ef000 nmethod 654 0x0000028eba0f7090 code [0x0000028eba0f7200, 0x0000028eba0f7538]
Event: 2.042 Thread 0x0000028ed09ef000  655       3       java.awt.GraphicsEnvironment::isHeadless (4 bytes)
Event: 2.043 Thread 0x0000028ed09ef000 nmethod 655 0x0000028eba0f75d0 code [0x0000028eba0f7760, 0x0000028eba0f7c90]
Event: 2.043 Thread 0x0000028ed09ef000  656       3       java.awt.GraphicsEnvironment::getHeadlessProperty (22 bytes)
Event: 2.043 Thread 0x0000028ed09ef000 nmethod 656 0x0000028eba0f7e10 code [0x0000028eba0f7fa0, 0x0000028eba0f8470]
Event: 2.066 Thread 0x0000028ed09ef000  658       1       java.lang.reflect.Field::getDeclaringClass (5 bytes)
Event: 2.066 Thread 0x0000028ed09ef000 nmethod 658 0x0000028eba0f8990 code [0x0000028eba0f8ae0, 0x0000028eba0f8bf8]
Event: 2.071 Thread 0x0000028ed09ef000  659       3       java.io.Bits::getInt (43 bytes)
Event: 2.071 Thread 0x0000028ed09ef000 nmethod 659 0x0000028eba0f8c50 code [0x0000028eba0f8dc0, 0x0000028eba0f8f98]
Event: 2.071 Thread 0x0000028ed09ef000  660       3       java.io.ObjectInputStream::readInt (8 bytes)

GC Heap History (2 events):
Event: 2.048 GC heap before
{Heap before GC invocations=1 (full 0):
 PSYoungGen      total 37888K, used 32768K [0x00000000d6300000, 0x00000000d8d00000, 0x0000000100000000)
  eden space 32768K, 100% used [0x00000000d6300000,0x00000000d8300000,0x00000000d8300000)
  from space 5120K, 0% used [0x00000000d8800000,0x00000000d8800000,0x00000000d8d00000)
  to   space 5120K, 0% used [0x00000000d8300000,0x00000000d8300000,0x00000000d8800000)
 ParOldGen       total 86016K, used 0K [0x0000000082800000, 0x0000000087c00000, 0x00000000d6300000)
  object space 86016K, 0% used [0x0000000082800000,0x0000000082800000,0x0000000087c00000)
 Metaspace       used 15523K, capacity 15768K, committed 15872K, reserved 1062912K
  class space    used 1947K, capacity 2030K, committed 2048K, reserved 1048576K
Event: 2.063 GC heap after
Heap after GC invocations=1 (full 0):
 PSYoungGen      total 37888K, used 5095K [0x00000000d6300000, 0x00000000d8d00000, 0x0000000100000000)
  eden space 32768K, 0% used [0x00000000d6300000,0x00000000d6300000,0x00000000d8300000)
  from space 5120K, 99% used [0x00000000d8300000,0x00000000d87f9f20,0x00000000d8800000)
  to   space 5120K, 0% used [0x00000000d8800000,0x00000000d8800000,0x00000000d8d00000)
 ParOldGen       total 86016K, used 40615K [0x0000000082800000, 0x0000000087c00000, 0x00000000d6300000)
  object space 86016K, 47% used [0x0000000082800000,0x0000000084fa9c10,0x0000000087c00000)
 Metaspace       used 15523K, capacity 15768K, committed 15872K, reserved 1062912K
  class space    used 1947K, capacity 2030K, committed 2048K, reserved 1048576K
}

Deoptimization events (3 events):
Event: 1.301 Thread 0x0000028ed085a800 Uncommon trap: reason=unstable_if action=reinterpret pc=0x0000028eba0107a0 method=java.lang.AbstractStringBuilder.append(Ljava/lang/String;)Ljava/lang/AbstractStringBuilder; @ 1
Event: 1.301 Thread 0x0000028ed085a800 Uncommon trap: reason=unstable_if action=reinterpret pc=0x0000028eba00fe9c method=java.lang.AbstractStringBuilder.append(Ljava/lang/String;)Ljava/lang/AbstractStringBuilder; @ 1
Event: 1.385 Thread 0x0000028ed17db000 Uncommon trap: reason=unstable_if action=reinterpret pc=0x0000028eba091018 method=sun.awt.image.ImageRepresentation.getOpaqueRGBImage()Ljava/awt/image/BufferedImage; @ 57

Classes redefined (0 events):
No events

Internal exceptions (10 events):
Event: 1.279 Thread 0x0000028eb8475800 Exception <a 'java/lang/ClassNotFoundException': javax/swing/JToolBarSeparator> (0x00000000d6df1a88) thrown at [C:\jenkins\workspace\8-2-build-windows-amd64-cygwin\jdk8u261\295\hotspot\src\share\vm\classfile\systemDictionary.cpp, line 210]
Event: 1.279 Thread 0x0000028eb8475800 Exception <a 'java/lang/ClassNotFoundException': ToolBarSeparator> (0x00000000d6df1f20) thrown at [C:\jenkins\workspace\8-2-build-windows-amd64-cygwin\jdk8u261\295\hotspot\src\share\vm\classfile\systemDictionary.cpp, line 210]
Event: 1.279 Thread 0x0000028eb8475800 Exception <a 'java/lang/ClassNotFoundException': ToolTip> (0x00000000d6df2660) thrown at [C:\jenkins\workspace\8-2-build-windows-amd64-cygwin\jdk8u261\295\hotspot\src\share\vm\classfile\systemDictionary.cpp, line 210]
Event: 1.279 Thread 0x0000028eb8475800 Exception <a 'java/lang/ClassNotFoundException': Tree> (0x00000000d6df3280) thrown at [C:\jenkins\workspace\8-2-build-windows-amd64-cygwin\jdk8u261\295\hotspot\src\share\vm\classfile\systemDictionary.cpp, line 210]
Event: 1.279 Thread 0x0000028eb8475800 Exception <a 'java/lang/ClassNotFoundException': Tree> (0x00000000d6df39c0) thrown at [C:\jenkins\workspace\8-2-build-windows-amd64-cygwin\jdk8u261\295\hotspot\src\share\vm\classfile\systemDictionary.cpp, line 210]
Event: 1.279 Thread 0x0000028eb8475800 Exception <a 'java/lang/ClassNotFoundException': javax/swing/JTreeCell> (0x00000000d6df3d40) thrown at [C:\jenkins\workspace\8-2-build-windows-amd64-cygwin\jdk8u261\295\hotspot\src\share\vm\classfile\systemDictionary.cpp, line 210]
Event: 1.279 Thread 0x0000028eb8475800 Exception <a 'java/lang/ClassNotFoundException': TreeCell> (0x00000000d6df41c8) thrown at [C:\jenkins\workspace\8-2-build-windows-amd64-cygwin\jdk8u261\295\hotspot\src\share\vm\classfile\systemDictionary.cpp, line 210]
Event: 1.280 Thread 0x0000028eb8475800 Exception <a 'java/lang/ClassNotFoundException': RootPane> (0x00000000d6df4c28) thrown at [C:\jenkins\workspace\8-2-build-windows-amd64-cygwin\jdk8u261\295\hotspot\src\share\vm\classfile\systemDictionary.cpp, line 210]
Event: 1.301 Thread 0x0000028ed085a800 Implicit null exception at 0x0000028eba0103d6 to 0x0000028eba010789
Event: 1.301 Thread 0x0000028ed085a800 Implicit null exception at 0x0000028eba00fad6 to 0x0000028eba00fe85

Events (10 events):
Event: 2.048 Executing VM operation: ParallelGCFailedAllocation
Event: 2.063 Executing VM operation: ParallelGCFailedAllocation done
Event: 2.063 loading class org/netbeans/lib/profiler/wireprotocol/EventBufferDumpedCommand
Event: 2.064 loading class org/netbeans/lib/profiler/wireprotocol/EventBufferDumpedCommand done
Event: 2.064 Executing VM operation: GetAllStackTraces
Event: 2.064 Executing VM operation: GetAllStackTraces done
Event: 2.070 loading class org/netbeans/lib/profiler/wireprotocol/DumpResultsResponse
Event: 2.070 loading class org/netbeans/lib/profiler/wireprotocol/DumpResultsResponse done
Event: 2.071 loading class org/netbeans/lib/profiler/wireprotocol/GetMethodNamesForJMethodIdsCommand
Event: 2.071 loading class org/netbeans/lib/profiler/wireprotocol/GetMethodNamesForJMethodIdsCommand done


Dynamic libraries:
0x00007ff6bcc10000 - 0x00007ff6bcc57000 	C:\Program Files\Java\jdk1.8.0_261\bin\java.exe
0x00007ffef9530000 - 0x00007ffef9725000 	C:\Windows\SYSTEM32\ntdll.dll
0x00007ffef8c80000 - 0x00007ffef8d3d000 	C:\Windows\System32\KERNEL32.DLL
0x00007ffef6f10000 - 0x00007ffef71d8000 	C:\Windows\System32\KERNELBASE.dll
0x00007ffef8d50000 - 0x00007ffef8dfc000 	C:\Windows\System32\ADVAPI32.dll
0x00007ffef75a0000 - 0x00007ffef763e000 	C:\Windows\System32\msvcrt.dll
0x00007ffef8fa0000 - 0x00007ffef903b000 	C:\Windows\System32\sechost.dll
0x00007ffef9040000 - 0x00007ffef916b000 	C:\Windows\System32\RPCRT4.dll
0x00007ffef8e00000 - 0x00007ffef8fa0000 	C:\Windows\System32\USER32.dll
0x00007ffef7490000 - 0x00007ffef74b2000 	C:\Windows\System32\win32u.dll
0x00007ffef7710000 - 0x00007ffef773a000 	C:\Windows\System32\GDI32.dll
0x00007ffef7380000 - 0x00007ffef748b000 	C:\Windows\System32\gdi32full.dll
0x00007ffef72e0000 - 0x00007ffef737d000 	C:\Windows\System32\msvcp_win.dll
0x00007ffef71e0000 - 0x00007ffef72e0000 	C:\Windows\System32\ucrtbase.dll
0x00007ffee39d0000 - 0x00007ffee3c6a000 	C:\Windows\WinSxS\amd64_microsoft.windows.common-controls_6595b64144ccf1df_6.0.19041.1052_none_60b8f8fd71f5e8cb\COMCTL32.dll
0x00007ffef82b0000 - 0x00007ffef82e0000 	C:\Windows\System32\IMM32.DLL
0x00007ffef22f0000 - 0x00007ffef2305000 	C:\Program Files\Java\jdk1.8.0_261\jre\bin\vcruntime140.dll
0x00007ffeacd50000 - 0x00007ffeacdeb000 	C:\Program Files\Java\jdk1.8.0_261\jre\bin\msvcp140.dll
0x00000000761d0000 - 0x0000000076a3c000 	C:\Program Files\Java\jdk1.8.0_261\jre\bin\server\jvm.dll
0x00007ffef9180000 - 0x00007ffef9188000 	C:\Windows\System32\PSAPI.DLL
0x00007ffedfb40000 - 0x00007ffedfb49000 	C:\Windows\SYSTEM32\WSOCK32.dll
0x00007ffee5f50000 - 0x00007ffee5f77000 	C:\Windows\SYSTEM32\WINMM.dll
0x00007ffef0b30000 - 0x00007ffef0b3a000 	C:\Windows\SYSTEM32\VERSION.dll
0x00007ffef8240000 - 0x00007ffef82ab000 	C:\Windows\System32\WS2_32.dll
0x00007ffef4da0000 - 0x00007ffef4db2000 	C:\Windows\SYSTEM32\kernel.appcore.dll
0x00007ffef16e0000 - 0x00007ffef16f0000 	C:\Program Files\Java\jdk1.8.0_261\jre\bin\verify.dll
0x00007ffed1850000 - 0x00007ffed187b000 	C:\Program Files\Java\jdk1.8.0_261\jre\bin\java.dll
0x00007ffef0ee0000 - 0x00007ffef0eef000 	C:\Program Files\NetBeans 8.2\profiler\lib\deployed\jdk16\windows-amd64\profilerinterface.dll
0x00007ffef0c60000 - 0x00007ffef0c78000 	C:\Program Files\Java\jdk1.8.0_261\jre\bin\zip.dll
0x00007ffef83c0000 - 0x00007ffef8aff000 	C:\Windows\System32\SHELL32.dll
0x00007ffef4dc0000 - 0x00007ffef5550000 	C:\Windows\SYSTEM32\windows.storage.dll
0x00007ffef9190000 - 0x00007ffef94e5000 	C:\Windows\System32\combase.dll
0x00007ffef66e0000 - 0x00007ffef670c000 	C:\Windows\SYSTEM32\Wldp.dll
0x00007ffef8110000 - 0x00007ffef81be000 	C:\Windows\System32\SHCORE.dll
0x00007ffef81c0000 - 0x00007ffef8215000 	C:\Windows\System32\shlwapi.dll
0x00007ffef6bb0000 - 0x00007ffef6bcf000 	C:\Windows\SYSTEM32\profapi.dll
0x00007ffeeedb0000 - 0x00007ffeeedcc000 	C:\Program Files\Java\jdk1.8.0_261\jre\bin\net.dll
0x00007ffef6450000 - 0x00007ffef64ba000 	C:\Windows\system32\mswsock.dll
0x00007ffef2540000 - 0x00007ffef254d000 	C:\Program Files\Java\jdk1.8.0_261\jre\bin\management.dll
0x00007ffeca640000 - 0x00007ffeca653000 	C:\Program Files\Java\jdk1.8.0_261\jre\bin\nio.dll
0x00007ffef6620000 - 0x00007ffef6638000 	C:\Windows\SYSTEM32\CRYPTSP.dll
0x00007ffef5d80000 - 0x00007ffef5db4000 	C:\Windows\system32\rsaenh.dll
0x00007ffef7520000 - 0x00007ffef7547000 	C:\Windows\System32\bcrypt.dll
0x00007ffef6b30000 - 0x00007ffef6b5e000 	C:\Windows\SYSTEM32\USERENV.dll
0x00007ffef6c70000 - 0x00007ffef6cf3000 	C:\Windows\System32\bcryptprimitives.dll
0x00007ffef6640000 - 0x00007ffef664c000 	C:\Windows\SYSTEM32\CRYPTBASE.dll
0x00007ffef60f0000 - 0x00007ffef612b000 	C:\Windows\SYSTEM32\IPHLPAPI.DLL
0x00007ffef8d40000 - 0x00007ffef8d48000 	C:\Windows\System32\NSI.dll
0x00007ffeef250000 - 0x00007ffeef267000 	C:\Windows\SYSTEM32\dhcpcsvc6.DLL
0x00007ffeefb00000 - 0x00007ffeefb1d000 	C:\Windows\SYSTEM32\dhcpcsvc.DLL
0x00007ffef6130000 - 0x00007ffef61fc000 	C:\Windows\SYSTEM32\DNSAPI.dll
0x00007ffeac040000 - 0x00007ffeac1d4000 	C:\Program Files\Java\jdk1.8.0_261\jre\bin\awt.dll
0x00007ffef7640000 - 0x00007ffef770d000 	C:\Windows\System32\OLEAUT32.dll
0x00007ffef4180000 - 0x00007ffef4210000 	C:\Windows\SYSTEM32\apphelp.dll
0x00007ffef4340000 - 0x00007ffef43de000 	C:\Windows\system32\uxtheme.dll
0x00007ffef8b00000 - 0x00007ffef8c15000 	C:\Windows\System32\MSCTF.dll
0x00007ffef7bb0000 - 0x00007ffef7cda000 	C:\Windows\System32\ole32.dll
0x00007ffef47e0000 - 0x00007ffef480f000 	C:\Windows\system32\DWMAPI.DLL
0x00007ffeac450000 - 0x00007ffeac499000 	C:\Program Files\Java\jdk1.8.0_261\jre\bin\fontmanager.dll
0x00007ffed1a90000 - 0x00007ffed1bb6000 	C:\Windows\system32\opengl32.dll
0x00007ffeee7c0000 - 0x00007ffeee7ec000 	C:\Windows\SYSTEM32\GLU32.dll
0x00007ffef8000000 - 0x00007ffef80a9000 	C:\Windows\System32\clbcatq.dll
0x00007ffeedf90000 - 0x00007ffeee144000 	C:\Windows\SYSTEM32\WindowsCodecs.dll
0x00007ffedcdf0000 - 0x00007ffedce2e000 	C:\Windows\system32\dataexchange.dll
0x00007ffef3680000 - 0x00007ffef3866000 	C:\Windows\system32\dcomp.dll
0x00007ffef2750000 - 0x00007ffef29b4000 	C:\Windows\system32\d3d11.dll
0x00007ffef55b0000 - 0x00007ffef56a4000 	C:\Windows\system32\dxgi.dll
0x00007ffeee420000 - 0x00007ffeee621000 	C:\Windows\system32\twinapi.appcore.dll
0x00007ffeabff0000 - 0x00007ffeac033000 	C:\Program Files\Java\jdk1.8.0_261\jre\bin\t2k.dll
0x00007ffec4490000 - 0x00007ffec4589000 	C:\Windows\SYSTEM32\textinputframework.dll
0x00007ffef3d20000 - 0x00007ffef407e000 	C:\Windows\System32\CoreUIComponents.dll
0x00007ffef3bf0000 - 0x00007ffef3ce2000 	C:\Windows\System32\CoreMessaging.dll
0x00007ffef3520000 - 0x00007ffef3674000 	C:\Windows\SYSTEM32\wintypes.dll
0x00007ffef59b0000 - 0x00007ffef59e3000 	C:\Windows\SYSTEM32\ntmarta.dll
0x00007ffec6870000 - 0x00007ffec689a000 	C:\Program Files\Java\jdk1.8.0_261\jre\bin\dcpr.dll
0x00007ffef4520000 - 0x00007ffef4704000 	C:\Windows\SYSTEM32\dbghelp.dll

VM Arguments:
jvm_args: -Dfile.encoding=UTF-8 -agentpath:C:/Program Files/NetBeans 8.2/profiler/lib/deployed/jdk16/windows-amd64/profilerinterface.dll=C:\Program Files\NetBeans 8.2\profiler\lib,5140,10 -XX:+HeapDumpOnOutOfMemoryError -XX:HeapDumpPath=C:\Users\akhma\OneDrive\Documents\TEL-U\Software Engineering\SEMESTER 4\KPL\KPL_Anti-Nganggur_Kelompok5\ANTI-NGANGGUR_5\nbproject\private\profiler 
java_command: anti.nganggur.Login
java_class_path (initial): C:\Program Files\NetBeans 8.2\ide\modules\ext\mysql-connector-java-5.1.23-bin.jar;C:\Program Files\NetBeans 8.2\java\modules\ext\AbsoluteLayout.jar;C:\Users\akhma\OneDrive\Documents\TEL-U\Software Engineering\SEMESTER 4\KPL\KPL_Anti-Nganggur_Kelompok5\ANTI-NGANGGUR_5\build\classes
Launcher Type: SUN_STANDARD

Environment Variables:
PATH=C:\app\akhma\product\11.2.0\dbhome_1\bin;C:\Program Files (x86)\Common Files\Oracle\Java\javapath;C:\Program Files (x86)\Common Files\Intel\Shared Libraries\redist\intel64\compiler;C:\Windows\system32;C:\Windows;C:\Windows\System32\Wbem;C:\Windows\System32\WindowsPowerShell\v1.0\;C:\Windows\System32\OpenSSH\;C:\Program Files (x86)\NVIDIA Corporation\PhysX\Common;C:\Program Files\NVIDIA Corporation\NVIDIA NvDLISR;C:\Go\bin;C:\Program Files\dotnet\;C:\Program Files\Git\cmd;C:\Users\akhma\AppData\Local\Microsoft\WindowsApps;C:\Users\akhma\go\bin;C:\Users\akhma\AppData\Local\Programs\Microsoft VS Code\bin;C:\Users\akhma\.dotnet\tools;C:\Users\akhma\AppData\Local\GitHubDesktop\bin;C:\Users\akhma\AppData\Local\atom\bin
USERNAME=akhma
OS=Windows_NT
PROCESSOR_IDENTIFIER=Intel64 Family 6 Model 165 Stepping 2, GenuineIntel



---------------  S Y S T E M  ---------------

OS: Windows 10.0 , 64 bit Build 19041 (10.0.19041.1023)

CPU:total 8 (initial active 8) (4 cores per cpu, 2 threads per core) family 6 model 165 stepping 2, cmov, cx8, fxsr, mmx, sse, sse2, sse3, ssse3, sse4.1, sse4.2, popcnt, avx, avx2, aes, clmul, erms, 3dnowpref, lzcnt, ht, tsc, tscinvbit, bmi1, bmi2, adx

Memory: 4k page, physical 8221732k(1024656k free), swap 29193252k(8311276k free)

vm_info: Java HotSpot(TM) 64-Bit Server VM (25.261-b12) for windows-amd64 JRE (1.8.0_261-b12), built on Jun 18 2020 06:56:32 by "" with unknown MS VC++:1916

time: Thu Jul  1 06:44:04 2021
timezone: SE Asia Standard Time
elapsed time: 2 seconds (0d 0h 0m 2s)

