#
# A fatal error has been detected by the Java Runtime Environment:
#
#  EXCEPTION_ACCESS_VIOLATION (0xc0000005) at pc=0x000000007631227e, pid=18156, tid=0x00000000000052f4
#
# JRE version: Java(TM) SE Runtime Environment (8.0_261-b12) (build 1.8.0_261-b12)
# Java VM: Java HotSpot(TM) 64-Bit Server VM (25.261-b12 mixed mode windows-amd64 compressed oops)
# Problematic frame:
# V  [jvm.dll+0x14227e]
#
# Failed to write core dump. Minidumps are not enabled by default on client versions of Windows
#
# If you would like to submit a bug report, please visit:
#   http://bugreport.java.com/bugreport/crash.jsp
#

---------------  T H R E A D  ---------------

Current thread (0x000001c844da3800):  JavaThread "*** Profiler Agent Communication Thread" daemon [_thread_in_vm, id=21236, stack(0x0000000a09400000,0x0000000a09500000)]

siginfo: ExceptionCode=0xc0000005, reading address 0x0000000047252ac8

Registers:
RAX=0x0000000a094fee01, RBX=0x000001c844da3800, RCX=0x0000000047252ac8, RDX=0x000001c844da3800
RSP=0x0000000a094fee00, RBP=0x0000000047252ac8, RSI=0x000001c82e2ac320, RDI=0x0000000a094fef20
R8 =0x0000000a094fef20, R9 =0x0000000047252ac8, R10=0x0000000000000000, R11=0x0000000a094fea01
R12=0x000001c8489c2630, R13=0x0000000000000177, R14=0x00007ffef2429c68, R15=0x00007ffef2429a60
RIP=0x000000007631227e, EFLAGS=0x0000000000010202

Top of Stack: (sp=0x0000000a094fee00)
0x0000000a094fee00:   0000000a094fef00 000000007633cae3
0x0000000a094fee10:   000001c844da3800 0000000a094fefc8
0x0000000a094fee20:   000001c844da3800 000000007651bd1d
0x0000000a094fee30:   0000000000003a98 000001c844da3800
0x0000000a094fee40:   000001c844da39f8 00007ffef75b9d40
0x0000000a094fee50:   000001c844da3800 0000000000000000
0x0000000a094fee60:   000001c800000000 0000000000000000
0x0000000a094fee70:   0000000047252ac8 00007ffef24234da
0x0000000a094fee80:   0000000000000000 000001c844da39f8
0x0000000a094fee90:   000000000000fd00 0000000000000039
0x0000000a094feea0:   000001c8489c2630 000001c844da4080
0x0000000a094feeb0:   000001c843e17850 000001c844da3800
0x0000000a094feec0:   000001c843e17850 000001c844da3800
0x0000000a094feed0:   00000000000000fd 000000000000fd00
0x0000000a094feee0:   000001c844da3800 000001c843e17850
0x0000000a094feef0:   0000000000000000 00000000000000fd 

Instructions: (pc=0x000000007631227e)
0x000000007631225e:   cc cc 48 89 11 c3 cc cc cc cc cc cc cc cc cc cc
0x000000007631226e:   cc cc 40 53 48 83 ec 20 4c 8b c9 48 85 c9 74 50
0x000000007631227e:   48 8b 19 48 85 db 74 48 48 8b 43 08 48 8b 50 08
0x000000007631228e:   48 8b 42 18 48 85 c0 74 37 48 8b 80 90 00 00 00 


Register to memory mapping:

RAX=0x0000000a094fee01 is pointing into the stack for thread: 0x000001c844da3800
RBX=0x000001c844da3800 is a thread
RCX=0x0000000047252ac8 is an unknown value
RDX=0x000001c844da3800 is a thread
RSP=0x0000000a094fee00 is pointing into the stack for thread: 0x000001c844da3800
RBP=0x0000000047252ac8 is an unknown value
RSI=0x000001c82e2ac320 is an unknown value
RDI=0x0000000a094fef20 is pointing into the stack for thread: 0x000001c844da3800
R8 =0x0000000a094fef20 is pointing into the stack for thread: 0x000001c844da3800
R9 =0x0000000047252ac8 is an unknown value
R10=0x0000000000000000 is an unknown value
R11=0x0000000a094fea01 is pointing into the stack for thread: 0x000001c844da3800
R12=0x000001c8489c2630 is an unknown value
R13=0x0000000000000177 is an unknown value
R14=0x00007ffef2429c68 is an unknown value
R15=0x00007ffef2429a60 is an unknown value


Stack: [0x0000000a09400000,0x0000000a09500000],  sp=0x0000000a094fee00,  free space=1019k
Native frames: (J=compiled Java code, j=interpreted, Vv=VM code, C=native code)
V  [jvm.dll+0x14227e]
V  [jvm.dll+0x34bd1d]
C  [profilerinterface.dll+0x34da]
C  0x000001c82fb49f4e

Java frames: (J=compiled Java code, j=interpreted, Vv=VM code)
j  org.netbeans.lib.profiler.server.system.Stacks.getMethodNamesForJMethodIds(I[I[I)[B+0
j  org.netbeans.lib.profiler.server.ProfilerInterface.getMethodNamesForJMethodIds([I)Lorg/netbeans/lib/profiler/wireprotocol/MethodNamesResponse;+20
j  org.netbeans.lib.profiler.server.ProfilerServer.handleClientCommand(Lorg/netbeans/lib/profiler/wireprotocol/Command;)V+691
j  org.netbeans.lib.profiler.server.ProfilerServer.listenToClient()V+48
j  org.netbeans.lib.profiler.server.ProfilerServer.run()V+22
v  ~StubRoutines::call_stub

---------------  P R O C E S S  ---------------

Java Threads: ( => current thread )
  0x000001c84948b000 JavaThread "TimerQueue" daemon [_thread_blocked, id=6852, stack(0x0000000a0a600000,0x0000000a0a700000)]
  0x000001c847355000 JavaThread "Image Fetcher 0" daemon [_thread_blocked, id=12768, stack(0x0000000a0a200000,0x0000000a0a300000)]
  0x000001c82e2b4000 JavaThread "DestroyJavaVM" [_thread_blocked, id=10736, stack(0x0000000a08600000,0x0000000a08700000)]
  0x000001c84665f800 JavaThread "AWT-EventQueue-0" [_thread_blocked, id=18016, stack(0x0000000a0a100000,0x0000000a0a200000)]
  0x000001c8472a2800 JavaThread "AWT-Windows" daemon [_thread_in_native, id=20608, stack(0x0000000a0a000000,0x0000000a0a100000)]
  0x000001c8472a1800 JavaThread "AWT-Shutdown" [_thread_blocked, id=12780, stack(0x0000000a09f00000,0x0000000a0a000000)]
  0x000001c8472a0000 JavaThread "Java2D Disposer" daemon [_thread_blocked, id=7080, stack(0x0000000a09e00000,0x0000000a09f00000)]
  0x000001c84658d000 JavaThread "Service Thread" daemon [_thread_blocked, id=10120, stack(0x0000000a09c00000,0x0000000a09d00000)]
  0x000001c846803000 JavaThread "C1 CompilerThread3" daemon [_thread_blocked, id=14644, stack(0x0000000a09b00000,0x0000000a09c00000)]
  0x000001c846802000 JavaThread "C2 CompilerThread2" daemon [_thread_blocked, id=15392, stack(0x0000000a09a00000,0x0000000a09b00000)]
  0x000001c8467ff800 JavaThread "C2 CompilerThread1" daemon [_thread_blocked, id=16636, stack(0x0000000a09900000,0x0000000a09a00000)]
  0x000001c8467fe800 JavaThread "C2 CompilerThread0" daemon [_thread_blocked, id=14564, stack(0x0000000a09700000,0x0000000a09800000)]
  0x000001c84659b800 JavaThread "*** Profiler Agent Special Execution Thread 10" daemon [_thread_blocked, id=13216, stack(0x0000000a09800000,0x0000000a09900000)]
  0x000001c8464e0000 JavaThread "*** Profiler Agent Special Execution Thread 6" daemon [_thread_blocked, id=4120, stack(0x0000000a09600000,0x0000000a09700000)]
  0x000001c8464df800 JavaThread "*** JFluid Monitor thread ***" daemon [_thread_blocked, id=11768, stack(0x0000000a09500000,0x0000000a09600000)]
=>0x000001c844da3800 JavaThread "*** Profiler Agent Communication Thread" daemon [_thread_in_vm, id=21236, stack(0x0000000a09400000,0x0000000a09500000)]
  0x000001c844d8e000 JavaThread "Attach Listener" daemon [_thread_blocked, id=12824, stack(0x0000000a09300000,0x0000000a09400000)]
  0x000001c844d8b000 JavaThread "Signal Dispatcher" daemon [_thread_blocked, id=16144, stack(0x0000000a09200000,0x0000000a09300000)]
  0x000001c844d66800 JavaThread "Finalizer" daemon [_thread_blocked, id=21396, stack(0x0000000a09100000,0x0000000a09200000)]
  0x000001c844d5b800 JavaThread "Reference Handler" daemon [_thread_blocked, id=20964, stack(0x0000000a09000000,0x0000000a09100000)]

Other Threads:
  0x000001c84415d000 VMThread [stack: 0x0000000a08f00000,0x0000000a09000000] [id=20276]
  0x000001c846715000 WatcherThread [stack: 0x0000000a09d00000,0x0000000a09e00000] [id=9336]

VM state:synchronizing (normal execution)

VM Mutex/Monitor currently owned by a thread:  ([mutex/lock_event])
[0x000001c82e2afe50] Threads_lock - owner thread: 0x000001c84415d000

heap address: 0x0000000082800000, size: 2008 MB, Compressed Oops mode: 32-bit
Narrow klass base: 0x0000000000000000, Narrow klass shift: 3
Compressed class space size: 1073741824 Address: 0x0000000100000000

Heap:
 PSYoungGen      total 37888K, used 9012K [0x00000000d6300000, 0x00000000dad00000, 0x0000000100000000)
  eden space 32768K, 14% used [0x00000000d6300000,0x00000000d6798390,0x00000000d8300000)
  from space 5120K, 84% used [0x00000000d8300000,0x00000000d8734fb0,0x00000000d8800000)
  to   space 5120K, 0% used [0x00000000da800000,0x00000000da800000,0x00000000dad00000)
 ParOldGen       total 86016K, used 40336K [0x0000000082800000, 0x0000000087c00000, 0x00000000d6300000)
  object space 86016K, 46% used [0x0000000082800000,0x0000000084f64070,0x0000000087c00000)
 Metaspace       used 15484K, capacity 15700K, committed 15872K, reserved 1062912K
  class space    used 1948K, capacity 2030K, committed 2048K, reserved 1048576K

Card table byte_map: [0x000001c83eef0000,0x000001c83f2e0000] byte_map_base: 0x000001c83eadc000

Marking Bits: (ParMarkBitMap*) 0x00000000769c4fb0
 Begin Bits: [0x000001c83f580000, 0x000001c8414e0000)
 End Bits:   [0x000001c8414e0000, 0x000001c843440000)

Polling page: 0x000001c82e260000

CodeCache: size=245760Kb used=2447Kb max_used=2449Kb free=243312Kb
 bounds [0x000001c82fb30000, 0x000001c82fda0000, 0x000001c83eb30000]
 total_blobs=1128 nmethods=583 adapters=458
 compilation: enabled

Compilation events (10 events):
Event: 1.589 Thread 0x000001c846803000 nmethod 575 0x000001c82fd90c10 code [0x000001c82fd90d60, 0x000001c82fd90e78]
Event: 1.589 Thread 0x000001c846803000  577       3       java.awt.Color::getAlpha (12 bytes)
Event: 1.589 Thread 0x000001c846803000 nmethod 577 0x000001c82fd907d0 code [0x000001c82fd90940, 0x000001c82fd90b70]
Event: 1.590 Thread 0x000001c846803000  578       3       sun.java2d.loops.RenderCache$Entry::matches (30 bytes)
Event: 1.590 Thread 0x000001c846803000 nmethod 578 0x000001c82fd903d0 code [0x000001c82fd90520, 0x000001c82fd90758]
Event: 1.727 Thread 0x000001c846803000  579       3       java.util.Arrays::equals (54 bytes)
Event: 1.728 Thread 0x000001c846803000 nmethod 579 0x000001c82fd8fdd0 code [0x000001c82fd8ff40, 0x000001c82fd902b8]
Event: 1.786 Thread 0x000001c846803000  580       3       org.netbeans.lib.profiler.server.ProfilerRuntimeSampler$Sampling::writeThreadInfoNoChange (86 bytes)
Event: 1.786 Thread 0x000001c846803000 nmethod 580 0x000001c82fd949d0 code [0x000001c82fd94b60, 0x000001c82fd94f30]
Event: 2.032 Thread 0x000001c846803000  583       3       java.io.ObjectInputStream$BlockDataInputStream::readInt (73 bytes)

GC Heap History (2 events):
Event: 1.559 GC heap before
{Heap before GC invocations=1 (full 0):
 PSYoungGen      total 37888K, used 32768K [0x00000000d6300000, 0x00000000d8d00000, 0x0000000100000000)
  eden space 32768K, 100% used [0x00000000d6300000,0x00000000d8300000,0x00000000d8300000)
  from space 5120K, 0% used [0x00000000d8800000,0x00000000d8800000,0x00000000d8d00000)
  to   space 5120K, 0% used [0x00000000d8300000,0x00000000d8300000,0x00000000d8800000)
 ParOldGen       total 86016K, used 0K [0x0000000082800000, 0x0000000087c00000, 0x00000000d6300000)
  object space 86016K, 0% used [0x0000000082800000,0x0000000082800000,0x0000000087c00000)
 Metaspace       used 15434K, capacity 15700K, committed 15872K, reserved 1062912K
  class space    used 1940K, capacity 2030K, committed 2048K, reserved 1048576K
Event: 1.586 GC heap after
Heap after GC invocations=1 (full 0):
 PSYoungGen      total 37888K, used 4307K [0x00000000d6300000, 0x00000000dad00000, 0x0000000100000000)
  eden space 32768K, 0% used [0x00000000d6300000,0x00000000d6300000,0x00000000d8300000)
  from space 5120K, 84% used [0x00000000d8300000,0x00000000d8734fb0,0x00000000d8800000)
  to   space 5120K, 0% used [0x00000000da800000,0x00000000da800000,0x00000000dad00000)
 ParOldGen       total 86016K, used 40336K [0x0000000082800000, 0x0000000087c00000, 0x00000000d6300000)
  object space 86016K, 46% used [0x0000000082800000,0x0000000084f64070,0x0000000087c00000)
 Metaspace       used 15434K, capacity 15700K, committed 15872K, reserved 1062912K
  class space    used 1940K, capacity 2030K, committed 2048K, reserved 1048576K
}

Deoptimization events (4 events):
Event: 1.287 Thread 0x000001c84665f800 Uncommon trap: reason=unstable_if action=reinterpret pc=0x000001c82fcca8e0 method=java.lang.AbstractStringBuilder.append(Ljava/lang/String;)Ljava/lang/AbstractStringBuilder; @ 1
Event: 1.287 Thread 0x000001c84665f800 Uncommon trap: reason=unstable_if action=reinterpret pc=0x000001c82fccfe1c method=java.lang.AbstractStringBuilder.append(Ljava/lang/String;)Ljava/lang/AbstractStringBuilder; @ 1
Event: 1.402 Thread 0x000001c847355000 Uncommon trap: reason=unstable_if action=reinterpret pc=0x000001c82fd678b8 method=sun.awt.image.PNGImageDecoder.produceImage()V @ 867
Event: 1.408 Thread 0x000001c847355000 Uncommon trap: reason=unstable_if action=reinterpret pc=0x000001c82fd63758 method=sun.awt.image.ImageRepresentation.getOpaqueRGBImage()Ljava/awt/image/BufferedImage; @ 57

Classes redefined (0 events):
No events

Internal exceptions (10 events):
Event: 1.256 Thread 0x000001c82e2b4000 Exception <a 'java/lang/ClassNotFoundException': javax/swing/JToolBarSeparator> (0x00000000d6e95f60) thrown at [C:\jenkins\workspace\8-2-build-windows-amd64-cygwin\jdk8u261\295\hotspot\src\share\vm\classfile\systemDictionary.cpp, line 210]
Event: 1.256 Thread 0x000001c82e2b4000 Exception <a 'java/lang/ClassNotFoundException': ToolBarSeparator> (0x00000000d6e963f8) thrown at [C:\jenkins\workspace\8-2-build-windows-amd64-cygwin\jdk8u261\295\hotspot\src\share\vm\classfile\systemDictionary.cpp, line 210]
Event: 1.256 Thread 0x000001c82e2b4000 Exception <a 'java/lang/ClassNotFoundException': ToolTip> (0x00000000d6e96b38) thrown at [C:\jenkins\workspace\8-2-build-windows-amd64-cygwin\jdk8u261\295\hotspot\src\share\vm\classfile\systemDictionary.cpp, line 210]
Event: 1.258 Thread 0x000001c82e2b4000 Exception <a 'java/lang/ClassNotFoundException': Tree> (0x00000000d6e97758) thrown at [C:\jenkins\workspace\8-2-build-windows-amd64-cygwin\jdk8u261\295\hotspot\src\share\vm\classfile\systemDictionary.cpp, line 210]
Event: 1.258 Thread 0x000001c82e2b4000 Exception <a 'java/lang/ClassNotFoundException': Tree> (0x00000000d6e97e98) thrown at [C:\jenkins\workspace\8-2-build-windows-amd64-cygwin\jdk8u261\295\hotspot\src\share\vm\classfile\systemDictionary.cpp, line 210]
Event: 1.258 Thread 0x000001c82e2b4000 Exception <a 'java/lang/ClassNotFoundException': javax/swing/JTreeCell> (0x00000000d6e98218) thrown at [C:\jenkins\workspace\8-2-build-windows-amd64-cygwin\jdk8u261\295\hotspot\src\share\vm\classfile\systemDictionary.cpp, line 210]
Event: 1.258 Thread 0x000001c82e2b4000 Exception <a 'java/lang/ClassNotFoundException': TreeCell> (0x00000000d6e986a0) thrown at [C:\jenkins\workspace\8-2-build-windows-amd64-cygwin\jdk8u261\295\hotspot\src\share\vm\classfile\systemDictionary.cpp, line 210]
Event: 1.258 Thread 0x000001c82e2b4000 Exception <a 'java/lang/ClassNotFoundException': RootPane> (0x00000000d6e99100) thrown at [C:\jenkins\workspace\8-2-build-windows-amd64-cygwin\jdk8u261\295\hotspot\src\share\vm\classfile\systemDictionary.cpp, line 210]
Event: 1.287 Thread 0x000001c84665f800 Implicit null exception at 0x000001c82fcca516 to 0x000001c82fcca8c9
Event: 1.287 Thread 0x000001c84665f800 Implicit null exception at 0x000001c82fccfa56 to 0x000001c82fccfe05

Events (10 events):
Event: 2.005 Executing VM operation: GetAllStackTraces
Event: 2.006 Executing VM operation: GetAllStackTraces done
Event: 2.021 Executing VM operation: GetAllStackTraces
Event: 2.022 Executing VM operation: GetAllStackTraces done
Event: 2.023 loading class org/netbeans/lib/profiler/wireprotocol/EventBufferDumpedCommand
Event: 2.023 loading class org/netbeans/lib/profiler/wireprotocol/EventBufferDumpedCommand done
Event: 2.028 loading class org/netbeans/lib/profiler/wireprotocol/DumpResultsResponse
Event: 2.029 loading class org/netbeans/lib/profiler/wireprotocol/DumpResultsResponse done
Event: 2.031 loading class org/netbeans/lib/profiler/wireprotocol/GetMethodNamesForJMethodIdsCommand
Event: 2.031 loading class org/netbeans/lib/profiler/wireprotocol/GetMethodNamesForJMethodIdsCommand done


Dynamic libraries:
0x00007ff721c70000 - 0x00007ff721cb7000 	C:\Program Files\Java\jdk1.8.0_261\bin\java.exe
0x00007ffef9530000 - 0x00007ffef9725000 	C:\Windows\SYSTEM32\ntdll.dll
0x00007ffef8c80000 - 0x00007ffef8d3d000 	C:\Windows\System32\KERNEL32.DLL
0x00007ffef6f10000 - 0x00007ffef71d8000 	C:\Windows\System32\KERNELBASE.dll
0x00007ffef8d50000 - 0x00007ffef8dfc000 	C:\Windows\System32\ADVAPI32.dll
0x00007ffef75a0000 - 0x00007ffef763e000 	C:\Windows\System32\msvcrt.dll
0x00007ffef8fa0000 - 0x00007ffef903b000 	C:\Windows\System32\sechost.dll
0x00007ffef9040000 - 0x00007ffef916b000 	C:\Windows\System32\RPCRT4.dll
0x00007ffef8e00000 - 0x00007ffef8fa0000 	C:\Windows\System32\USER32.dll
0x00007ffef7490000 - 0x00007ffef74b2000 	C:\Windows\System32\win32u.dll
0x00007ffef7710000 - 0x00007ffef773a000 	C:\Windows\System32\GDI32.dll
0x00007ffef7380000 - 0x00007ffef748b000 	C:\Windows\System32\gdi32full.dll
0x00007ffef72e0000 - 0x00007ffef737d000 	C:\Windows\System32\msvcp_win.dll
0x00007ffef71e0000 - 0x00007ffef72e0000 	C:\Windows\System32\ucrtbase.dll
0x00007ffee39d0000 - 0x00007ffee3c6a000 	C:\Windows\WinSxS\amd64_microsoft.windows.common-controls_6595b64144ccf1df_6.0.19041.1052_none_60b8f8fd71f5e8cb\COMCTL32.dll
0x00007ffef82b0000 - 0x00007ffef82e0000 	C:\Windows\System32\IMM32.DLL
0x00007ffeee810000 - 0x00007ffeee825000 	C:\Program Files\Java\jdk1.8.0_261\jre\bin\vcruntime140.dll
0x00007ffeb3a80000 - 0x00007ffeb3b1b000 	C:\Program Files\Java\jdk1.8.0_261\jre\bin\msvcp140.dll
0x00000000761d0000 - 0x0000000076a3c000 	C:\Program Files\Java\jdk1.8.0_261\jre\bin\server\jvm.dll
0x00007ffef9180000 - 0x00007ffef9188000 	C:\Windows\System32\PSAPI.DLL
0x00007ffedfb40000 - 0x00007ffedfb49000 	C:\Windows\SYSTEM32\WSOCK32.dll
0x00007ffef0b30000 - 0x00007ffef0b3a000 	C:\Windows\SYSTEM32\VERSION.dll
0x00007ffee5f50000 - 0x00007ffee5f77000 	C:\Windows\SYSTEM32\WINMM.dll
0x00007ffef8240000 - 0x00007ffef82ab000 	C:\Windows\System32\WS2_32.dll
0x00007ffef4da0000 - 0x00007ffef4db2000 	C:\Windows\SYSTEM32\kernel.appcore.dll
0x00007ffef0f00000 - 0x00007ffef0f10000 	C:\Program Files\Java\jdk1.8.0_261\jre\bin\verify.dll
0x00007ffed4b00000 - 0x00007ffed4b2b000 	C:\Program Files\Java\jdk1.8.0_261\jre\bin\java.dll
0x00007ffef2420000 - 0x00007ffef242f000 	C:\Program Files\NetBeans 8.2\profiler\lib\deployed\jdk16\windows-amd64\profilerinterface.dll
0x00007ffee6930000 - 0x00007ffee6948000 	C:\Program Files\Java\jdk1.8.0_261\jre\bin\zip.dll
0x00007ffef83c0000 - 0x00007ffef8aff000 	C:\Windows\System32\SHELL32.dll
0x00007ffef4dc0000 - 0x00007ffef5550000 	C:\Windows\SYSTEM32\windows.storage.dll
0x00007ffef9190000 - 0x00007ffef94e5000 	C:\Windows\System32\combase.dll
0x00007ffef66e0000 - 0x00007ffef670c000 	C:\Windows\SYSTEM32\Wldp.dll
0x00007ffef8110000 - 0x00007ffef81be000 	C:\Windows\System32\SHCORE.dll
0x00007ffef81c0000 - 0x00007ffef8215000 	C:\Windows\System32\shlwapi.dll
0x00007ffef6bb0000 - 0x00007ffef6bcf000 	C:\Windows\SYSTEM32\profapi.dll
0x00007ffed4ae0000 - 0x00007ffed4afc000 	C:\Program Files\Java\jdk1.8.0_261\jre\bin\net.dll
0x00007ffef6450000 - 0x00007ffef64ba000 	C:\Windows\system32\mswsock.dll
0x00007ffef1530000 - 0x00007ffef153d000 	C:\Program Files\Java\jdk1.8.0_261\jre\bin\management.dll
0x00007ffed4ac0000 - 0x00007ffed4ad3000 	C:\Program Files\Java\jdk1.8.0_261\jre\bin\nio.dll
0x00007ffef6620000 - 0x00007ffef6638000 	C:\Windows\SYSTEM32\CRYPTSP.dll
0x00007ffef5d80000 - 0x00007ffef5db4000 	C:\Windows\system32\rsaenh.dll
0x00007ffef7520000 - 0x00007ffef7547000 	C:\Windows\System32\bcrypt.dll
0x00007ffef6b30000 - 0x00007ffef6b5e000 	C:\Windows\SYSTEM32\USERENV.dll
0x00007ffef6c70000 - 0x00007ffef6cf3000 	C:\Windows\System32\bcryptprimitives.dll
0x00007ffef6640000 - 0x00007ffef664c000 	C:\Windows\SYSTEM32\CRYPTBASE.dll
0x00007ffef60f0000 - 0x00007ffef612b000 	C:\Windows\SYSTEM32\IPHLPAPI.DLL
0x00007ffef8d40000 - 0x00007ffef8d48000 	C:\Windows\System32\NSI.dll
0x00007ffeef250000 - 0x00007ffeef267000 	C:\Windows\SYSTEM32\dhcpcsvc6.DLL
0x00007ffeefb00000 - 0x00007ffeefb1d000 	C:\Windows\SYSTEM32\dhcpcsvc.DLL
0x00007ffef6130000 - 0x00007ffef61fc000 	C:\Windows\SYSTEM32\DNSAPI.dll
0x00007ffeb1d30000 - 0x00007ffeb1ec4000 	C:\Program Files\Java\jdk1.8.0_261\jre\bin\awt.dll
0x00007ffef7640000 - 0x00007ffef770d000 	C:\Windows\System32\OLEAUT32.dll
0x00007ffef4180000 - 0x00007ffef4210000 	C:\Windows\SYSTEM32\apphelp.dll
0x00007ffef4340000 - 0x00007ffef43de000 	C:\Windows\system32\uxtheme.dll
0x00007ffef8b00000 - 0x00007ffef8c15000 	C:\Windows\System32\MSCTF.dll
0x00007ffef7bb0000 - 0x00007ffef7cda000 	C:\Windows\System32\ole32.dll
0x00007ffef47e0000 - 0x00007ffef480f000 	C:\Windows\system32\DWMAPI.DLL
0x00007ffed4a70000 - 0x00007ffed4ab9000 	C:\Program Files\Java\jdk1.8.0_261\jre\bin\fontmanager.dll
0x00007ffed1a90000 - 0x00007ffed1bb6000 	C:\Windows\system32\opengl32.dll
0x00007ffee3060000 - 0x00007ffee308c000 	C:\Windows\SYSTEM32\GLU32.dll
0x00007ffef8000000 - 0x00007ffef80a9000 	C:\Windows\System32\clbcatq.dll
0x00007ffeedf90000 - 0x00007ffeee144000 	C:\Windows\SYSTEM32\WindowsCodecs.dll
0x00007ffede880000 - 0x00007ffede8be000 	C:\Windows\system32\dataexchange.dll
0x00007ffef2750000 - 0x00007ffef29b4000 	C:\Windows\system32\d3d11.dll
0x00007ffef3680000 - 0x00007ffef3866000 	C:\Windows\system32\dcomp.dll
0x00007ffef55b0000 - 0x00007ffef56a4000 	C:\Windows\system32\dxgi.dll
0x00007ffeee420000 - 0x00007ffeee621000 	C:\Windows\system32\twinapi.appcore.dll
0x00007ffeb8640000 - 0x00007ffeb8683000 	C:\Program Files\Java\jdk1.8.0_261\jre\bin\t2k.dll
0x00007ffec4490000 - 0x00007ffec4589000 	C:\Windows\SYSTEM32\textinputframework.dll
0x00007ffef3bf0000 - 0x00007ffef3ce2000 	C:\Windows\System32\CoreMessaging.dll
0x00007ffef3d20000 - 0x00007ffef407e000 	C:\Windows\System32\CoreUIComponents.dll
0x00007ffef3520000 - 0x00007ffef3674000 	C:\Windows\SYSTEM32\wintypes.dll
0x00007ffef59b0000 - 0x00007ffef59e3000 	C:\Windows\SYSTEM32\ntmarta.dll
0x00007ffec6a70000 - 0x00007ffec6a9a000 	C:\Program Files\Java\jdk1.8.0_261\jre\bin\dcpr.dll
0x00007ffef4520000 - 0x00007ffef4704000 	C:\Windows\SYSTEM32\dbghelp.dll

VM Arguments:
jvm_args: -Dfile.encoding=UTF-8 -agentpath:C:/Program Files/NetBeans 8.2/profiler/lib/deployed/jdk16/windows-amd64/profilerinterface.dll=C:\Program Files\NetBeans 8.2\profiler\lib,5140,10 -XX:+HeapDumpOnOutOfMemoryError -XX:HeapDumpPath=C:\Users\akhma\OneDrive\Documents\TEL-U\Software Engineering\SEMESTER 4\KPL\KPL_Anti-Nganggur_Kelompok5\ANTI-NGANGGUR_5\nbproject\private\profiler 
java_command: anti.nganggur.Login
java_class_path (initial): C:\Program Files\NetBeans 8.2\ide\modules\ext\mysql-connector-java-5.1.23-bin.jar;C:\Program Files\NetBeans 8.2\java\modules\ext\AbsoluteLayout.jar;C:\Users\akhma\OneDrive\Documents\TEL-U\Software Engineering\SEMESTER 4\KPL\KPL_Anti-Nganggur_Kelompok5\ANTI-NGANGGUR_5\build\classes
Launcher Type: SUN_STANDARD

Environment Variables:
PATH=C:\app\akhma\product\11.2.0\dbhome_1\bin;C:\Program Files (x86)\Common Files\Oracle\Java\javapath;C:\Program Files (x86)\Common Files\Intel\Shared Libraries\redist\intel64\compiler;C:\Windows\system32;C:\Windows;C:\Windows\System32\Wbem;C:\Windows\System32\WindowsPowerShell\v1.0\;C:\Windows\System32\OpenSSH\;C:\Program Files (x86)\NVIDIA Corporation\PhysX\Common;C:\Program Files\NVIDIA Corporation\NVIDIA NvDLISR;C:\Go\bin;C:\Program Files\dotnet\;C:\Program Files\Git\cmd;C:\Users\akhma\AppData\Local\Microsoft\WindowsApps;C:\Users\akhma\go\bin;C:\Users\akhma\AppData\Local\Programs\Microsoft VS Code\bin;C:\Users\akhma\.dotnet\tools;C:\Users\akhma\AppData\Local\GitHubDesktop\bin;C:\Users\akhma\AppData\Local\atom\bin
USERNAME=akhma
OS=Windows_NT
PROCESSOR_IDENTIFIER=Intel64 Family 6 Model 165 Stepping 2, GenuineIntel



---------------  S Y S T E M  ---------------

OS: Windows 10.0 , 64 bit Build 19041 (10.0.19041.1023)

CPU:total 8 (initial active 8) (4 cores per cpu, 2 threads per core) family 6 model 165 stepping 2, cmov, cx8, fxsr, mmx, sse, sse2, sse3, ssse3, sse4.1, sse4.2, popcnt, avx, avx2, aes, clmul, erms, 3dnowpref, lzcnt, ht, tsc, tscinvbit, bmi1, bmi2, adx

Memory: 4k page, physical 8221732k(1036904k free), swap 29193252k(11775708k free)

vm_info: Java HotSpot(TM) 64-Bit Server VM (25.261-b12) for windows-amd64 JRE (1.8.0_261-b12), built on Jun 18 2020 06:56:32 by "" with unknown MS VC++:1916

time: Thu Jul  1 15:08:48 2021
timezone: SE Asia Standard Time
elapsed time: 2 seconds (0d 0h 0m 2s)

