#
# A fatal error has been detected by the Java Runtime Environment:
#
#  EXCEPTION_ACCESS_VIOLATION (0xc0000005) at pc=0x000000007631227e, pid=18200, tid=0x0000000000003c38
#
# JRE version: Java(TM) SE Runtime Environment (8.0_261-b12) (build 1.8.0_261-b12)
# Java VM: Java HotSpot(TM) 64-Bit Server VM (25.261-b12 mixed mode windows-amd64 compressed oops)
# Problematic frame:
# V  [jvm.dll+0x14227e]
#
# Failed to write core dump. Minidumps are not enabled by default on client versions of Windows
#
# If you would like to submit a bug report, please visit:
#   http://bugreport.java.com/bugreport/crash.jsp
#

---------------  T H R E A D  ---------------

Current thread (0x00000255f9b10800):  JavaThread "*** Profiler Agent Communication Thread" daemon [_thread_in_vm, id=15416, stack(0x000000e25f000000,0x000000e25f100000)]

siginfo: ExceptionCode=0xc0000005, reading address 0xfffffffffb2cc7e8

Registers:
RAX=0x000000e25f0feb01, RBX=0x00000255f9b10800, RCX=0xfffffffffb2cc7e8, RDX=0x00000255f9b10800
RSP=0x000000e25f0feae0, RBP=0xfffffffffb2cc7e8, RSI=0x00000255f1f6e3e0, RDI=0x000000e25f0fec00
R8 =0x000000e25f0fec00, R9 =0xfffffffffb2cc7e8, R10=0x0000000000000000, R11=0x000000e25f0fe701
R12=0x00000255fd6942b0, R13=0x0000000000000164, R14=0x00007ffec6d89c68, R15=0x00007ffec6d89a60
RIP=0x000000007631227e, EFLAGS=0x0000000000010286

Top of Stack: (sp=0x000000e25f0feae0)
0x000000e25f0feae0:   000000e25f0fec00 000000007633cae3
0x000000e25f0feaf0:   00000255f9b10800 000000e25f0feca8
0x000000e25f0feb00:   00000255f9b10800 000000007651bd1d
0x000000e25f0feb10:   00000000000037a0 00000255f9b10800
0x000000e25f0feb20:   00000255f9b109f8 00007ffef75b9d40
0x000000e25f0feb30:   00000255f9b10800 0000000000000000
0x000000e25f0feb40:   0000025500000000 0000000000000000
0x000000e25f0feb50:   fffffffffb2cc7e8 00007ffec6d834da
0x000000e25f0feb60:   0000000000000000 00000255f9b109f8
0x000000e25f0feb70:   000000000000b400 0000000000000039
0x000000e25f0feb80:   00000255fd6942b0 00000255f9aad0b0
0x000000e25f0feb90:   00000255f8b37850 00000255f9b10800
0x000000e25f0feba0:   00000255f8b37850 00000255f9b10800
0x000000e25f0febb0:   00000000000000b4 000000000000b400
0x000000e25f0febc0:   00000255f9b10800 00000255f8b37850
0x000000e25f0febd0:   0000000000000000 00000000000000b4 

Instructions: (pc=0x000000007631227e)
0x000000007631225e:   cc cc 48 89 11 c3 cc cc cc cc cc cc cc cc cc cc
0x000000007631226e:   cc cc 40 53 48 83 ec 20 4c 8b c9 48 85 c9 74 50
0x000000007631227e:   48 8b 19 48 85 db 74 48 48 8b 43 08 48 8b 50 08
0x000000007631228e:   48 8b 42 18 48 85 c0 74 37 48 8b 80 90 00 00 00 


Register to memory mapping:

RAX=0x000000e25f0feb01 is pointing into the stack for thread: 0x00000255f9b10800
RBX=0x00000255f9b10800 is a thread
RCX=0xfffffffffb2cc7e8 is an unknown value
RDX=0x00000255f9b10800 is a thread
RSP=0x000000e25f0feae0 is pointing into the stack for thread: 0x00000255f9b10800
RBP=0xfffffffffb2cc7e8 is an unknown value
RSI=0x00000255f1f6e3e0 is an unknown value
RDI=0x000000e25f0fec00 is pointing into the stack for thread: 0x00000255f9b10800
R8 =0x000000e25f0fec00 is pointing into the stack for thread: 0x00000255f9b10800
R9 =0xfffffffffb2cc7e8 is an unknown value
R10=0x0000000000000000 is an unknown value
R11=0x000000e25f0fe701 is pointing into the stack for thread: 0x00000255f9b10800
R12=0x00000255fd6942b0 is an unknown value
R13=0x0000000000000164 is an unknown value
R14=0x00007ffec6d89c68 is an unknown value
R15=0x00007ffec6d89a60 is an unknown value


Stack: [0x000000e25f000000,0x000000e25f100000],  sp=0x000000e25f0feae0,  free space=1018k
Native frames: (J=compiled Java code, j=interpreted, Vv=VM code, C=native code)
V  [jvm.dll+0x14227e]
V  [jvm.dll+0x34bd1d]
C  [profilerinterface.dll+0x34da]
C  0x0000025580019f4e

Java frames: (J=compiled Java code, j=interpreted, Vv=VM code)
j  org.netbeans.lib.profiler.server.system.Stacks.getMethodNamesForJMethodIds(I[I[I)[B+0
j  org.netbeans.lib.profiler.server.ProfilerInterface.getMethodNamesForJMethodIds([I)Lorg/netbeans/lib/profiler/wireprotocol/MethodNamesResponse;+20
j  org.netbeans.lib.profiler.server.ProfilerServer.handleClientCommand(Lorg/netbeans/lib/profiler/wireprotocol/Command;)V+691
j  org.netbeans.lib.profiler.server.ProfilerServer.listenToClient()V+48
j  org.netbeans.lib.profiler.server.ProfilerServer.run()V+22
v  ~StubRoutines::call_stub

---------------  P R O C E S S  ---------------

Java Threads: ( => current thread )
  0x00000255fc325800 JavaThread "TimerQueue" daemon [_thread_blocked, id=17668, stack(0x000000e260200000,0x000000e260300000)]
  0x00000255fc0fb800 JavaThread "Image Fetcher 0" daemon [_thread_blocked, id=18568, stack(0x000000e25fe00000,0x000000e25ff00000)]
  0x00000255f1f74000 JavaThread "DestroyJavaVM" [_thread_blocked, id=17124, stack(0x000000e25e200000,0x000000e25e300000)]
  0x00000255fc178000 JavaThread "AWT-EventQueue-0" [_thread_blocked, id=2680, stack(0x000000e25fd00000,0x000000e25fe00000)]
  0x00000255fc035000 JavaThread "AWT-Windows" daemon [_thread_in_native, id=12412, stack(0x000000e25fc00000,0x000000e25fd00000)]
  0x00000255fc032800 JavaThread "AWT-Shutdown" [_thread_blocked, id=19060, stack(0x000000e25fb00000,0x000000e25fc00000)]
  0x00000255fc030800 JavaThread "Java2D Disposer" daemon [_thread_blocked, id=17144, stack(0x000000e25fa00000,0x000000e25fb00000)]
  0x00000255fb2d0000 JavaThread "Service Thread" daemon [_thread_blocked, id=6808, stack(0x000000e25f800000,0x000000e25f900000)]
  0x00000255fb2ce000 JavaThread "C1 CompilerThread3" daemon [_thread_blocked, id=18216, stack(0x000000e25f700000,0x000000e25f800000)]
  0x00000255fb2b3800 JavaThread "C2 CompilerThread2" daemon [_thread_blocked, id=11964, stack(0x000000e25f600000,0x000000e25f700000)]
  0x00000255fb2be800 JavaThread "C2 CompilerThread1" daemon [_thread_blocked, id=4696, stack(0x000000e25f500000,0x000000e25f600000)]
  0x00000255fb2be000 JavaThread "C2 CompilerThread0" daemon [_thread_blocked, id=14532, stack(0x000000e25f300000,0x000000e25f400000)]
  0x00000255fb2fd800 JavaThread "*** Profiler Agent Special Execution Thread 10" daemon [_thread_blocked, id=15700, stack(0x000000e25f400000,0x000000e25f500000)]
  0x00000255fb1fa800 JavaThread "*** Profiler Agent Special Execution Thread 6" daemon [_thread_blocked, id=11696, stack(0x000000e25f200000,0x000000e25f300000)]
  0x00000255fb1f9800 JavaThread "*** JFluid Monitor thread ***" daemon [_thread_blocked, id=9872, stack(0x000000e25f100000,0x000000e25f200000)]
=>0x00000255f9b10800 JavaThread "*** Profiler Agent Communication Thread" daemon [_thread_in_vm, id=15416, stack(0x000000e25f000000,0x000000e25f100000)]
  0x00000255f9aa5800 JavaThread "Attach Listener" daemon [_thread_blocked, id=17400, stack(0x000000e25ef00000,0x000000e25f000000)]
  0x00000255f9aa2800 JavaThread "Signal Dispatcher" daemon [_thread_blocked, id=20668, stack(0x000000e25ee00000,0x000000e25ef00000)]
  0x00000255f9a7b000 JavaThread "Finalizer" daemon [_thread_blocked, id=20176, stack(0x000000e25ed00000,0x000000e25ee00000)]
  0x00000255f9a79000 JavaThread "Reference Handler" daemon [_thread_blocked, id=14340, stack(0x000000e25ec00000,0x000000e25ed00000)]

Other Threads:
  0x00000255f9a53800 VMThread [stack: 0x000000e25eb00000,0x000000e25ec00000] [id=7836]
  0x00000255fb2d0800 WatcherThread [stack: 0x000000e25f900000,0x000000e25fa00000] [id=4788]

VM state:not at safepoint (normal execution)

VM Mutex/Monitor currently owned by a thread: None

heap address: 0x0000000082800000, size: 2008 MB, Compressed Oops mode: 32-bit
Narrow klass base: 0x0000000000000000, Narrow klass shift: 3
Compressed class space size: 1073741824 Address: 0x0000000100000000

Heap:
 PSYoungGen      total 37888K, used 8427K [0x00000000d6300000, 0x00000000d8d00000, 0x0000000100000000)
  eden space 32768K, 10% used [0x00000000d6300000,0x00000000d6640e58,0x00000000d8300000)
  from space 5120K, 99% used [0x00000000d8300000,0x00000000d87f9f20,0x00000000d8800000)
  to   space 5120K, 0% used [0x00000000d8800000,0x00000000d8800000,0x00000000d8d00000)
 ParOldGen       total 86016K, used 40784K [0x0000000082800000, 0x0000000087c00000, 0x00000000d6300000)
  object space 86016K, 47% used [0x0000000082800000,0x0000000084fd41d0,0x0000000087c00000)
 Metaspace       used 15468K, capacity 15700K, committed 15872K, reserved 1062912K
  class space    used 1948K, capacity 2030K, committed 2048K, reserved 1048576K

Card table byte_map: [0x00000255f3c10000,0x00000255f4000000] byte_map_base: 0x00000255f37fc000

Marking Bits: (ParMarkBitMap*) 0x00000000769c4fb0
 Begin Bits: [0x00000255f42a0000, 0x00000255f6200000)
 End Bits:   [0x00000255f6200000, 0x00000255f8160000)

Polling page: 0x00000255f21f0000

CodeCache: size=245760Kb used=2468Kb max_used=2468Kb free=243291Kb
 bounds [0x0000025580000000, 0x0000025580270000, 0x000002558f000000]
 total_blobs=1130 nmethods=585 adapters=458
 compilation: enabled

Compilation events (10 events):
Event: 1.917 Thread 0x00000255fb2ce000  580       3       sun.java2d.loops.RenderCache$Entry::matches (30 bytes)
Event: 1.918 Thread 0x00000255fb2ce000 nmethod 580 0x000002558025ae50 code [0x000002558025afa0, 0x000002558025b1d8]
Event: 1.925 Thread 0x00000255fb2ce000  581       3       java.awt.Rectangle::<init> (26 bytes)
Event: 1.926 Thread 0x00000255fb2ce000 nmethod 581 0x000002558025a8d0 code [0x000002558025aa40, 0x000002558025acb8]
Event: 1.956 Thread 0x00000255fb2ce000  582       3       java.util.Arrays::equals (54 bytes)
Event: 1.957 Thread 0x00000255fb2ce000 nmethod 582 0x0000025580269650 code [0x00000255802697c0, 0x0000025580269b38]
Event: 1.999 Thread 0x00000255fb2ce000  583       3       org.netbeans.lib.profiler.server.ProfilerRuntimeSampler$Sampling::writeThreadInfoNoChange (86 bytes)
Event: 1.999 Thread 0x00000255fb2ce000 nmethod 583 0x0000025580268f10 code [0x00000255802690a0, 0x0000025580269470]
Event: 2.168 Thread 0x00000255fb2ce000  584       3       java.io.Bits::getInt (43 bytes)
Event: 2.168 Thread 0x00000255fb2ce000 nmethod 584 0x0000025580268a90 code [0x0000025580268c00, 0x0000025580268dd8]

GC Heap History (2 events):
Event: 2.140 GC heap before
{Heap before GC invocations=1 (full 0):
 PSYoungGen      total 37888K, used 32768K [0x00000000d6300000, 0x00000000d8d00000, 0x0000000100000000)
  eden space 32768K, 100% used [0x00000000d6300000,0x00000000d8300000,0x00000000d8300000)
  from space 5120K, 0% used [0x00000000d8800000,0x00000000d8800000,0x00000000d8d00000)
  to   space 5120K, 0% used [0x00000000d8300000,0x00000000d8300000,0x00000000d8800000)
 ParOldGen       total 86016K, used 0K [0x0000000082800000, 0x0000000087c00000, 0x00000000d6300000)
  object space 86016K, 0% used [0x0000000082800000,0x0000000082800000,0x0000000087c00000)
 Metaspace       used 15454K, capacity 15700K, committed 15872K, reserved 1062912K
  class space    used 1946K, capacity 2030K, committed 2048K, reserved 1048576K
Event: 2.160 GC heap after
Heap after GC invocations=1 (full 0):
 PSYoungGen      total 37888K, used 5095K [0x00000000d6300000, 0x00000000d8d00000, 0x0000000100000000)
  eden space 32768K, 0% used [0x00000000d6300000,0x00000000d6300000,0x00000000d8300000)
  from space 5120K, 99% used [0x00000000d8300000,0x00000000d87f9f20,0x00000000d8800000)
  to   space 5120K, 0% used [0x00000000d8800000,0x00000000d8800000,0x00000000d8d00000)
 ParOldGen       total 86016K, used 40784K [0x0000000082800000, 0x0000000087c00000, 0x00000000d6300000)
  object space 86016K, 47% used [0x0000000082800000,0x0000000084fd41d0,0x0000000087c00000)
 Metaspace       used 15454K, capacity 15700K, committed 15872K, reserved 1062912K
  class space    used 1946K, capacity 2030K, committed 2048K, reserved 1048576K
}

Deoptimization events (5 events):
Event: 1.533 Thread 0x00000255fc178000 Uncommon trap: reason=unstable_if action=reinterpret pc=0x0000025580198e60 method=java.lang.AbstractStringBuilder.append(Ljava/lang/String;)Ljava/lang/AbstractStringBuilder; @ 1
Event: 1.534 Thread 0x00000255fc178000 Uncommon trap: reason=unstable_if action=reinterpret pc=0x000002558019e39c method=java.lang.AbstractStringBuilder.append(Ljava/lang/String;)Ljava/lang/AbstractStringBuilder; @ 1
Event: 1.548 Thread 0x00000255fc178000 Uncommon trap: reason=unstable_if action=reinterpret pc=0x00000255801b83c0 method=java.util.HashMap.getNode(ILjava/lang/Object;)Ljava/util/HashMap$Node; @ 84
Event: 1.622 Thread 0x00000255fc0fb800 Uncommon trap: reason=unstable_if action=reinterpret pc=0x000002558022fe78 method=sun.awt.image.PNGImageDecoder.produceImage()V @ 867
Event: 1.627 Thread 0x00000255fc0fb800 Uncommon trap: reason=unstable_if action=reinterpret pc=0x0000025580228e58 method=sun.awt.image.ImageRepresentation.getOpaqueRGBImage()Ljava/awt/image/BufferedImage; @ 57

Classes redefined (0 events):
No events

Internal exceptions (10 events):
Event: 1.510 Thread 0x00000255f1f74000 Exception <a 'java/lang/ClassNotFoundException': javax/swing/JToolBarSeparator> (0x00000000d6df24c8) thrown at [C:\jenkins\workspace\8-2-build-windows-amd64-cygwin\jdk8u261\295\hotspot\src\share\vm\classfile\systemDictionary.cpp, line 210]
Event: 1.510 Thread 0x00000255f1f74000 Exception <a 'java/lang/ClassNotFoundException': ToolBarSeparator> (0x00000000d6df2960) thrown at [C:\jenkins\workspace\8-2-build-windows-amd64-cygwin\jdk8u261\295\hotspot\src\share\vm\classfile\systemDictionary.cpp, line 210]
Event: 1.510 Thread 0x00000255f1f74000 Exception <a 'java/lang/ClassNotFoundException': ToolTip> (0x00000000d6df30a0) thrown at [C:\jenkins\workspace\8-2-build-windows-amd64-cygwin\jdk8u261\295\hotspot\src\share\vm\classfile\systemDictionary.cpp, line 210]
Event: 1.511 Thread 0x00000255f1f74000 Exception <a 'java/lang/ClassNotFoundException': Tree> (0x00000000d6df3cc0) thrown at [C:\jenkins\workspace\8-2-build-windows-amd64-cygwin\jdk8u261\295\hotspot\src\share\vm\classfile\systemDictionary.cpp, line 210]
Event: 1.511 Thread 0x00000255f1f74000 Exception <a 'java/lang/ClassNotFoundException': Tree> (0x00000000d6df4400) thrown at [C:\jenkins\workspace\8-2-build-windows-amd64-cygwin\jdk8u261\295\hotspot\src\share\vm\classfile\systemDictionary.cpp, line 210]
Event: 1.511 Thread 0x00000255f1f74000 Exception <a 'java/lang/ClassNotFoundException': javax/swing/JTreeCell> (0x00000000d6df4780) thrown at [C:\jenkins\workspace\8-2-build-windows-amd64-cygwin\jdk8u261\295\hotspot\src\share\vm\classfile\systemDictionary.cpp, line 210]
Event: 1.511 Thread 0x00000255f1f74000 Exception <a 'java/lang/ClassNotFoundException': TreeCell> (0x00000000d6df4c08) thrown at [C:\jenkins\workspace\8-2-build-windows-amd64-cygwin\jdk8u261\295\hotspot\src\share\vm\classfile\systemDictionary.cpp, line 210]
Event: 1.512 Thread 0x00000255f1f74000 Exception <a 'java/lang/ClassNotFoundException': RootPane> (0x00000000d6df5668) thrown at [C:\jenkins\workspace\8-2-build-windows-amd64-cygwin\jdk8u261\295\hotspot\src\share\vm\classfile\systemDictionary.cpp, line 210]
Event: 1.533 Thread 0x00000255fc178000 Implicit null exception at 0x0000025580198a96 to 0x0000025580198e49
Event: 1.534 Thread 0x00000255fc178000 Implicit null exception at 0x000002558019dfd6 to 0x000002558019e385

Events (10 events):
Event: 2.161 loading class org/netbeans/lib/profiler/wireprotocol/EventBufferDumpedCommand
Event: 2.161 Executing VM operation: GetObjectMonitorUsage
Event: 2.161 Executing VM operation: GetObjectMonitorUsage done
Event: 2.161 Executing VM operation: GetObjectMonitorUsage
Event: 2.162 loading class org/netbeans/lib/profiler/wireprotocol/EventBufferDumpedCommand done
Event: 2.162 Executing VM operation: GetObjectMonitorUsage done
Event: 2.167 loading class org/netbeans/lib/profiler/wireprotocol/DumpResultsResponse
Event: 2.167 loading class org/netbeans/lib/profiler/wireprotocol/DumpResultsResponse done
Event: 2.168 loading class org/netbeans/lib/profiler/wireprotocol/GetMethodNamesForJMethodIdsCommand
Event: 2.168 loading class org/netbeans/lib/profiler/wireprotocol/GetMethodNamesForJMethodIdsCommand done


Dynamic libraries:
0x00007ff733cf0000 - 0x00007ff733d37000 	C:\Program Files\Java\jdk1.8.0_261\bin\java.exe
0x00007ffef9530000 - 0x00007ffef9725000 	C:\Windows\SYSTEM32\ntdll.dll
0x00007ffef8c80000 - 0x00007ffef8d3d000 	C:\Windows\System32\KERNEL32.DLL
0x00007ffef6f10000 - 0x00007ffef71d8000 	C:\Windows\System32\KERNELBASE.dll
0x00007ffef8d50000 - 0x00007ffef8dfc000 	C:\Windows\System32\ADVAPI32.dll
0x00007ffef75a0000 - 0x00007ffef763e000 	C:\Windows\System32\msvcrt.dll
0x00007ffef8fa0000 - 0x00007ffef903b000 	C:\Windows\System32\sechost.dll
0x00007ffef9040000 - 0x00007ffef916b000 	C:\Windows\System32\RPCRT4.dll
0x00007ffef8e00000 - 0x00007ffef8fa0000 	C:\Windows\System32\USER32.dll
0x00007ffef7490000 - 0x00007ffef74b2000 	C:\Windows\System32\win32u.dll
0x00007ffef7710000 - 0x00007ffef773a000 	C:\Windows\System32\GDI32.dll
0x00007ffef7380000 - 0x00007ffef748b000 	C:\Windows\System32\gdi32full.dll
0x00007ffef72e0000 - 0x00007ffef737d000 	C:\Windows\System32\msvcp_win.dll
0x00007ffef71e0000 - 0x00007ffef72e0000 	C:\Windows\System32\ucrtbase.dll
0x00007ffee39d0000 - 0x00007ffee3c6a000 	C:\Windows\WinSxS\amd64_microsoft.windows.common-controls_6595b64144ccf1df_6.0.19041.1052_none_60b8f8fd71f5e8cb\COMCTL32.dll
0x00007ffef82b0000 - 0x00007ffef82e0000 	C:\Windows\System32\IMM32.DLL
0x00007ffede850000 - 0x00007ffede865000 	C:\Program Files\Java\jdk1.8.0_261\jre\bin\vcruntime140.dll
0x00007ffeafb50000 - 0x00007ffeafbeb000 	C:\Program Files\Java\jdk1.8.0_261\jre\bin\msvcp140.dll
0x00000000761d0000 - 0x0000000076a3c000 	C:\Program Files\Java\jdk1.8.0_261\jre\bin\server\jvm.dll
0x00007ffef9180000 - 0x00007ffef9188000 	C:\Windows\System32\PSAPI.DLL
0x00007ffedfb40000 - 0x00007ffedfb49000 	C:\Windows\SYSTEM32\WSOCK32.dll
0x00007ffef0b30000 - 0x00007ffef0b3a000 	C:\Windows\SYSTEM32\VERSION.dll
0x00007ffee5f50000 - 0x00007ffee5f77000 	C:\Windows\SYSTEM32\WINMM.dll
0x00007ffef8240000 - 0x00007ffef82ab000 	C:\Windows\System32\WS2_32.dll
0x00007ffef4da0000 - 0x00007ffef4db2000 	C:\Windows\SYSTEM32\kernel.appcore.dll
0x00007ffef2430000 - 0x00007ffef2440000 	C:\Program Files\Java\jdk1.8.0_261\jre\bin\verify.dll
0x00007ffecb340000 - 0x00007ffecb36b000 	C:\Program Files\Java\jdk1.8.0_261\jre\bin\java.dll
0x00007ffec6d80000 - 0x00007ffec6d8f000 	C:\Program Files\NetBeans 8.2\profiler\lib\deployed\jdk16\windows-amd64\profilerinterface.dll
0x00007ffed40f0000 - 0x00007ffed4108000 	C:\Program Files\Java\jdk1.8.0_261\jre\bin\zip.dll
0x00007ffef83c0000 - 0x00007ffef8aff000 	C:\Windows\System32\SHELL32.dll
0x00007ffef4dc0000 - 0x00007ffef5550000 	C:\Windows\SYSTEM32\windows.storage.dll
0x00007ffef9190000 - 0x00007ffef94e5000 	C:\Windows\System32\combase.dll
0x00007ffef66e0000 - 0x00007ffef670c000 	C:\Windows\SYSTEM32\Wldp.dll
0x00007ffef8110000 - 0x00007ffef81be000 	C:\Windows\System32\SHCORE.dll
0x00007ffef81c0000 - 0x00007ffef8215000 	C:\Windows\System32\shlwapi.dll
0x00007ffef6bb0000 - 0x00007ffef6bcf000 	C:\Windows\SYSTEM32\profapi.dll
0x00007ffecf6c0000 - 0x00007ffecf6dc000 	C:\Program Files\Java\jdk1.8.0_261\jre\bin\net.dll
0x00007ffef6450000 - 0x00007ffef64ba000 	C:\Windows\system32\mswsock.dll
0x00007ffeee7c0000 - 0x00007ffeee7cd000 	C:\Program Files\Java\jdk1.8.0_261\jre\bin\management.dll
0x00007ffecb550000 - 0x00007ffecb563000 	C:\Program Files\Java\jdk1.8.0_261\jre\bin\nio.dll
0x00007ffef6620000 - 0x00007ffef6638000 	C:\Windows\SYSTEM32\CRYPTSP.dll
0x00007ffef5d80000 - 0x00007ffef5db4000 	C:\Windows\system32\rsaenh.dll
0x00007ffef7520000 - 0x00007ffef7547000 	C:\Windows\System32\bcrypt.dll
0x00007ffef6b30000 - 0x00007ffef6b5e000 	C:\Windows\SYSTEM32\USERENV.dll
0x00007ffef6c70000 - 0x00007ffef6cf3000 	C:\Windows\System32\bcryptprimitives.dll
0x00007ffef6640000 - 0x00007ffef664c000 	C:\Windows\SYSTEM32\CRYPTBASE.dll
0x00007ffef60f0000 - 0x00007ffef612b000 	C:\Windows\SYSTEM32\IPHLPAPI.DLL
0x00007ffef8d40000 - 0x00007ffef8d48000 	C:\Windows\System32\NSI.dll
0x00007ffeef250000 - 0x00007ffeef267000 	C:\Windows\SYSTEM32\dhcpcsvc6.DLL
0x00007ffeefb00000 - 0x00007ffeefb1d000 	C:\Windows\SYSTEM32\dhcpcsvc.DLL
0x00007ffef6130000 - 0x00007ffef61fc000 	C:\Windows\SYSTEM32\DNSAPI.dll
0x00007ffea3e60000 - 0x00007ffea3ff4000 	C:\Program Files\Java\jdk1.8.0_261\jre\bin\awt.dll
0x00007ffef7640000 - 0x00007ffef770d000 	C:\Windows\System32\OLEAUT32.dll
0x00007ffef4180000 - 0x00007ffef4210000 	C:\Windows\SYSTEM32\apphelp.dll
0x00007ffef4340000 - 0x00007ffef43de000 	C:\Windows\system32\uxtheme.dll
0x00007ffef8b00000 - 0x00007ffef8c15000 	C:\Windows\System32\MSCTF.dll
0x00007ffef7bb0000 - 0x00007ffef7cda000 	C:\Windows\System32\ole32.dll
0x00007ffef47e0000 - 0x00007ffef480f000 	C:\Windows\system32\DWMAPI.DLL
0x00007ffebcef0000 - 0x00007ffebcf39000 	C:\Program Files\Java\jdk1.8.0_261\jre\bin\fontmanager.dll
0x00007ffed3d70000 - 0x00007ffed3e96000 	C:\Windows\system32\opengl32.dll
0x00007ffee50a0000 - 0x00007ffee50cc000 	C:\Windows\SYSTEM32\GLU32.dll
0x00007ffef8000000 - 0x00007ffef80a9000 	C:\Windows\System32\clbcatq.dll
0x00007ffeedf90000 - 0x00007ffeee144000 	C:\Windows\SYSTEM32\WindowsCodecs.dll
0x00007ffedcdf0000 - 0x00007ffedce2e000 	C:\Windows\system32\dataexchange.dll
0x00007ffef2750000 - 0x00007ffef29b4000 	C:\Windows\system32\d3d11.dll
0x00007ffef3680000 - 0x00007ffef3866000 	C:\Windows\system32\dcomp.dll
0x00007ffef55b0000 - 0x00007ffef56a4000 	C:\Windows\system32\dxgi.dll
0x00007ffeee420000 - 0x00007ffeee621000 	C:\Windows\system32\twinapi.appcore.dll
0x00007ffeb4010000 - 0x00007ffeb4053000 	C:\Program Files\Java\jdk1.8.0_261\jre\bin\t2k.dll
0x00007ffec4490000 - 0x00007ffec4589000 	C:\Windows\SYSTEM32\textinputframework.dll
0x00007ffef3d20000 - 0x00007ffef407e000 	C:\Windows\System32\CoreUIComponents.dll
0x00007ffef3bf0000 - 0x00007ffef3ce2000 	C:\Windows\System32\CoreMessaging.dll
0x00007ffef59b0000 - 0x00007ffef59e3000 	C:\Windows\SYSTEM32\ntmarta.dll
0x00007ffef3520000 - 0x00007ffef3674000 	C:\Windows\SYSTEM32\wintypes.dll
0x00007ffec9d50000 - 0x00007ffec9d7a000 	C:\Program Files\Java\jdk1.8.0_261\jre\bin\dcpr.dll
0x00007ffef4520000 - 0x00007ffef4704000 	C:\Windows\SYSTEM32\dbghelp.dll

VM Arguments:
jvm_args: -Dfile.encoding=UTF-8 -agentpath:C:/Program Files/NetBeans 8.2/profiler/lib/deployed/jdk16/windows-amd64/profilerinterface.dll=C:\Program Files\NetBeans 8.2\profiler\lib,5140,10 -XX:+HeapDumpOnOutOfMemoryError -XX:HeapDumpPath=C:\Users\akhma\OneDrive\Documents\TEL-U\Software Engineering\SEMESTER 4\KPL\KPL_Anti-Nganggur_Kelompok5\ANTI-NGANGGUR_5\nbproject\private\profiler 
java_command: anti.nganggur.Login
java_class_path (initial): C:\Program Files\NetBeans 8.2\ide\modules\ext\mysql-connector-java-5.1.23-bin.jar;C:\Program Files\NetBeans 8.2\java\modules\ext\AbsoluteLayout.jar;C:\Users\akhma\OneDrive\Documents\TEL-U\Software Engineering\SEMESTER 4\KPL\KPL_Anti-Nganggur_Kelompok5\ANTI-NGANGGUR_5\build\classes
Launcher Type: SUN_STANDARD

Environment Variables:
PATH=C:\app\akhma\product\11.2.0\dbhome_1\bin;C:\Program Files (x86)\Common Files\Oracle\Java\javapath;C:\Program Files (x86)\Common Files\Intel\Shared Libraries\redist\intel64\compiler;C:\Windows\system32;C:\Windows;C:\Windows\System32\Wbem;C:\Windows\System32\WindowsPowerShell\v1.0\;C:\Windows\System32\OpenSSH\;C:\Program Files (x86)\NVIDIA Corporation\PhysX\Common;C:\Program Files\NVIDIA Corporation\NVIDIA NvDLISR;C:\Go\bin;C:\Program Files\dotnet\;C:\Program Files\Git\cmd;C:\Users\akhma\AppData\Local\Microsoft\WindowsApps;C:\Users\akhma\go\bin;C:\Users\akhma\AppData\Local\Programs\Microsoft VS Code\bin;C:\Users\akhma\.dotnet\tools;C:\Users\akhma\AppData\Local\GitHubDesktop\bin;C:\Users\akhma\AppData\Local\atom\bin
USERNAME=akhma
OS=Windows_NT
PROCESSOR_IDENTIFIER=Intel64 Family 6 Model 165 Stepping 2, GenuineIntel



---------------  S Y S T E M  ---------------

OS: Windows 10.0 , 64 bit Build 19041 (10.0.19041.1023)

CPU:total 8 (initial active 8) (4 cores per cpu, 2 threads per core) family 6 model 165 stepping 2, cmov, cx8, fxsr, mmx, sse, sse2, sse3, ssse3, sse4.1, sse4.2, popcnt, avx, avx2, aes, clmul, erms, 3dnowpref, lzcnt, ht, tsc, tscinvbit, bmi1, bmi2, adx

Memory: 4k page, physical 8221732k(1072648k free), swap 29193252k(8144980k free)

vm_info: Java HotSpot(TM) 64-Bit Server VM (25.261-b12) for windows-amd64 JRE (1.8.0_261-b12), built on Jun 18 2020 06:56:32 by "" with unknown MS VC++:1916

time: Sat Jul  3 00:43:01 2021
timezone: SE Asia Standard Time
elapsed time: 2 seconds (0d 0h 0m 2s)

