#
# A fatal error has been detected by the Java Runtime Environment:
#
#  EXCEPTION_ACCESS_VIOLATION (0xc0000005) at pc=0x000000007631227e, pid=21840, tid=0x0000000000001cfc
#
# JRE version: Java(TM) SE Runtime Environment (8.0_261-b12) (build 1.8.0_261-b12)
# Java VM: Java HotSpot(TM) 64-Bit Server VM (25.261-b12 mixed mode windows-amd64 compressed oops)
# Problematic frame:
# V  [jvm.dll+0x14227e]
#
# Failed to write core dump. Minidumps are not enabled by default on client versions of Windows
#
# If you would like to submit a bug report, please visit:
#   http://bugreport.java.com/bugreport/crash.jsp
#

---------------  T H R E A D  ---------------

Current thread (0x000001f83d775000):  JavaThread "*** Profiler Agent Communication Thread" daemon [_thread_in_vm, id=7420, stack(0x0000009017d00000,0x0000009017e00000)]

siginfo: ExceptionCode=0xc0000005, reading address 0x000000003efd8370

Registers:
RAX=0x0000009017dfee01, RBX=0x000001f83d775000, RCX=0x000000003efd8370, RDX=0x000001f83d775000
RSP=0x0000009017dfee30, RBP=0x000000003efd8370, RSI=0x000001f8269fb0f0, RDI=0x0000009017dfef50
R8 =0x0000009017dfef50, R9 =0x000000003efd8370, R10=0x0000000000000000, R11=0x0000009017dfea01
R12=0x000001f83f4683c0, R13=0x0000000000000076, R14=0x00007ffee6329c68, R15=0x00007ffee6329a60
RIP=0x000000007631227e, EFLAGS=0x0000000000010202

Top of Stack: (sp=0x0000009017dfee30)
0x0000009017dfee30:   0000009017dfef00 000000007633cae3
0x0000009017dfee40:   000001f83d775000 0000009017dfeff8
0x0000009017dfee50:   000001f83d775000 000000007651bd1d
0x0000009017dfee60:   0000000000001270 000001f83d775000
0x0000009017dfee70:   000001f83d7751f8 00007ffef75b9d40
0x0000009017dfee80:   000001f83d775000 0000000000000000
0x0000009017dfee90:   000001f800000000 0000000000000000
0x0000009017dfeea0:   000000003efd8370 00007ffee63234da
0x0000009017dfeeb0:   0000000000000000 000001f83d7751f8
0x0000009017dfeec0:   000001f83c6155c8 0000000000000039
0x0000009017dfeed0:   000001f83f4683c0 000001f83edd4100
0x0000009017dfeee0:   000001f83c79e0d8 000001f83d775000
0x0000009017dfeef0:   000001f83c79e0d8 000001f83d775000
0x0000009017dfef00:   000001f8284e7e90 000001f83c6155c8
0x0000009017dfef10:   000001f83d775000 000001f83c79e0d8
0x0000009017dfef20:   0000000000000000 000001f8284e7e90 

Instructions: (pc=0x000000007631227e)
0x000000007631225e:   cc cc 48 89 11 c3 cc cc cc cc cc cc cc cc cc cc
0x000000007631226e:   cc cc 40 53 48 83 ec 20 4c 8b c9 48 85 c9 74 50
0x000000007631227e:   48 8b 19 48 85 db 74 48 48 8b 43 08 48 8b 50 08
0x000000007631228e:   48 8b 42 18 48 85 c0 74 37 48 8b 80 90 00 00 00 


Register to memory mapping:

RAX=0x0000009017dfee01 is pointing into the stack for thread: 0x000001f83d775000
RBX=0x000001f83d775000 is a thread
RCX=0x000000003efd8370 is an unknown value
RDX=0x000001f83d775000 is a thread
RSP=0x0000009017dfee30 is pointing into the stack for thread: 0x000001f83d775000
RBP=0x000000003efd8370 is an unknown value
RSI=0x000001f8269fb0f0 is an unknown value
RDI=0x0000009017dfef50 is pointing into the stack for thread: 0x000001f83d775000
R8 =0x0000009017dfef50 is pointing into the stack for thread: 0x000001f83d775000
R9 =0x000000003efd8370 is an unknown value
R10=0x0000000000000000 is an unknown value
R11=0x0000009017dfea01 is pointing into the stack for thread: 0x000001f83d775000
R12=0x000001f83f4683c0 is an unknown value
R13=0x0000000000000076 is an unknown value
R14=0x00007ffee6329c68 is an unknown value
R15=0x00007ffee6329a60 is an unknown value


Stack: [0x0000009017d00000,0x0000009017e00000],  sp=0x0000009017dfee30,  free space=1019k
Native frames: (J=compiled Java code, j=interpreted, Vv=VM code, C=native code)
V  [jvm.dll+0x14227e]
V  [jvm.dll+0x34bd1d]
C  [profilerinterface.dll+0x34da]
C  0x000001f8284f9f4e

Java frames: (J=compiled Java code, j=interpreted, Vv=VM code)
j  org.netbeans.lib.profiler.server.system.Stacks.getMethodNamesForJMethodIds(I[I[I)[B+0
j  org.netbeans.lib.profiler.server.ProfilerInterface.getMethodNamesForJMethodIds([I)Lorg/netbeans/lib/profiler/wireprotocol/MethodNamesResponse;+20
j  org.netbeans.lib.profiler.server.ProfilerServer.handleClientCommand(Lorg/netbeans/lib/profiler/wireprotocol/Command;)V+691
j  org.netbeans.lib.profiler.server.ProfilerServer.listenToClient()V+48
j  org.netbeans.lib.profiler.server.ProfilerServer.run()V+22
v  ~StubRoutines::call_stub

---------------  P R O C E S S  ---------------

Java Threads: ( => current thread )
  0x000001f83ff9b800 JavaThread "*** Profiler Agent Special Execution Thread 7" [_thread_blocked, id=3100, stack(0x0000009018800000,0x0000009018900000)]
  0x000001f83ef34000 JavaThread "Service Thread" daemon [_thread_blocked, id=18932, stack(0x0000009018500000,0x0000009018600000)]
  0x000001f83ef44800 JavaThread "C1 CompilerThread3" daemon [_thread_blocked, id=5248, stack(0x0000009018400000,0x0000009018500000)]
  0x000001f83ef44000 JavaThread "C2 CompilerThread2" daemon [_thread_blocked, id=18920, stack(0x0000009018300000,0x0000009018400000)]
  0x000001f83f1ae000 JavaThread "C2 CompilerThread1" daemon [_thread_blocked, id=18508, stack(0x0000009018200000,0x0000009018300000)]
  0x000001f83ef4d000 JavaThread "C2 CompilerThread0" daemon [_thread_blocked, id=19760, stack(0x0000009018000000,0x0000009018100000)]
  0x000001f83ef3c000 JavaThread "*** Profiler Agent Special Execution Thread 10" daemon [_thread_blocked, id=17184, stack(0x0000009018100000,0x0000009018200000)]
  0x000001f83ee84800 JavaThread "*** Profiler Agent Special Execution Thread 6" daemon [_thread_blocked, id=11268, stack(0x0000009017f00000,0x0000009018000000)]
  0x000001f83ee83800 JavaThread "*** JFluid Monitor thread ***" daemon [_thread_blocked, id=8556, stack(0x0000009017e00000,0x0000009017f00000)]
=>0x000001f83d775000 JavaThread "*** Profiler Agent Communication Thread" daemon [_thread_in_vm, id=7420, stack(0x0000009017d00000,0x0000009017e00000)]
  0x000001f83d6ef000 JavaThread "Attach Listener" daemon [_thread_blocked, id=4856, stack(0x0000009017c00000,0x0000009017d00000)]
  0x000001f83d6ed800 JavaThread "Signal Dispatcher" daemon [_thread_blocked, id=22024, stack(0x0000009017b00000,0x0000009017c00000)]
  0x000001f83d6cc800 JavaThread "Finalizer" daemon [_thread_blocked, id=21824, stack(0x0000009017a00000,0x0000009017b00000)]
  0x000001f83d6c9000 JavaThread "Reference Handler" daemon [_thread_blocked, id=17868, stack(0x0000009017900000,0x0000009017a00000)]
  0x000001f826a03000 JavaThread "main" [_thread_blocked, id=3360, stack(0x0000009016f00000,0x0000009017000000)]

Other Threads:
  0x000001f83d6a4800 VMThread [stack: 0x0000009017800000,0x0000009017900000] [id=5840]
  0x000001f83ef35000 WatcherThread [stack: 0x0000009018600000,0x0000009018700000] [id=14504]

VM state:synchronizing (normal execution)

VM Mutex/Monitor currently owned by a thread:  ([mutex/lock_event])
[0x000001f8269ff0a0] Threads_lock - owner thread: 0x000001f83d6a4800

heap address: 0x0000000082800000, size: 2008 MB, Compressed Oops mode: 32-bit
Narrow klass base: 0x0000000000000000, Narrow klass shift: 3
Compressed class space size: 1073741824 Address: 0x0000000100000000

Heap:
 PSYoungGen      total 37888K, used 21215K [0x00000000d6300000, 0x00000000d8d00000, 0x0000000100000000)
  eden space 32768K, 64% used [0x00000000d6300000,0x00000000d77b7f80,0x00000000d8300000)
  from space 5120K, 0% used [0x00000000d8800000,0x00000000d8800000,0x00000000d8d00000)
  to   space 5120K, 0% used [0x00000000d8300000,0x00000000d8300000,0x00000000d8800000)
 ParOldGen       total 86016K, used 0K [0x0000000082800000, 0x0000000087c00000, 0x00000000d6300000)
  object space 86016K, 0% used [0x0000000082800000,0x0000000082800000,0x0000000087c00000)
 Metaspace       used 10214K, capacity 10382K, committed 10496K, reserved 1058816K
  class space    used 1174K, capacity 1248K, committed 1280K, reserved 1048576K

Card table byte_map: [0x000001f8378a0000,0x000001f837c90000] byte_map_base: 0x000001f83748c000

Marking Bits: (ParMarkBitMap*) 0x00000000769c4fb0
 Begin Bits: [0x000001f837f30000, 0x000001f839e90000)
 End Bits:   [0x000001f839e90000, 0x000001f83bdf0000)

Polling page: 0x000001f826c10000

CodeCache: size=245760Kb used=2262Kb max_used=2262Kb free=243497Kb
 bounds [0x000001f8284e0000, 0x000001f828750000, 0x000001f8374e0000]
 total_blobs=902 nmethods=528 adapters=287
 compilation: enabled

Compilation events (10 events):
Event: 1.155 Thread 0x000001f83ef44800  523       1       java.util.logging.Logger::getName (5 bytes)
Event: 1.155 Thread 0x000001f83ef44800 nmethod 523 0x000001f8286fcad0 code [0x000001f8286fcc20, 0x000001f8286fcd38]
Event: 1.155 Thread 0x000001f83ef44800  524       3       java.util.Hashtable$Enumerator::nextElement (111 bytes)
Event: 1.155 Thread 0x000001f83ef44800 nmethod 524 0x000001f828714450 code [0x000001f8287145e0, 0x000001f828714a10]
Event: 1.336 Thread 0x000001f83ef44800  526       3       java.lang.Integer::<init> (10 bytes)
Event: 1.337 Thread 0x000001f83ef44800 nmethod 526 0x000001f8286fc650 code [0x000001f8286fc7c0, 0x000001f8286fc9d8]
Event: 1.661 Thread 0x000001f83ef44800  527       3       java.lang.Long::valueOf (36 bytes)
Event: 1.661 Thread 0x000001f83ef44800 nmethod 527 0x000001f828713d90 code [0x000001f828713f00, 0x000001f828714278]
Event: 1.692 Thread 0x000001f83ef44800  528       3       java.lang.Thread::getId (5 bytes)
Event: 1.692 Thread 0x000001f83ef44800 nmethod 528 0x000001f828713a50 code [0x000001f828713ba0, 0x000001f828713cf8]

GC Heap History (0 events):
No events

Deoptimization events (3 events):
Event: 1.076 Thread 0x000001f826a03000 Uncommon trap: reason=unstable_if action=reinterpret pc=0x000001f82866e4e0 method=java.lang.AbstractStringBuilder.append(Ljava/lang/String;)Ljava/lang/AbstractStringBuilder; @ 1
Event: 1.131 Thread 0x000001f826a03000 Uncommon trap: reason=unstable_if action=reinterpret pc=0x000001f82863305c method=java.lang.String.indexOf([CII[CIII)I @ 134
Event: 1.521 Thread 0x000001f83d775000 Uncommon trap: reason=unstable_if action=reinterpret pc=0x000001f8286d5340 method=sun.misc.MetaIndex.mayContain(Ljava/lang/String;)Z @ 38

Classes redefined (0 events):
No events

Internal exceptions (10 events):
Event: 0.476 Thread 0x000001f826a03000 Exception <a 'java/lang/ArrayIndexOutOfBoundsException': 160> (0x00000000d6748ec8) thrown at [C:\jenkins\workspace\8-2-build-windows-amd64-cygwin\jdk8u261\295\hotspot\src\share\vm\interpreter\interpreterRuntime.cpp, line 368]
Event: 0.476 Thread 0x000001f826a03000 Exception <a 'java/lang/ArrayIndexOutOfBoundsException': 22> (0x00000000d674b0f0) thrown at [C:\jenkins\workspace\8-2-build-windows-amd64-cygwin\jdk8u261\295\hotspot\src\share\vm\interpreter\interpreterRuntime.cpp, line 368]
Event: 0.476 Thread 0x000001f826a03000 Exception <a 'java/lang/ArrayIndexOutOfBoundsException': 22> (0x00000000d674c850) thrown at [C:\jenkins\workspace\8-2-build-windows-amd64-cygwin\jdk8u261\295\hotspot\src\share\vm\interpreter\interpreterRuntime.cpp, line 368]
Event: 0.476 Thread 0x000001f826a03000 Exception <a 'java/lang/ArrayIndexOutOfBoundsException': 22> (0x00000000d674efb0) thrown at [C:\jenkins\workspace\8-2-build-windows-amd64-cygwin\jdk8u261\295\hotspot\src\share\vm\interpreter\interpreterRuntime.cpp, line 368]
Event: 1.076 Thread 0x000001f826a03000 Implicit null exception at 0x000001f82866e116 to 0x000001f82866e4c9
Event: 1.088 Thread 0x000001f826a03000 Exception <a 'java/lang/NoClassDefFoundError': org/hamcrest/SelfDescribing> (0x00000000d72be610) thrown at [C:\jenkins\workspace\8-2-build-windows-amd64-cygwin\jdk8u261\295\hotspot\src\share\vm\classfile\systemDictionary.cpp, line 199]
Event: 1.088 Thread 0x000001f826a03000 Exception <a 'java/lang/NoClassDefFoundError'> (0x00000000d72be610) thrown at [C:\jenkins\workspace\8-2-build-windows-amd64-cygwin\jdk8u261\295\hotspot\src\share\vm\prims\jvm.cpp, line 1516]
Event: 1.097 Thread 0x000001f826a03000 Exception <a 'java/lang/NullPointerException'> (0x00000000d7319038) thrown at [C:\jenkins\workspace\8-2-build-windows-amd64-cygwin\jdk8u261\295\hotspot\src\share\vm\interpreter\linkResolver.cpp, line 1185]
Event: 1.097 Thread 0x000001f826a03000 Exception <a 'java/lang/NullPointerException'> (0x00000000d731f7a8) thrown at [C:\jenkins\workspace\8-2-build-windows-amd64-cygwin\jdk8u261\295\hotspot\src\share\vm\interpreter\linkResolver.cpp, line 1287]
Event: 1.098 Thread 0x000001f826a03000 Exception <a 'java/lang/NullPointerException'> (0x00000000d7322910) thrown at [C:\jenkins\workspace\8-2-build-windows-amd64-cygwin\jdk8u261\295\hotspot\src\share\vm\interpreter\linkResolver.cpp, line 1287]

Events (10 events):
Event: 1.877 Executing VM operation: GetAllStackTraces
Event: 1.877 Executing VM operation: GetAllStackTraces done
Event: 1.893 Executing VM operation: GetAllStackTraces
Event: 1.893 Executing VM operation: GetAllStackTraces done
Event: 1.893 loading class org/netbeans/lib/profiler/wireprotocol/EventBufferDumpedCommand
Event: 1.894 loading class org/netbeans/lib/profiler/wireprotocol/EventBufferDumpedCommand done
Event: 1.900 loading class org/netbeans/lib/profiler/wireprotocol/DumpResultsResponse
Event: 1.900 loading class org/netbeans/lib/profiler/wireprotocol/DumpResultsResponse done
Event: 1.901 loading class org/netbeans/lib/profiler/wireprotocol/GetMethodNamesForJMethodIdsCommand
Event: 1.901 loading class org/netbeans/lib/profiler/wireprotocol/GetMethodNamesForJMethodIdsCommand done


Dynamic libraries:
0x00007ff6a2f40000 - 0x00007ff6a2f87000 	C:\Program Files\Java\jdk1.8.0_261\bin\java.exe
0x00007ffef9530000 - 0x00007ffef9725000 	C:\Windows\SYSTEM32\ntdll.dll
0x00007ffef8c80000 - 0x00007ffef8d3d000 	C:\Windows\System32\KERNEL32.DLL
0x00007ffef6f10000 - 0x00007ffef71d8000 	C:\Windows\System32\KERNELBASE.dll
0x00007ffef8d50000 - 0x00007ffef8dfc000 	C:\Windows\System32\ADVAPI32.dll
0x00007ffef75a0000 - 0x00007ffef763e000 	C:\Windows\System32\msvcrt.dll
0x00007ffef8fa0000 - 0x00007ffef903b000 	C:\Windows\System32\sechost.dll
0x00007ffef9040000 - 0x00007ffef916b000 	C:\Windows\System32\RPCRT4.dll
0x00007ffef8e00000 - 0x00007ffef8fa0000 	C:\Windows\System32\USER32.dll
0x00007ffef7490000 - 0x00007ffef74b2000 	C:\Windows\System32\win32u.dll
0x00007ffef7710000 - 0x00007ffef773a000 	C:\Windows\System32\GDI32.dll
0x00007ffef7380000 - 0x00007ffef748b000 	C:\Windows\System32\gdi32full.dll
0x00007ffef72e0000 - 0x00007ffef737d000 	C:\Windows\System32\msvcp_win.dll
0x00007ffef71e0000 - 0x00007ffef72e0000 	C:\Windows\System32\ucrtbase.dll
0x00007ffee39d0000 - 0x00007ffee3c6a000 	C:\Windows\WinSxS\amd64_microsoft.windows.common-controls_6595b64144ccf1df_6.0.19041.1052_none_60b8f8fd71f5e8cb\COMCTL32.dll
0x00007ffef82b0000 - 0x00007ffef82e0000 	C:\Windows\System32\IMM32.DLL
0x00007ffede850000 - 0x00007ffede865000 	C:\Program Files\Java\jdk1.8.0_261\jre\bin\vcruntime140.dll
0x00007ffeafb50000 - 0x00007ffeafbeb000 	C:\Program Files\Java\jdk1.8.0_261\jre\bin\msvcp140.dll
0x00000000761d0000 - 0x0000000076a3c000 	C:\Program Files\Java\jdk1.8.0_261\jre\bin\server\jvm.dll
0x00007ffee5f50000 - 0x00007ffee5f77000 	C:\Windows\SYSTEM32\WINMM.dll
0x00007ffef9180000 - 0x00007ffef9188000 	C:\Windows\System32\PSAPI.DLL
0x00007ffedfb40000 - 0x00007ffedfb49000 	C:\Windows\SYSTEM32\WSOCK32.dll
0x00007ffef8240000 - 0x00007ffef82ab000 	C:\Windows\System32\WS2_32.dll
0x00007ffef0b30000 - 0x00007ffef0b3a000 	C:\Windows\SYSTEM32\VERSION.dll
0x00007ffef4da0000 - 0x00007ffef4db2000 	C:\Windows\SYSTEM32\kernel.appcore.dll
0x00007ffef2430000 - 0x00007ffef2440000 	C:\Program Files\Java\jdk1.8.0_261\jre\bin\verify.dll
0x00007ffecb340000 - 0x00007ffecb36b000 	C:\Program Files\Java\jdk1.8.0_261\jre\bin\java.dll
0x00007ffee6320000 - 0x00007ffee632f000 	C:\Program Files\NetBeans 8.2\profiler\lib\deployed\jdk16\windows-amd64\profilerinterface.dll
0x00007ffed40f0000 - 0x00007ffed4108000 	C:\Program Files\Java\jdk1.8.0_261\jre\bin\zip.dll
0x00007ffef83c0000 - 0x00007ffef8aff000 	C:\Windows\System32\SHELL32.dll
0x00007ffef4dc0000 - 0x00007ffef5550000 	C:\Windows\SYSTEM32\windows.storage.dll
0x00007ffef9190000 - 0x00007ffef94e5000 	C:\Windows\System32\combase.dll
0x00007ffef66e0000 - 0x00007ffef670c000 	C:\Windows\SYSTEM32\Wldp.dll
0x00007ffef8110000 - 0x00007ffef81be000 	C:\Windows\System32\SHCORE.dll
0x00007ffef81c0000 - 0x00007ffef8215000 	C:\Windows\System32\shlwapi.dll
0x00007ffef6bb0000 - 0x00007ffef6bcf000 	C:\Windows\SYSTEM32\profapi.dll
0x00007ffecf6c0000 - 0x00007ffecf6dc000 	C:\Program Files\Java\jdk1.8.0_261\jre\bin\net.dll
0x00007ffef6450000 - 0x00007ffef64ba000 	C:\Windows\system32\mswsock.dll
0x00007ffeee7c0000 - 0x00007ffeee7cd000 	C:\Program Files\Java\jdk1.8.0_261\jre\bin\management.dll
0x00007ffecb550000 - 0x00007ffecb563000 	C:\Program Files\Java\jdk1.8.0_261\jre\bin\nio.dll
0x00007ffef6620000 - 0x00007ffef6638000 	C:\Windows\SYSTEM32\CRYPTSP.dll
0x00007ffef5d80000 - 0x00007ffef5db4000 	C:\Windows\system32\rsaenh.dll
0x00007ffef7520000 - 0x00007ffef7547000 	C:\Windows\System32\bcrypt.dll
0x00007ffef6b30000 - 0x00007ffef6b5e000 	C:\Windows\SYSTEM32\USERENV.dll
0x00007ffef6c70000 - 0x00007ffef6cf3000 	C:\Windows\System32\bcryptprimitives.dll
0x00007ffef6640000 - 0x00007ffef664c000 	C:\Windows\SYSTEM32\CRYPTBASE.dll
0x00007ffef60f0000 - 0x00007ffef612b000 	C:\Windows\SYSTEM32\IPHLPAPI.DLL
0x00007ffef8d40000 - 0x00007ffef8d48000 	C:\Windows\System32\NSI.dll
0x00007ffeef250000 - 0x00007ffeef267000 	C:\Windows\SYSTEM32\dhcpcsvc6.DLL
0x00007ffeefb00000 - 0x00007ffeefb1d000 	C:\Windows\SYSTEM32\dhcpcsvc.DLL
0x00007ffef6130000 - 0x00007ffef61fc000 	C:\Windows\SYSTEM32\DNSAPI.dll
0x00007ffedcb80000 - 0x00007ffedcb97000 	C:\Windows\system32\napinsp.dll
0x00007ffedcb60000 - 0x00007ffedcb7b000 	C:\Windows\system32\pnrpnsp.dll
0x00007ffef0930000 - 0x00007ffef0945000 	C:\Windows\system32\wshbth.dll
0x00007ffef2120000 - 0x00007ffef213d000 	C:\Windows\system32\NLAapi.dll
0x00007ffedcb40000 - 0x00007ffedcb52000 	C:\Windows\System32\winrnr.dll
0x00007ffeef240000 - 0x00007ffeef24a000 	C:\Windows\System32\rasadhlp.dll
0x00007ffee5970000 - 0x00007ffee59ef000 	C:\Windows\System32\fwpuclnt.dll
0x00007ffef4520000 - 0x00007ffef4704000 	C:\Windows\SYSTEM32\dbghelp.dll

VM Arguments:
jvm_args: -agentpath:C:/Program Files/NetBeans 8.2/profiler/lib/deployed/jdk16/windows-amd64/profilerinterface.dll=C:\Program Files\NetBeans 8.2\profiler\lib,5140,10 -XX:+HeapDumpOnOutOfMemoryError -XX:HeapDumpPath=C:\Users\akhma\OneDrive\Documents\TEL-U\Software Engineering\SEMESTER 4\KPL\KPL_Anti-Nganggur_Kelompok5\ANTI-NGANGGUR_5\nbproject\private\profiler 
java_command: org.testng.TestNG -mixed -d C:\Users\akhma\AppData\Local\Temp\anti.nganggur.RegisterTest -listener org.testng.reporters.VerboseReporter -testclass anti.nganggur.RegisterTest
java_class_path (initial): C:\Program Files\NetBeans 8.2\ide\modules\ext\mysql-connector-java-5.1.23-bin.jar;C:\Program Files\NetBeans 8.2\java\modules\ext\AbsoluteLayout.jar;C:\Program Files\NetBeans 8.2\platform\modules\ext\junit-4.12.jar;C:\Users\akhma\OneDrive\Documents\TEL-U\Software Engineering\SEMESTER 4\KPL\KPL_Anti-Nganggur_Kelompok5\ANTI-NGANGGUR_5\build\classes;C:\Program Files\NetBeans 8.2\platform\modules\ext\testng-6.8.1-dist.jar;C:\Users\akhma\OneDrive\Documents\TEL-U\Software Engineering\SEMESTER 4\KPL\KPL_Anti-Nganggur_Kelompok5\ANTI-NGANGGUR_5\build\test\classes
Launcher Type: SUN_STANDARD

Environment Variables:
PATH=C:\app\akhma\product\11.2.0\dbhome_1\bin;C:\Program Files (x86)\Common Files\Oracle\Java\javapath;C:\Program Files (x86)\Common Files\Intel\Shared Libraries\redist\intel64\compiler;C:\Windows\system32;C:\Windows;C:\Windows\System32\Wbem;C:\Windows\System32\WindowsPowerShell\v1.0\;C:\Windows\System32\OpenSSH\;C:\Program Files (x86)\NVIDIA Corporation\PhysX\Common;C:\Program Files\NVIDIA Corporation\NVIDIA NvDLISR;C:\Go\bin;C:\Program Files\dotnet\;C:\Program Files\Git\cmd;C:\Users\akhma\AppData\Local\Microsoft\WindowsApps;C:\Users\akhma\go\bin;C:\Users\akhma\AppData\Local\Programs\Microsoft VS Code\bin;C:\Users\akhma\.dotnet\tools;C:\Users\akhma\AppData\Local\GitHubDesktop\bin;C:\Users\akhma\AppData\Local\atom\bin
USERNAME=akhma
OS=Windows_NT
PROCESSOR_IDENTIFIER=Intel64 Family 6 Model 165 Stepping 2, GenuineIntel



---------------  S Y S T E M  ---------------

OS: Windows 10.0 , 64 bit Build 19041 (10.0.19041.1023)

CPU:total 8 (initial active 8) (4 cores per cpu, 2 threads per core) family 6 model 165 stepping 2, cmov, cx8, fxsr, mmx, sse, sse2, sse3, ssse3, sse4.1, sse4.2, popcnt, avx, avx2, aes, clmul, erms, 3dnowpref, lzcnt, ht, tsc, tscinvbit, bmi1, bmi2, adx

Memory: 4k page, physical 8221732k(1805068k free), swap 29193252k(7651328k free)

vm_info: Java HotSpot(TM) 64-Bit Server VM (25.261-b12) for windows-amd64 JRE (1.8.0_261-b12), built on Jun 18 2020 06:56:32 by "" with unknown MS VC++:1916

time: Sat Jul  3 01:15:34 2021
timezone: SE Asia Standard Time
elapsed time: 1 seconds (0d 0h 0m 1s)

