#
# A fatal error has been detected by the Java Runtime Environment:
#
#  EXCEPTION_ACCESS_VIOLATION (0xc0000005) at pc=0x000000007631227e, pid=5460, tid=0x0000000000000288
#
# JRE version: Java(TM) SE Runtime Environment (8.0_261-b12) (build 1.8.0_261-b12)
# Java VM: Java HotSpot(TM) 64-Bit Server VM (25.261-b12 mixed mode windows-amd64 compressed oops)
# Problematic frame:
# V  [jvm.dll+0x14227e]
#
# Failed to write core dump. Minidumps are not enabled by default on client versions of Windows
#
# If you would like to submit a bug report, please visit:
#   http://bugreport.java.com/bugreport/crash.jsp
#

---------------  T H R E A D  ---------------

Current thread (0x000001b5be8cc800):  JavaThread "*** Profiler Agent Communication Thread" daemon [_thread_in_vm, id=648, stack(0x000000529d400000,0x000000529d500000)]

siginfo: ExceptionCode=0xc0000005, reading address 0xffffffffc2f11148

Registers:
RAX=0x000000529d4ff201, RBX=0x000001b5be8cc800, RCX=0xffffffffc2f11148, RDX=0x000001b5be8cc800
RSP=0x000000529d4ff1d0, RBP=0xffffffffc2f11148, RSI=0x000001b5a7bdae10, RDI=0x000000529d4ff2f0
R8 =0x000000529d4ff2f0, R9 =0xffffffffc2f11148, R10=0x0000000000000000, R11=0x000000529d4fee01
R12=0x000001b5c23959d0, R13=0x000000000000017f, R14=0x00007ffec4a79c68, R15=0x00007ffec4a79a60
RIP=0x000000007631227e, EFLAGS=0x0000000000010286

Top of Stack: (sp=0x000000529d4ff1d0)
0x000000529d4ff1d0:   000000529d4ff300 000000007633cae3
0x000000529d4ff1e0:   000001b5be8cc800 000000529d4ff398
0x000000529d4ff1f0:   000001b5be8cc800 000000007651bd1d
0x000000529d4ff200:   0000000000003bd8 000001b5be8cc800
0x000000529d4ff210:   000001b5be8cc9f8 00007ffef75b9d40
0x000000529d4ff220:   000001b5be8cc800 0000000000000000
0x000000529d4ff230:   000001b500000000 0000000000000000
0x000000529d4ff240:   ffffffffc2f11148 00007ffec4a734da
0x000000529d4ff250:   0000000000000000 000001b5be8cc9f8
0x000000529d4ff260:   000000000000ca00 0000000000000039
0x000000529d4ff270:   000001b5c23959d0 000001b5be8ccbe0
0x000000529d4ff280:   000001b5bd907850 000001b5be8cc800
0x000000529d4ff290:   000001b5bd907850 000001b5be8cc800
0x000000529d4ff2a0:   00000000000000ca 000000000000ca00
0x000000529d4ff2b0:   000001b5be8cc800 000001b5bd907850
0x000000529d4ff2c0:   0000000000000000 00000000000000ca 

Instructions: (pc=0x000000007631227e)
0x000000007631225e:   cc cc 48 89 11 c3 cc cc cc cc cc cc cc cc cc cc
0x000000007631226e:   cc cc 40 53 48 83 ec 20 4c 8b c9 48 85 c9 74 50
0x000000007631227e:   48 8b 19 48 85 db 74 48 48 8b 43 08 48 8b 50 08
0x000000007631228e:   48 8b 42 18 48 85 c0 74 37 48 8b 80 90 00 00 00 


Register to memory mapping:

RAX=0x000000529d4ff201 is pointing into the stack for thread: 0x000001b5be8cc800
RBX=0x000001b5be8cc800 is a thread
RCX=0xffffffffc2f11148 is an unknown value
RDX=0x000001b5be8cc800 is a thread
RSP=0x000000529d4ff1d0 is pointing into the stack for thread: 0x000001b5be8cc800
RBP=0xffffffffc2f11148 is an unknown value
RSI=0x000001b5a7bdae10 is an unknown value
RDI=0x000000529d4ff2f0 is pointing into the stack for thread: 0x000001b5be8cc800
R8 =0x000000529d4ff2f0 is pointing into the stack for thread: 0x000001b5be8cc800
R9 =0xffffffffc2f11148 is an unknown value
R10=0x0000000000000000 is an unknown value
R11=0x000000529d4fee01 is pointing into the stack for thread: 0x000001b5be8cc800
R12=0x000001b5c23959d0 is an unknown value
R13=0x000000000000017f is an unknown value
R14=0x00007ffec4a79c68 is an unknown value
R15=0x00007ffec4a79a60 is an unknown value


Stack: [0x000000529d400000,0x000000529d500000],  sp=0x000000529d4ff1d0,  free space=1020k
Native frames: (J=compiled Java code, j=interpreted, Vv=VM code, C=native code)
V  [jvm.dll+0x14227e]
V  [jvm.dll+0x34bd1d]
C  [profilerinterface.dll+0x34da]
C  0x000001b5a9669f4e

Java frames: (J=compiled Java code, j=interpreted, Vv=VM code)
j  org.netbeans.lib.profiler.server.system.Stacks.getMethodNamesForJMethodIds(I[I[I)[B+0
j  org.netbeans.lib.profiler.server.ProfilerInterface.getMethodNamesForJMethodIds([I)Lorg/netbeans/lib/profiler/wireprotocol/MethodNamesResponse;+20
j  org.netbeans.lib.profiler.server.ProfilerServer.handleClientCommand(Lorg/netbeans/lib/profiler/wireprotocol/Command;)V+691
j  org.netbeans.lib.profiler.server.ProfilerServer.listenToClient()V+48
j  org.netbeans.lib.profiler.server.ProfilerServer.run()V+22
v  ~StubRoutines::call_stub

---------------  P R O C E S S  ---------------

Java Threads: ( => current thread )
  0x000001b5c11b2000 JavaThread "TimerQueue" daemon [_thread_blocked, id=16644, stack(0x000000529e600000,0x000000529e700000)]
  0x000001b5c0c12800 JavaThread "Image Fetcher 0" daemon [_thread_blocked, id=16564, stack(0x000000529e200000,0x000000529e300000)]
  0x000001b5a7be2000 JavaThread "DestroyJavaVM" [_thread_blocked, id=11200, stack(0x000000529c500000,0x000000529c600000)]
  0x000001b5c014b000 JavaThread "AWT-EventQueue-0" [_thread_blocked, id=8964, stack(0x000000529e100000,0x000000529e200000)]
  0x000001b5c0bff800 JavaThread "AWT-Windows" daemon [_thread_in_native, id=17440, stack(0x000000529e000000,0x000000529e100000)]
  0x000001b5c0bfe800 JavaThread "AWT-Shutdown" [_thread_blocked, id=14188, stack(0x000000529df00000,0x000000529e000000)]
  0x000001b5c0bfd000 JavaThread "Java2D Disposer" daemon [_thread_blocked, id=4280, stack(0x000000529de00000,0x000000529df00000)]
  0x000001b5c008b000 JavaThread "Service Thread" daemon [_thread_blocked, id=21492, stack(0x000000529dc00000,0x000000529dd00000)]
  0x000001b5c01cd000 JavaThread "C1 CompilerThread3" daemon [_thread_blocked, id=1688, stack(0x000000529db00000,0x000000529dc00000)]
  0x000001b5c01ce800 JavaThread "C2 CompilerThread2" daemon [_thread_blocked, id=20892, stack(0x000000529da00000,0x000000529db00000)]
  0x000001b5c01d1800 JavaThread "C2 CompilerThread1" daemon [_thread_blocked, id=12516, stack(0x000000529d900000,0x000000529da00000)]
  0x000001b5c02f4800 JavaThread "C2 CompilerThread0" daemon [_thread_blocked, id=19020, stack(0x000000529d700000,0x000000529d800000)]
  0x000001b5c0083000 JavaThread "*** Profiler Agent Special Execution Thread 10" daemon [_thread_blocked, id=6512, stack(0x000000529d800000,0x000000529d900000)]
  0x000001b5bffcb800 JavaThread "*** Profiler Agent Special Execution Thread 6" daemon [_thread_blocked, id=19560, stack(0x000000529d600000,0x000000529d700000)]
  0x000001b5bffc8800 JavaThread "*** JFluid Monitor thread ***" daemon [_thread_blocked, id=4104, stack(0x000000529d500000,0x000000529d600000)]
=>0x000001b5be8cc800 JavaThread "*** Profiler Agent Communication Thread" daemon [_thread_in_vm, id=648, stack(0x000000529d400000,0x000000529d500000)]
  0x000001b5be864800 JavaThread "Attach Listener" daemon [_thread_blocked, id=2624, stack(0x000000529d300000,0x000000529d400000)]
  0x000001b5be863800 JavaThread "Signal Dispatcher" daemon [_thread_blocked, id=15800, stack(0x000000529d200000,0x000000529d300000)]
  0x000001b5be83d000 JavaThread "Finalizer" daemon [_thread_blocked, id=1088, stack(0x000000529d000000,0x000000529d100000)]
  0x000001b5be83a000 JavaThread "Reference Handler" daemon [_thread_blocked, id=12644, stack(0x000000529cf00000,0x000000529d000000)]

Other Threads:
  0x000001b5be812800 VMThread [stack: 0x000000529ce00000,0x000000529cf00000] [id=18944]
  0x000001b5c023e000 WatcherThread [stack: 0x000000529dd00000,0x000000529de00000] [id=5248]

VM state:synchronizing (normal execution)

VM Mutex/Monitor currently owned by a thread:  ([mutex/lock_event])
[0x000001b5a7bde960] Threads_lock - owner thread: 0x000001b5be812800

heap address: 0x0000000082800000, size: 2008 MB, Compressed Oops mode: 32-bit
Narrow klass base: 0x0000000000000000, Narrow klass shift: 3
Compressed class space size: 1073741824 Address: 0x0000000100000000

Heap:
 PSYoungGen      total 37888K, used 9340K [0x00000000d6300000, 0x00000000dad00000, 0x0000000100000000)
  eden space 32768K, 15% used [0x00000000d6300000,0x00000000d67ea2a8,0x00000000d8300000)
  from space 5120K, 84% used [0x00000000d8300000,0x00000000d8734fb0,0x00000000d8800000)
  to   space 5120K, 0% used [0x00000000da800000,0x00000000da800000,0x00000000dad00000)
 ParOldGen       total 86016K, used 40336K [0x0000000082800000, 0x0000000087c00000, 0x00000000d6300000)
  object space 86016K, 46% used [0x0000000082800000,0x0000000084f64070,0x0000000087c00000)
 Metaspace       used 15505K, capacity 15764K, committed 15872K, reserved 1062912K
  class space    used 1949K, capacity 2030K, committed 2048K, reserved 1048576K

Card table byte_map: [0x000001b5b8a10000,0x000001b5b8e00000] byte_map_base: 0x000001b5b85fc000

Marking Bits: (ParMarkBitMap*) 0x00000000769c4fb0
 Begin Bits: [0x000001b5b90a0000, 0x000001b5bb000000)
 End Bits:   [0x000001b5bb000000, 0x000001b5bcf60000)

Polling page: 0x000001b5a7d60000

CodeCache: size=245760Kb used=2463Kb max_used=2463Kb free=243296Kb
 bounds [0x000001b5a9650000, 0x000001b5a98c0000, 0x000001b5b8650000]
 total_blobs=1148 nmethods=603 adapters=458
 compilation: enabled

Compilation events (10 events):
Event: 1.586 Thread 0x000001b5c01cd000  596       3       java.awt.Component::inside (30 bytes)
Event: 1.586 Thread 0x000001b5c01cd000 nmethod 596 0x000001b5a98b7150 code [0x000001b5a98b72c0, 0x000001b5a98b7538]
Event: 1.586 Thread 0x000001b5c01cd000  597       3       javax.swing.JComponent::contains (27 bytes)
Event: 1.586 Thread 0x000001b5c01cd000 nmethod 597 0x000001b5a98b75d0 code [0x000001b5a98b7760, 0x000001b5a98b7e38]
Event: 1.598 Thread 0x000001b5c01cd000  598       3       java.awt.Component::isLightweight (8 bytes)
Event: 1.598 Thread 0x000001b5c01cd000 nmethod 598 0x000001b5a98b7fd0 code [0x000001b5a98b8140, 0x000001b5a98b8438]
Event: 1.620 Thread 0x000001b5c01cd000  599       3       org.netbeans.lib.profiler.server.ProfilerRuntimeSampler$Sampling::writeThreadInfoNoChange (86 bytes)
Event: 1.621 Thread 0x000001b5c01cd000 nmethod 599 0x000001b5a98b84d0 code [0x000001b5a98b8660, 0x000001b5a98b8a30]
Event: 1.626 Thread 0x000001b5c01cd000  600       3       sun.awt.AWTAutoShutdown::getInstance (4 bytes)
Event: 1.626 Thread 0x000001b5c01cd000 nmethod 600 0x000001b5a98b8c10 code [0x000001b5a98b8d60, 0x000001b5a98b8e98]

GC Heap History (2 events):
Event: 1.483 GC heap before
{Heap before GC invocations=1 (full 0):
 PSYoungGen      total 37888K, used 32768K [0x00000000d6300000, 0x00000000d8d00000, 0x0000000100000000)
  eden space 32768K, 100% used [0x00000000d6300000,0x00000000d8300000,0x00000000d8300000)
  from space 5120K, 0% used [0x00000000d8800000,0x00000000d8800000,0x00000000d8d00000)
  to   space 5120K, 0% used [0x00000000d8300000,0x00000000d8300000,0x00000000d8800000)
 ParOldGen       total 86016K, used 0K [0x0000000082800000, 0x0000000087c00000, 0x00000000d6300000)
  object space 86016K, 0% used [0x0000000082800000,0x0000000082800000,0x0000000087c00000)
 Metaspace       used 15429K, capacity 15700K, committed 15872K, reserved 1062912K
  class space    used 1938K, capacity 2030K, committed 2048K, reserved 1048576K
Event: 1.512 GC heap after
Heap after GC invocations=1 (full 0):
 PSYoungGen      total 37888K, used 4307K [0x00000000d6300000, 0x00000000dad00000, 0x0000000100000000)
  eden space 32768K, 0% used [0x00000000d6300000,0x00000000d6300000,0x00000000d8300000)
  from space 5120K, 84% used [0x00000000d8300000,0x00000000d8734fb0,0x00000000d8800000)
  to   space 5120K, 0% used [0x00000000da800000,0x00000000da800000,0x00000000dad00000)
 ParOldGen       total 86016K, used 40336K [0x0000000082800000, 0x0000000087c00000, 0x00000000d6300000)
  object space 86016K, 46% used [0x0000000082800000,0x0000000084f64070,0x0000000087c00000)
 Metaspace       used 15429K, capacity 15700K, committed 15872K, reserved 1062912K
  class space    used 1938K, capacity 2030K, committed 2048K, reserved 1048576K
}

Deoptimization events (3 events):
Event: 1.041 Thread 0x000001b5c014b000 Uncommon trap: reason=unstable_if action=reinterpret pc=0x000001b5a97f41a0 method=java.lang.AbstractStringBuilder.append(Ljava/lang/String;)Ljava/lang/AbstractStringBuilder; @ 1
Event: 1.041 Thread 0x000001b5c014b000 Uncommon trap: reason=unstable_if action=reinterpret pc=0x000001b5a97ef89c method=java.lang.AbstractStringBuilder.append(Ljava/lang/String;)Ljava/lang/AbstractStringBuilder; @ 1
Event: 1.135 Thread 0x000001b5c0c12800 Uncommon trap: reason=unstable_if action=reinterpret pc=0x000001b5a9874c18 method=sun.awt.image.ImageRepresentation.getOpaqueRGBImage()Ljava/awt/image/BufferedImage; @ 57

Classes redefined (0 events):
No events

Internal exceptions (10 events):
Event: 1.008 Thread 0x000001b5a7be2000 Exception <a 'java/lang/ClassNotFoundException': javax/swing/JToolBarSeparator> (0x00000000d6e95f30) thrown at [C:\jenkins\workspace\8-2-build-windows-amd64-cygwin\jdk8u261\295\hotspot\src\share\vm\classfile\systemDictionary.cpp, line 210]
Event: 1.008 Thread 0x000001b5a7be2000 Exception <a 'java/lang/ClassNotFoundException': ToolBarSeparator> (0x00000000d6e963c8) thrown at [C:\jenkins\workspace\8-2-build-windows-amd64-cygwin\jdk8u261\295\hotspot\src\share\vm\classfile\systemDictionary.cpp, line 210]
Event: 1.008 Thread 0x000001b5a7be2000 Exception <a 'java/lang/ClassNotFoundException': ToolTip> (0x00000000d6e96b08) thrown at [C:\jenkins\workspace\8-2-build-windows-amd64-cygwin\jdk8u261\295\hotspot\src\share\vm\classfile\systemDictionary.cpp, line 210]
Event: 1.009 Thread 0x000001b5a7be2000 Exception <a 'java/lang/ClassNotFoundException': Tree> (0x00000000d6e97728) thrown at [C:\jenkins\workspace\8-2-build-windows-amd64-cygwin\jdk8u261\295\hotspot\src\share\vm\classfile\systemDictionary.cpp, line 210]
Event: 1.009 Thread 0x000001b5a7be2000 Exception <a 'java/lang/ClassNotFoundException': Tree> (0x00000000d6e97e68) thrown at [C:\jenkins\workspace\8-2-build-windows-amd64-cygwin\jdk8u261\295\hotspot\src\share\vm\classfile\systemDictionary.cpp, line 210]
Event: 1.009 Thread 0x000001b5a7be2000 Exception <a 'java/lang/ClassNotFoundException': javax/swing/JTreeCell> (0x00000000d6e981e8) thrown at [C:\jenkins\workspace\8-2-build-windows-amd64-cygwin\jdk8u261\295\hotspot\src\share\vm\classfile\systemDictionary.cpp, line 210]
Event: 1.009 Thread 0x000001b5a7be2000 Exception <a 'java/lang/ClassNotFoundException': TreeCell> (0x00000000d6e98670) thrown at [C:\jenkins\workspace\8-2-build-windows-amd64-cygwin\jdk8u261\295\hotspot\src\share\vm\classfile\systemDictionary.cpp, line 210]
Event: 1.009 Thread 0x000001b5a7be2000 Exception <a 'java/lang/ClassNotFoundException': RootPane> (0x00000000d6e990d0) thrown at [C:\jenkins\workspace\8-2-build-windows-amd64-cygwin\jdk8u261\295\hotspot\src\share\vm\classfile\systemDictionary.cpp, line 210]
Event: 1.041 Thread 0x000001b5c014b000 Implicit null exception at 0x000001b5a97f3dd6 to 0x000001b5a97f4189
Event: 1.041 Thread 0x000001b5c014b000 Implicit null exception at 0x000001b5a97ef4d6 to 0x000001b5a97ef885

Events (10 events):
Event: 1.773 Executing VM operation: GetAllStackTraces
Event: 1.773 Executing VM operation: GetAllStackTraces done
Event: 1.788 Executing VM operation: GetAllStackTraces
Event: 1.789 Executing VM operation: GetAllStackTraces done
Event: 1.789 loading class org/netbeans/lib/profiler/wireprotocol/EventBufferDumpedCommand
Event: 1.790 loading class org/netbeans/lib/profiler/wireprotocol/EventBufferDumpedCommand done
Event: 1.800 loading class org/netbeans/lib/profiler/wireprotocol/DumpResultsResponse
Event: 1.800 loading class org/netbeans/lib/profiler/wireprotocol/DumpResultsResponse done
Event: 1.801 loading class org/netbeans/lib/profiler/wireprotocol/GetMethodNamesForJMethodIdsCommand
Event: 1.801 loading class org/netbeans/lib/profiler/wireprotocol/GetMethodNamesForJMethodIdsCommand done


Dynamic libraries:
0x00007ff733cf0000 - 0x00007ff733d37000 	C:\Program Files\Java\jdk1.8.0_261\bin\java.exe
0x00007ffef9530000 - 0x00007ffef9725000 	C:\Windows\SYSTEM32\ntdll.dll
0x00007ffef8c80000 - 0x00007ffef8d3d000 	C:\Windows\System32\KERNEL32.DLL
0x00007ffef6f10000 - 0x00007ffef71d8000 	C:\Windows\System32\KERNELBASE.dll
0x00007ffef8d50000 - 0x00007ffef8dfc000 	C:\Windows\System32\ADVAPI32.dll
0x00007ffef75a0000 - 0x00007ffef763e000 	C:\Windows\System32\msvcrt.dll
0x00007ffef8fa0000 - 0x00007ffef903b000 	C:\Windows\System32\sechost.dll
0x00007ffef9040000 - 0x00007ffef916b000 	C:\Windows\System32\RPCRT4.dll
0x00007ffef8e00000 - 0x00007ffef8fa0000 	C:\Windows\System32\USER32.dll
0x00007ffef7490000 - 0x00007ffef74b2000 	C:\Windows\System32\win32u.dll
0x00007ffef7710000 - 0x00007ffef773a000 	C:\Windows\System32\GDI32.dll
0x00007ffef7380000 - 0x00007ffef748b000 	C:\Windows\System32\gdi32full.dll
0x00007ffef72e0000 - 0x00007ffef737d000 	C:\Windows\System32\msvcp_win.dll
0x00007ffef71e0000 - 0x00007ffef72e0000 	C:\Windows\System32\ucrtbase.dll
0x00007ffee39d0000 - 0x00007ffee3c6a000 	C:\Windows\WinSxS\amd64_microsoft.windows.common-controls_6595b64144ccf1df_6.0.19041.1052_none_60b8f8fd71f5e8cb\COMCTL32.dll
0x00007ffef82b0000 - 0x00007ffef82e0000 	C:\Windows\System32\IMM32.DLL
0x00007ffede850000 - 0x00007ffede865000 	C:\Program Files\Java\jdk1.8.0_261\jre\bin\vcruntime140.dll
0x00007ffeafb50000 - 0x00007ffeafbeb000 	C:\Program Files\Java\jdk1.8.0_261\jre\bin\msvcp140.dll
0x00000000761d0000 - 0x0000000076a3c000 	C:\Program Files\Java\jdk1.8.0_261\jre\bin\server\jvm.dll
0x00007ffef9180000 - 0x00007ffef9188000 	C:\Windows\System32\PSAPI.DLL
0x00007ffedfb40000 - 0x00007ffedfb49000 	C:\Windows\SYSTEM32\WSOCK32.dll
0x00007ffef8240000 - 0x00007ffef82ab000 	C:\Windows\System32\WS2_32.dll
0x00007ffee5f50000 - 0x00007ffee5f77000 	C:\Windows\SYSTEM32\WINMM.dll
0x00007ffef0b30000 - 0x00007ffef0b3a000 	C:\Windows\SYSTEM32\VERSION.dll
0x00007ffef4da0000 - 0x00007ffef4db2000 	C:\Windows\SYSTEM32\kernel.appcore.dll
0x00007ffef2430000 - 0x00007ffef2440000 	C:\Program Files\Java\jdk1.8.0_261\jre\bin\verify.dll
0x00007ffecb340000 - 0x00007ffecb36b000 	C:\Program Files\Java\jdk1.8.0_261\jre\bin\java.dll
0x00007ffec4a70000 - 0x00007ffec4a7f000 	C:\Program Files\NetBeans 8.2\profiler\lib\deployed\jdk16\windows-amd64\profilerinterface.dll
0x00007ffed40f0000 - 0x00007ffed4108000 	C:\Program Files\Java\jdk1.8.0_261\jre\bin\zip.dll
0x00007ffef83c0000 - 0x00007ffef8aff000 	C:\Windows\System32\SHELL32.dll
0x00007ffef4dc0000 - 0x00007ffef5550000 	C:\Windows\SYSTEM32\windows.storage.dll
0x00007ffef9190000 - 0x00007ffef94e5000 	C:\Windows\System32\combase.dll
0x00007ffef66e0000 - 0x00007ffef670c000 	C:\Windows\SYSTEM32\Wldp.dll
0x00007ffef8110000 - 0x00007ffef81be000 	C:\Windows\System32\SHCORE.dll
0x00007ffef81c0000 - 0x00007ffef8215000 	C:\Windows\System32\shlwapi.dll
0x00007ffef6bb0000 - 0x00007ffef6bcf000 	C:\Windows\SYSTEM32\profapi.dll
0x00007ffecf6c0000 - 0x00007ffecf6dc000 	C:\Program Files\Java\jdk1.8.0_261\jre\bin\net.dll
0x00007ffef6450000 - 0x00007ffef64ba000 	C:\Windows\system32\mswsock.dll
0x00007ffeee7c0000 - 0x00007ffeee7cd000 	C:\Program Files\Java\jdk1.8.0_261\jre\bin\management.dll
0x00007ffecb550000 - 0x00007ffecb563000 	C:\Program Files\Java\jdk1.8.0_261\jre\bin\nio.dll
0x00007ffef6620000 - 0x00007ffef6638000 	C:\Windows\SYSTEM32\CRYPTSP.dll
0x00007ffef5d80000 - 0x00007ffef5db4000 	C:\Windows\system32\rsaenh.dll
0x00007ffef7520000 - 0x00007ffef7547000 	C:\Windows\System32\bcrypt.dll
0x00007ffef6b30000 - 0x00007ffef6b5e000 	C:\Windows\SYSTEM32\USERENV.dll
0x00007ffef6c70000 - 0x00007ffef6cf3000 	C:\Windows\System32\bcryptprimitives.dll
0x00007ffef6640000 - 0x00007ffef664c000 	C:\Windows\SYSTEM32\CRYPTBASE.dll
0x00007ffef60f0000 - 0x00007ffef612b000 	C:\Windows\SYSTEM32\IPHLPAPI.DLL
0x00007ffef8d40000 - 0x00007ffef8d48000 	C:\Windows\System32\NSI.dll
0x00007ffeef250000 - 0x00007ffeef267000 	C:\Windows\SYSTEM32\dhcpcsvc6.DLL
0x00007ffeefb00000 - 0x00007ffeefb1d000 	C:\Windows\SYSTEM32\dhcpcsvc.DLL
0x00007ffef6130000 - 0x00007ffef61fc000 	C:\Windows\SYSTEM32\DNSAPI.dll
0x00007ffea3e60000 - 0x00007ffea3ff4000 	C:\Program Files\Java\jdk1.8.0_261\jre\bin\awt.dll
0x00007ffef7640000 - 0x00007ffef770d000 	C:\Windows\System32\OLEAUT32.dll
0x00007ffef4180000 - 0x00007ffef4210000 	C:\Windows\SYSTEM32\apphelp.dll
0x00007ffef4340000 - 0x00007ffef43de000 	C:\Windows\system32\uxtheme.dll
0x00007ffef8b00000 - 0x00007ffef8c15000 	C:\Windows\System32\MSCTF.dll
0x00007ffef7bb0000 - 0x00007ffef7cda000 	C:\Windows\System32\ole32.dll
0x00007ffef47e0000 - 0x00007ffef480f000 	C:\Windows\system32\DWMAPI.DLL
0x00007ffebcef0000 - 0x00007ffebcf39000 	C:\Program Files\Java\jdk1.8.0_261\jre\bin\fontmanager.dll
0x00007ffed3d70000 - 0x00007ffed3e96000 	C:\Windows\system32\opengl32.dll
0x00007ffee50a0000 - 0x00007ffee50cc000 	C:\Windows\SYSTEM32\GLU32.dll
0x00007ffef8000000 - 0x00007ffef80a9000 	C:\Windows\System32\clbcatq.dll
0x00007ffeedf90000 - 0x00007ffeee144000 	C:\Windows\SYSTEM32\WindowsCodecs.dll
0x00007ffedcdf0000 - 0x00007ffedce2e000 	C:\Windows\system32\dataexchange.dll
0x00007ffef2750000 - 0x00007ffef29b4000 	C:\Windows\system32\d3d11.dll
0x00007ffef3680000 - 0x00007ffef3866000 	C:\Windows\system32\dcomp.dll
0x00007ffef55b0000 - 0x00007ffef56a4000 	C:\Windows\system32\dxgi.dll
0x00007ffeee420000 - 0x00007ffeee621000 	C:\Windows\system32\twinapi.appcore.dll
0x00007ffeb4010000 - 0x00007ffeb4053000 	C:\Program Files\Java\jdk1.8.0_261\jre\bin\t2k.dll
0x00007ffec4490000 - 0x00007ffec4589000 	C:\Windows\SYSTEM32\textinputframework.dll
0x00007ffef3d20000 - 0x00007ffef407e000 	C:\Windows\System32\CoreUIComponents.dll
0x00007ffef3bf0000 - 0x00007ffef3ce2000 	C:\Windows\System32\CoreMessaging.dll
0x00007ffef59b0000 - 0x00007ffef59e3000 	C:\Windows\SYSTEM32\ntmarta.dll
0x00007ffef3520000 - 0x00007ffef3674000 	C:\Windows\SYSTEM32\wintypes.dll
0x00007ffec9d50000 - 0x00007ffec9d7a000 	C:\Program Files\Java\jdk1.8.0_261\jre\bin\dcpr.dll
0x00007ffef4520000 - 0x00007ffef4704000 	C:\Windows\SYSTEM32\dbghelp.dll

VM Arguments:
jvm_args: -Dfile.encoding=UTF-8 -agentpath:C:/Program Files/NetBeans 8.2/profiler/lib/deployed/jdk16/windows-amd64/profilerinterface.dll=C:\Program Files\NetBeans 8.2\profiler\lib,5140,10 -XX:+HeapDumpOnOutOfMemoryError -XX:HeapDumpPath=C:\Users\akhma\OneDrive\Documents\TEL-U\Software Engineering\SEMESTER 4\KPL\KPL_Anti-Nganggur_Kelompok5\ANTI-NGANGGUR_5\nbproject\private\profiler 
java_command: anti.nganggur.Login
java_class_path (initial): C:\Program Files\NetBeans 8.2\ide\modules\ext\mysql-connector-java-5.1.23-bin.jar;C:\Program Files\NetBeans 8.2\java\modules\ext\AbsoluteLayout.jar;C:\Users\akhma\OneDrive\Documents\TEL-U\Software Engineering\SEMESTER 4\KPL\KPL_Anti-Nganggur_Kelompok5\ANTI-NGANGGUR_5\build\classes
Launcher Type: SUN_STANDARD

Environment Variables:
PATH=C:\app\akhma\product\11.2.0\dbhome_1\bin;C:\Program Files (x86)\Common Files\Oracle\Java\javapath;C:\Program Files (x86)\Common Files\Intel\Shared Libraries\redist\intel64\compiler;C:\Windows\system32;C:\Windows;C:\Windows\System32\Wbem;C:\Windows\System32\WindowsPowerShell\v1.0\;C:\Windows\System32\OpenSSH\;C:\Program Files (x86)\NVIDIA Corporation\PhysX\Common;C:\Program Files\NVIDIA Corporation\NVIDIA NvDLISR;C:\Go\bin;C:\Program Files\dotnet\;C:\Program Files\Git\cmd;C:\Users\akhma\AppData\Local\Microsoft\WindowsApps;C:\Users\akhma\go\bin;C:\Users\akhma\AppData\Local\Programs\Microsoft VS Code\bin;C:\Users\akhma\.dotnet\tools;C:\Users\akhma\AppData\Local\GitHubDesktop\bin;C:\Users\akhma\AppData\Local\atom\bin
USERNAME=akhma
OS=Windows_NT
PROCESSOR_IDENTIFIER=Intel64 Family 6 Model 165 Stepping 2, GenuineIntel



---------------  S Y S T E M  ---------------

OS: Windows 10.0 , 64 bit Build 19041 (10.0.19041.1023)

CPU:total 8 (initial active 8) (4 cores per cpu, 2 threads per core) family 6 model 165 stepping 2, cmov, cx8, fxsr, mmx, sse, sse2, sse3, ssse3, sse4.1, sse4.2, popcnt, avx, avx2, aes, clmul, erms, 3dnowpref, lzcnt, ht, tsc, tscinvbit, bmi1, bmi2, adx

Memory: 4k page, physical 8221732k(1141604k free), swap 29193252k(8028296k free)

vm_info: Java HotSpot(TM) 64-Bit Server VM (25.261-b12) for windows-amd64 JRE (1.8.0_261-b12), built on Jun 18 2020 06:56:32 by "" with unknown MS VC++:1916

time: Sat Jul  3 00:38:58 2021
timezone: SE Asia Standard Time
elapsed time: 1 seconds (0d 0h 0m 1s)

